

Microchip Technology PIC LITE Macro Assembler V1.21 build 54009 
                                                                                               Mon Jan 13 08:12:12 2014

Microchip Technology Omniscient Code Generator (Lite mode) build 54009
     1                           	processor	10F200
     2                           	opt	pw 120
     3                           	opt	lm
     4                           	psect	maintext,global,class=CODE,split=1,delta=2
     5                           	psect	cinit,global,class=ENTRY,merge=1,delta=2
     6                           	psect	cstackCOMMON,global,class=COMMON,space=1,delta=1
     7                           	psect	cstackBANK0,global,class=BANK0,space=1,delta=1
     8                           	dabs	1,0x1C,4
     9  0000                     	;# 
    10  0001                     	;# 
    11  0002                     	;# 
    12  0003                     	;# 
    13  0004                     	;# 
    14  0005                     	;# 
    15  0006                     	;# 
    16  0006                     _GPIO	set	6
    17  0006                     _GPIObits	set	6
    18                           
    19                           	psect	maintext
    20  005                     __pmaintext:	
    21                           
    22 ;;
    23 ;;Main: autosize = 0, tempsize = 0, incstack = 0, save=0
    24 ;;
    25 ;; *************** function _main *****************
    26 ;; Defined at:
    27 ;;		line 9 in file "C:\Users\FMV\Dropbox\PIC-project\PIC_XC8\pic10f200\LED\LED.c"
    28 ;; Parameters:    Size  Location     Type
    29 ;;		None
    30 ;; Auto vars:     Size  Location     Type
    31 ;;  i               2    0[BANK0 ] int 
    32 ;; Return value:  Size  Location     Type
    33 ;;                  2    6[BANK0 ] int 
    34 ;; Registers used:
    35 ;;		wreg, fsr0l, fsr0h, status,2, status,0, btemp+0, btemp+2, btemp+3
    36 ;; Tracked objects:
    37 ;;		On entry : 17F/0
    38 ;;		On exit  : 0/0
    39 ;;		Unchanged: 0/0
    40 ;; Data sizes:     COMMON   BANK0
    41 ;;      Params:         0       0
    42 ;;      Locals:         0       2
    43 ;;      Temps:          0       0
    44 ;;      Totals:         0       2
    45 ;;Total ram usage:        2 bytes
    46 ;; This function calls:
    47 ;;		Nothing
    48 ;; This function is called by:
    49 ;;		Startup code after reset
    50 ;; This function uses a non-reentrant model
    51 ;;
    52  005                     _main:	
    53                           
    54                           ;LED.c: 11: int i = 0;
    55                           
    56                           ;incstack = 0
    57                           ; Regs used in _main: [wreg-fsr0h+status,2-btemp+0+btemp+2+btemp+3]
    58  005  070                	clrf	main@i
    59  006  071                	clrf	main@i+1
    60                           
    61                           ;LED.c: 19: GPIO = 0;
    62  007  066                	clrf	6	;volatile
    63  008                     l405:	
    64                           ;LED.c: 21: while(1)
    65                           
    66                           
    67                           ;LED.c: 22: {
    68                           ;LED.c: 24: GPIObits.GP0 ^= 1;
    69  008  206                	movf	6,w	;volatile
    70  009  E01                	andlw	1
    71  00A  03F                	movwf	31
    72  00B  C01                	movlw	1
    73  00C  1BF                	xorwf	31,f
    74  00D  206                	movf	6,w	;volatile
    75  00E  19F                	xorwf	31,w
    76  00F  EFE                	andlw	-2
    77  010  19F                	xorwf	31,w
    78  011  026                	movwf	6	;volatile
    79                           
    80                           ;LED.c: 26: for(i=0;i<1000;i++);
    81  012  070                	clrf	main@i
    82  013  071                	clrf	main@i+1
    83  014                     L1:	
    84  014  211                	movf	main@i+1,w
    85  015  03F                	movwf	31
    86  016  210                	movf	main@i,w
    87  017  03E                	movwf	30
    88  018  21F                	movf	31,w
    89  019  F80                	xorlw	128
    90  01A  03C                	movwf	28
    91  01B  C83                	movlw	131
    92  01C  09C                	subwf	28,w
    93  01D  743                	skipz
    94  01E  A21                	goto	u35
    95  01F  CE8                	movlw	232
    96  020  09E                	subwf	30,w
    97  021                     u35:	
    98  021  603                	btfsc	3,0
    99  022  A08                	goto	l405
   100  023  C01                	movlw	1
   101  024  03E                	movwf	30
   102  025  07F                	clrf	31
   103  026  21E                	movf	30,w
   104  027  1F0                	addwf	main@i,f
   105  028  603                	skipnc
   106  029  2B1                	incf	main@i+1,f
   107  02A  21F                	movf	31,w
   108  02B  1F1                	addwf	main@i+1,f
   109  02C  A14                	goto	L1
   110  02D                     __end_of_main:	
   111                           ;LED.c: 27: }
   112                           ;LED.c: 29: return (0);
   113                           ;	Return value of _main is never used
   114                           
   115  001C                     btemp	set	28	;btemp
   116  001C                     wtemp0	set	28
   117  001E                     wtemp1	set	30
   118  0020                     wtemp2	set	32
   119  0022                     wtemp3	set	34
   120  001C                     ttemp0	set	28
   121  001F                     ttemp1	set	31
   122  001C                     ltemp0	set	28
   123  0020                     ltemp1	set	32
   124                           
   125                           	psect	cinit
   126  003                     start_initialization:	
   127                           ;psect for function _main
   128                           ; #config settings
   129                           
   130  003                     __initialization:	
   131  003                     end_of_initialization:	
   132                           ;End of C runtime variable initialization code
   133                           
   134  003                     __end_of__initialization:	
   135  003  064                	clrf	4
   136  004  A05                	ljmp	_main	;jump to C main() function
   137                           
   138                           	psect	cstackCOMMON
   139  000                     __pcstackCOMMON:	
   140  000                     ??_main:	
   141                           
   142                           	psect	cstackBANK0
   143  010                     __pcstackBANK0:	
   144                           ; 0 bytes @ 0x0
   145                           
   146  010                     ?_main:	
   147  010                     main@i:	
   148                           ; 2 bytes @ 0x0
   149                           
   150                           
   151                           ; 2 bytes @ 0x0
   152  010                     	ds	2


Data Sizes:
    Strings     0
    Constant    0
    Data        0
    BSS         0
    Persistent  0
    Stack       0

Auto Spaces:
    Space          Size  Autos    Used
    COMMON            0      0       0
    BANK0            14      2       2

Pointer List with Targets:

    None.

Critical Paths under _main in COMMON

    None.

Critical Paths under _main in BANK0

    None.

Call Graph Tables:

 ---------------------------------------------------------------------------------
 (Depth) Function   	        Calls       Base Space   Used Autos Params    Refs
 ---------------------------------------------------------------------------------
 (0) _main                                                 2     2      0      47
                                              0 BANK0      2     2      0
 ---------------------------------------------------------------------------------
 Estimated maximum stack depth 0
 ---------------------------------------------------------------------------------

 Call Graph Graphs:

 _main (ROOT)

 Address spaces:
Name               Size   Autos  Total    Cost      Usage
STACK                0      0       0       0        0.0%
NULL                 0      0       0       0        0.0%
CODE                 0      0       0       0        0.0%
BITSFR0              0      0       0       1        0.0%
SFR0                 0      0       0       1        0.0%
DATA                 0      0       0       1        0.0%
BITCOMMON            0      0       0       2        0.0%
BITBANK0             E      0       0       3        0.0%
COMMON               0      0       0       4        0.0%
BANK0                E      2       2       5       14.3%
ABS                  0      0       0       6        0.0%


Microchip Technology PIC Macro Assembler V1.21 build 54009 
Symbol Table                                                                                   Mon Jan 13 08:12:12 2014

                     u35 0021                       fsr 0004                      l405 0008  
                   _GPIO 0006                     _main 0005                     btemp 001C  
                   start 0002                    ?_main 0010                    main@i 0010  
                  ltemp0 001C                    ltemp1 0020                    ttemp0 001C  
                  ttemp1 001F                    wtemp0 001C                    wtemp1 001E  
                  wtemp2 0020                    wtemp3 0022          __initialization 0003  
           __end_of_main 002D                   ??_main 0000  __end_of__initialization 0003  
         __pcstackCOMMON 0000               __pmaintext 0005     end_of_initialization 0003  
    start_initialization 0003            __pcstackBANK0 0010                 _GPIObits 0006  
          __size_of_main 0028  
