

Microchip Technology PIC LITE Macro Assembler V1.21 build 54009 
                                                                                               Mon Jan 13 07:59:37 2014

Microchip Technology Omniscient Code Generator (Lite mode) build 54009
     1                           	processor	16F877A
     2                           	opt	pw 120
     3                           	opt	lm
     4                           	psect	text0,local,class=CODE,merge=1,delta=2
     5                           	psect	cinit,global,class=CODE,merge=1,delta=2
     6                           	psect	cstackCOMMON,global,class=COMMON,space=1,delta=1
     7                           	psect	maintext,global,class=CODE,split=1,delta=2
     8                           	psect	text1,local,class=CODE,merge=1,delta=2
     9                           	dabs	1,0x7E,2
    10  0000                     	;# 
    11  0001                     	;# 
    12  0002                     	;# 
    13  0003                     	;# 
    14  0004                     	;# 
    15  0005                     	;# 
    16  0006                     	;# 
    17  0007                     	;# 
    18  0008                     	;# 
    19  0009                     	;# 
    20  000A                     	;# 
    21  000B                     	;# 
    22  000C                     	;# 
    23  000D                     	;# 
    24  000E                     	;# 
    25  000E                     	;# 
    26  000F                     	;# 
    27  0010                     	;# 
    28  0011                     	;# 
    29  0012                     	;# 
    30  0013                     	;# 
    31  0014                     	;# 
    32  0015                     	;# 
    33  0015                     	;# 
    34  0016                     	;# 
    35  0017                     	;# 
    36  0018                     	;# 
    37  0019                     	;# 
    38  001A                     	;# 
    39  001B                     	;# 
    40  001B                     	;# 
    41  001C                     	;# 
    42  001D                     	;# 
    43  001E                     	;# 
    44  001F                     	;# 
    45  0081                     	;# 
    46  0085                     	;# 
    47  0086                     	;# 
    48  0087                     	;# 
    49  0088                     	;# 
    50  0089                     	;# 
    51  008C                     	;# 
    52  008D                     	;# 
    53  008E                     	;# 
    54  0091                     	;# 
    55  0092                     	;# 
    56  0093                     	;# 
    57  0094                     	;# 
    58  0098                     	;# 
    59  0099                     	;# 
    60  009C                     	;# 
    61  009D                     	;# 
    62  009E                     	;# 
    63  009F                     	;# 
    64  010C                     	;# 
    65  010D                     	;# 
    66  010E                     	;# 
    67  010F                     	;# 
    68  018C                     	;# 
    69  018D                     	;# 
    70  0005                     _PORTAbits	set	5
    71  0085                     _TRISAbits	set	133
    72                           
    73                           	psect	text0
    74  0000                     __ptext0:	
    75                           
    76                           	psect	cinit
    77  07FC                     start_initialization:	
    78                           ;psect for function _InitPortIOReg
    79                           ; #config settings
    80                           
    81  07FC                     __initialization:	
    82  07FC                     end_of_initialization:	
    83                           ;End of C runtime variable initialization code
    84                           
    85  07FC                     __end_of__initialization:	
    86  07FC  0183               	clrf	3
    87  07FD  120A  118A  2FD5   	ljmp	_main	;jump to C main() function
    88                           
    89                           	psect	cstackCOMMON
    90  0070                     __pcstackCOMMON:	
    91  0070                     ?_InitPortIOReg:	
    92  0070                     ??_InitPortIOReg:	
    93                           ; 0 bytes @ 0x0
    94                           
    95  0070                     ??_main:	
    96                           ; 0 bytes @ 0x0
    97                           
    98  0070                     ?_main:	
    99                           ; 0 bytes @ 0x0
   100                           
   101                           
   102                           ; 2 bytes @ 0x0
   103  0070                     	ds	1
   104  0071                     main@i:	
   105                           
   106                           ; 2 bytes @ 0x1
   107  0071                     	ds	2
   108                           
   109                           	psect	maintext
   110  07D5                     __pmaintext:	
   111 ;;
   112 ;;Main: autosize = 0, tempsize = 1, incstack = 0, save=0
   113 ;;
   114 ;; *************** function _main *****************
   115 ;; Defined at:
   116 ;;		line 10 in file "C:\Users\FMV\Dropbox\PIC-project\PIC_XC8\pic16f877a\LED\LED.c"
   117 ;; Parameters:    Size  Location     Type
   118 ;;		None
   119 ;; Auto vars:     Size  Location     Type
   120 ;;  i               2    1[COMMON] int 
   121 ;; Return value:  Size  Location     Type
   122 ;;                  2    8[COMMON] int 
   123 ;; Registers used:
   124 ;;		wreg, status,2, status,0, btemp+1, pclath, cstack
   125 ;; Tracked objects:
   126 ;;		On entry : 17F/0
   127 ;;		On exit  : 0/0
   128 ;;		Unchanged: 0/0
   129 ;; Data sizes:     COMMON   BANK0   BANK1   BANK3   BANK2
   130 ;;      Params:         0       0       0       0       0
   131 ;;      Locals:         2       0       0       0       0
   132 ;;      Temps:          1       0       0       0       0
   133 ;;      Totals:         3       0       0       0       0
   134 ;;Total ram usage:        3 bytes
   135 ;; Hardware stack levels required when called:    1
   136 ;; This function calls:
   137 ;;		_InitPortIOReg
   138 ;; This function is called by:
   139 ;;		Startup code after reset
   140 ;; This function uses a non-reentrant model
   141 ;;
   142                           
   143                           
   144                           ;psect for function _main
   145  07D5                     _main:	
   146                           
   147                           ;LED.c: 12: int i = 0;
   148                           
   149                           ;incstack = 0
   150                           ; Regs used in _main: [wreg+status,2+status,0+btemp+1+pclath+cstack]
   151  07D5  01F1               	clrf	main@i
   152  07D6  01F2               	clrf	main@i+1
   153                           
   154                           ;LED.c: 14: InitPortIOReg();
   155  07D7  120A  118A  27D1   	fcall	_InitPortIOReg
      +       120A  118A         
   156  07DC                     l474:	
   157                           ;LED.c: 16: while(1)
   158                           
   159                           
   160                           ;LED.c: 17: {
   161                           ;LED.c: 18: PORTAbits.RA0 ^= 1;
   162  07DC  1283               	bcf	3,5	;RP0=0, select bank0
   163  07DD  1303               	bcf	3,6	;RP1=0, select bank0
   164  07DE  0805               	movf	5,w	;volatile
   165  07DF  3901               	andlw	1
   166  07E0  00F0               	movwf	??_main
   167  07E1  3001               	movlw	1
   168  07E2  06F0               	xorwf	??_main,f
   169  07E3  0805               	movf	5,w	;volatile
   170  07E4  0670               	xorwf	??_main,w
   171  07E5  39FE               	andlw	-2
   172  07E6  0670               	xorwf	??_main,w
   173  07E7  0085               	movwf	5	;volatile
   174                           
   175                           ;LED.c: 19: for(i=0;i<1000;i++);
   176  07E8  01F1               	clrf	main@i
   177  07E9  01F2               	clrf	main@i+1
   178  07EA                     L1:	
   179  07EA  0872               	movf	main@i+1,w
   180  07EB  3A80               	xorlw	128
   181  07EC  00FF               	movwf	127
   182  07ED  3083               	movlw	131
   183  07EE  027F               	subwf	127,w
   184  07EF  1D03               	skipz
   185  07F0  2FF3               	goto	u15
   186  07F1  30E8               	movlw	232
   187  07F2  0271               	subwf	main@i,w
   188  07F3                     u15:	
   189  07F3  1803               	btfsc	3,0
   190  07F4  2FDC               	goto	l474
   191  07F5  3001               	movlw	1
   192  07F6  07F1               	addwf	main@i,f
   193  07F7  1803               	skipnc
   194  07F8  0AF2               	incf	main@i+1,f
   195  07F9  3000               	movlw	0
   196  07FA  07F2               	addwf	main@i+1,f
   197  07FB  2FEA               	goto	L1
   198  07FC                     __end_of_main:	
   199                           ;LED.c: 20: }
   200                           ;LED.c: 22: return (0);
   201                           ;	Return value of _main is never used
   202                           
   203                           
   204                           	psect	text1
   205  07D1                     __ptext1:	
   206 ;; *************** function _InitPortIOReg *****************
   207 ;; Defined at:
   208 ;;		line 27 in file "C:\Users\FMV\Dropbox\PIC-project\PIC_XC8\pic16f877a\LED\LED.c"
   209 ;; Parameters:    Size  Location     Type
   210 ;;		None
   211 ;; Auto vars:     Size  Location     Type
   212 ;;		None
   213 ;; Return value:  Size  Location     Type
   214 ;;		None               void
   215 ;; Registers used:
   216 ;;		None
   217 ;; Tracked objects:
   218 ;;		On entry : 0/0
   219 ;;		On exit  : 0/0
   220 ;;		Unchanged: 0/0
   221 ;; Data sizes:     COMMON   BANK0   BANK1   BANK3   BANK2
   222 ;;      Params:         0       0       0       0       0
   223 ;;      Locals:         0       0       0       0       0
   224 ;;      Temps:          0       0       0       0       0
   225 ;;      Totals:         0       0       0       0       0
   226 ;;Total ram usage:        0 bytes
   227 ;; Hardware stack levels used:    1
   228 ;; This function calls:
   229 ;;		Nothing
   230 ;; This function is called by:
   231 ;;		_main
   232 ;; This function uses a non-reentrant model
   233 ;;
   234                           
   235                           
   236                           ;psect for function _InitPortIOReg
   237  07D1                     _InitPortIOReg:	
   238                           
   239                           ;LED.c: 29: TRISAbits.TRISA0 = 0;
   240                           
   241                           ;incstack = 0
   242                           ; Regs used in _InitPortIOReg: []
   243  07D1  1683               	bsf	3,5	;RP0=1, select bank1
   244  07D2  1303               	bcf	3,6	;RP1=0, select bank1
   245  07D3  1005               	bcf	5,0	;volatile
   246  07D4  0008               	return
   247  07D5                     __end_of_InitPortIOReg:	
   248  007E                     btemp	set	126	;btemp
   249  007E                     wtemp0	set	126


Data Sizes:
    Strings     0
    Constant    0
    Data        0
    BSS         0
    Persistent  0
    Stack       0

Auto Spaces:
    Space          Size  Autos    Used
    COMMON           14      3       3
    BANK0            80      0       0
    BANK1            80      0       0
    BANK3            96      0       0
    BANK2            96      0       0

Pointer List with Targets:

    None.

Critical Paths under _main in COMMON

    None.

Critical Paths under _main in BANK0

    None.

Critical Paths under _main in BANK1

    None.

Critical Paths under _main in BANK3

    None.

Critical Paths under _main in BANK2

    None.

Call Graph Tables:

 ---------------------------------------------------------------------------------
 (Depth) Function   	        Calls       Base Space   Used Autos Params    Refs
 ---------------------------------------------------------------------------------
 (0) _main                                                 3     3      0      30
                                              0 COMMON     3     3      0
                      _InitPortIOReg
 ---------------------------------------------------------------------------------
 (1) _InitPortIOReg                                        0     0      0       0
 ---------------------------------------------------------------------------------
 Estimated maximum stack depth 1
 ---------------------------------------------------------------------------------

 Call Graph Graphs:

 _main (ROOT)
   _InitPortIOReg

 Address spaces:
Name               Size   Autos  Total    Cost      Usage
BITCOMMON            E      0       0       0        0.0%
EEDATA             100      0       0       0        0.0%
NULL                 0      0       0       0        0.0%
CODE                 0      0       0       0        0.0%
COMMON               E      3       3       1       21.4%
BITSFR0              0      0       0       1        0.0%
SFR0                 0      0       0       1        0.0%
BITSFR1              0      0       0       2        0.0%
SFR1                 0      0       0       2        0.0%
STACK                0      0       1       2        0.0%
ABS                  0      0       0       3        0.0%
BITBANK0            50      0       0       4        0.0%
BITSFR3              0      0       0       4        0.0%
SFR3                 0      0       0       4        0.0%
BANK0               50      0       0       5        0.0%
BITSFR2              0      0       0       5        0.0%
SFR2                 0      0       0       5        0.0%
BITBANK1            50      0       0       6        0.0%
BANK1               50      0       0       7        0.0%
BITBANK3            60      0       0       8        0.0%
BANK3               60      0       0       9        0.0%
BITBANK2            60      0       0      10        0.0%
BANK2               60      0       0      11        0.0%
DATA                 0      0       0      12        0.0%


Microchip Technology PIC Macro Assembler V1.21 build 54009 
Symbol Table                                                                                   Mon Jan 13 07:59:37 2014

                     u15 07F3                      l474 07DC                     _main 07D5  
                   btemp 007E                     start 0000                    ?_main 0070  
          _InitPortIOReg 07D1                    main@i 0071                    status 0003  
                  wtemp0 007E          __initialization 07FC             __end_of_main 07FC  
         ?_InitPortIOReg 0070                   ??_main 0070  __end_of__initialization 07FC  
         __pcstackCOMMON 0070          ??_InitPortIOReg 0070               __pmaintext 07D5  
                __ptext0 0000                  __ptext1 07D1     end_of_initialization 07FC  
              _PORTAbits 0005                _TRISAbits 0085      start_initialization 07FC  
  __end_of_InitPortIOReg 07D5            __size_of_main 0027   __size_of_InitPortIOReg 0004  
