MPASM  5.46                        TIMER0.ASM   3-9-2013  18:48:15         PAGE  1


LOC  OBJECT CODE     LINE SOURCE TEXT
  VALUE

                      00001 ;******************************************
                      00002 ;ñÒ1ïbÇ≤Ç∆Ç…äÑÇËçûÇ›Çì¸ÇÍRC3ÇÃLEDÇÉ`ÉJÉ`ÉJÇ≥ÇπÇÈ
                      00003 ;*****************************************
                      00004         ;delayÉâÉCÉuÉâÉä
                      00005         ;20MHzÇÃèÍçá
                      00006         ;íçà”Å@COUNT01,COUNT02Å@Ç∆Ç¢Ç§ïœêîÇêÈåæÇµÇƒÇ®Ç≠
                      00007         ;1ÉTÉCÉNÉãÇÕ4ÉNÉçÉbÉNÇ»ÇÃÇ≈ 1 / 20M = 0.000 000 005 = 0.05usec
                      00008         ;Ç»ÇÃÇ≈ 1ÉTÉCÉNÉãÇÕ0.2usecÇ»ÇÃÇ≈ 0.2usec * 500 = 100usec 
                      00009         ;ZÉtÉâÉOíçà”                    
                      00010 ;****************************************/
                      00011                                 list    P=PIC18F2320    
                      00012                 #include        <P18F2320.inc>
                      00001         LIST
                      00002 
                      00003 ;==========================================================================
                      00004 ;  MPASM PIC18F2320 processor include
                      00005 ; 
                      00006 ;  (c) Copyright 1999-2012 Microchip Technology, All rights reserved
                      00007 ;==========================================================================
                      00008 
                      01242         LIST
                      00013                 
                      00014                 errorlevel  -302 
                      00015         
                      00016         CONFIG  OSC = HSPLL
                      00017         CONFIG  FSCM = OFF
                      00018         CONFIG  IESO = OFF
                      00019         CONFIG  PWRT = OFF
                      00020         CONFIG  BOR = OFF
                      00021         CONFIG  BORV = 20
                      00022         CONFIG  WDT = OFF
                      00023         CONFIG  WDTPS = 1
                      00024         CONFIG  MCLRE = ON
                      00025         CONFIG  PBAD = DIG
                      00026         ;CONFIG PBAD = ANA
                      00027         ;CONFIG CCP2MX = C1
                      00028         CONFIG  STVR = ON
                      00029         CONFIG  LVP = ON
                      00030         CONFIG  DEBUG = OFF
                      00031         CONFIG  CP0 = OFF
                      00032         CONFIG  CP1 = OFF
                      00033         CONFIG  CP2 = OFF
                      00034         CONFIG  CP3 = OFF
                      00035         CONFIG  CPB = OFF
                      00036         CONFIG  CPD = OFF
                      00037         CONFIG  WRT0 = OFF
                      00038         CONFIG  WRT1 = OFF
                      00039         CONFIG  WRT2 = OFF
                      00040         CONFIG  WRT3 = OFF
                      00041         CONFIG  WRTB = OFF
                      00042         CONFIG  WRTC = OFF
                      00043         CONFIG  WRTD = OFF
                      00044         CONFIG  EBTR0 = OFF
MPASM  5.46                        TIMER0.ASM   3-9-2013  18:48:15         PAGE  2


LOC  OBJECT CODE     LINE SOURCE TEXT
  VALUE

                      00045         CONFIG  EBTR1 = OFF
                      00046         CONFIG  EBTR2 = OFF
                      00047         CONFIG  EBTR3 = OFF
                      00048         CONFIG  EBTRB = OFF
                      00049 ;******************************
                      00050         ;ïœêîíËã`
                      00051 ;******************************
                      00052         CBLOCK          020H
  00000020            00053         BUFFER                          ;020î‘ín
  00000021            00054         COUNT01                 ;021î‘ín
  00000022            00055         COUNT02                 ;022î‘ín
  00000023            00056         DATA_1BYRE                      ;023î‘ín
  00000024            00057         WREG_TMP                ;äÑÇËçûÇ›éûÇÃÉÅÉCÉìÉvÉçÉOÉâÉÄÇÃÉfÅ[É^ÇÃ
  00000025            00058         STATUS_TMP                                                      ;ëﬁîèÍèäÅD
  00000026            00059         BSR_TMP
  00000027            00060         PORTB_DATA              ;RBäÑÇËçûÇ›ÇÃëﬁîèÍèä
                      00061         ENDC
                      00062 
                      00063 ;************************************
                      00064                 ORG             0
000000 D???           00065                 BRA             INIT
                      00066                 ;çÇà äÑÇËçûÇ›ÉxÉNÉ^
                      00067                 ORG     0x008
000008 EF?? F???      00068                 GOTO    HIGH_ISR
00000C 0010           00069                 RETFIE
                      00070                 ;í·à äÑÇËçûÇ›ÉxÉNÉ^
                      00071                 ORG     0x018
000018 EF?? F???      00072                 GOTO    LOW_ISR
                      00073         ;RETFIE ÅiäÑÇËçûÇ›Ç©ÇÁÇÃReturnÅjÇé¿çs
                      00074         ;Ç∑ÇÈÇ∆ÅCÉXÉ^ÉbÉNÇ…äiî[ÇµÇΩî‘ínÇ™ÉvÉçÉO
                      00075         ;ÉâÉÄÉJÉEÉìÉ^Ç…ñﬂÇ≥ÇÍÅCäÑÇËçûÇ›Ç™Ç©Ç©Ç¡
                      00076         ;ÇΩéûÇÃÉÅÉCÉìÉvÉçÉOÉâÉÄÇ…ñﬂÇÈ
                      00077 ;********èâä˙âª*********************
00001C                00078 INIT
00001C 0E0F           00079                 MOVLW           B'00001111'             ;Ç∑Ç◊ÇƒÉfÉWÉ^ÉãÉÇÅ[Éh
00001E 6EC1           00080                 MOVWF           ADCON1                  ;
000020 6A92           00081                 CLRF            TRISA                   ;
000022 0EFF           00082                 MOVLW           B'11111111'             ;
000024 6E93           00083                 MOVWF           TRISB                   
000026 0EBF           00084                 MOVLW           B'10111111'             ;
000028 6E94           00085                 MOVWF           TRISC                   
                      00086 ;**************UARTê›íË************************
00002A 0E20           00087                 MOVLW   B'00100000'                     ;RC6ÇTXÉÇÅ[ÉhÇ…
00002C 6EAC           00088                 MOVWF   TXSTA                   ;SET
                      00089                 ;É{Å[ÉåÅ[Égê›íË ;í·ë¨ÉÇÅ[Éh
00002E 0E40           00090                 MOVLW   D'64'                           ;9600BPS
                      00091                 ;MOVLW  D'32'                           ;19.2KBPS
000030 6EAF           00092                 MOVWF   SPBRG                   ;SET BRG
000032 0E90           00093                 MOVLW   B'10010000'
000034 6EAB           00094                 MOVWF   RCSTA                   ;RC7ÇRXÇ…Å@òAë±éÛêMÇãñâ¬ ÇWBITí êM
                      00095 ;************äÑÇËçûÇ›ê›íË***********************
000036 8ED0           00096                 BSF             RCON,IPEN               ;äÑÇËçûÇ›Ç…óDêÊèáà ÇégÇ§
                      00097         ;       BCF             RCON,IPEN               ;äÑÇËçûÇ›Ç…óDêÊèáà ÇégÇÌÇ»Ç¢
MPASM  5.46                        TIMER0.ASM   3-9-2013  18:48:15         PAGE  3


LOC  OBJECT CODE     LINE SOURCE TEXT
  VALUE

                      00098         
                      00099         ;       BSF             INTCON,GIE                              ;ÉOÉçÅ[ÉoÉãäÑÇËçûÇ›ÉCÉlÅ[ÉuÉãÉrÉ
                            bÉg(7bitñ⁄)Çãñâ¬               çÇà äÑÇËçûÇ›ãñâ¬
000038 9EF2           00100                 BCF             INTCON,GIE                              ;ÉOÉçÅ[ÉoÉãäÑÇËçûÇ›ÉCÉlÅ[ÉuÉãÉrÉ
                            bÉg(7bitñ⁄)Çïsãñâ¬             çÇà äÑÇËçûÇ›ïsãñâ¬
                      00101                 
                      00102         ;       BSF             INTCON,PEIE                             ;Ç∑Ç◊ÇƒÇÃÉ}ÉXÉNÇ≥ÇÍÇƒÇ¢Ç»Ç¢é¸ï”ã
                            @î\ÇÃäÑÇËçûÇ›Çégópâ¬î\Ç…Ç∑ÇÈ   í·à äÑÇËçûÇ›ãñâ¬
00003A 9CF2           00103                 BCF             INTCON,PEIE                             ;Ç∑Ç◊ÇƒÇÃé¸ï”ã@î\ÇÃäÑÇËçûÇ›Çégó
                            pïsâ¬Ç…Ç∑ÇÈ                                                     í·à äÑÇËçûÇ›ãñâ¬
                      00104 ;************RB0äÑÇËçûÇ›ê›íË********
                      00105                 ;RB0/INT ÇÕäÑÇËçûÇ›Ç…óDêÊèáà ÇÕÇ»Ç≠çÇà í·à ÇÃóºï˚Ç…äÑÇËçûÇ›Ç™Ç©Ç©ÇÈ
                      00106         ;       BSF             INTCON,INT0IE                   ;RB0/INT äOïîäÑçûÇ›ÉCÉlÅ[ÉuÉãÉrÉbÉg(4bit
                            ñ⁄)Çãñâ¬
00003C 98F2           00107                 BCF             INTCON,INT0IE                   ;RB0/INT äOïîäÑçûÇ›ÉCÉlÅ[ÉuÉãÉrÉbÉg(4bit
                            ñ⁄)Çïsãñâ¬
                      00108         ;       BSF             INTCON2,INTEDG0                 ;RB0/INT ÉsÉìÇÃóßÇøè„Ç™ÇËÉGÉbÉWÇ…ÇÊÇËäÑÇ
                            ËçûÇ›(6bitñ⁄)
00003E 9CF1           00109                 BCF             INTCON2,INTEDG0                 ;RB0/INT ÉsÉìÇÃóßÇøâ∫Ç™ÇËÉGÉbÉWÇ…ÇÊÇËäÑÇ
                            ËçûÇ›(6bitñ⁄)
                      00110 ;************RB1äÑÇËçûÇ›ê›íË*********
000040 8CF0           00111                 BSF             INTCON3,INT1IP                  ;RB1/INT çÇà äÑÇËçûÇ›Ç…Ç∑ÇÈ
                      00112         ;       BCF             INTCON3,INT1IP                  ;RB1/INT í·à äÑÇËçûÇ›Ç…Ç∑ÇÈ
                      00113         ;       BSF             INTCON3,INT1IE                  ;RB1/INT äOïîäÑçûÇ›ÉCÉlÅ[ÉuÉãÉrÉbÉg(4bit
                            ñ⁄)Çãñâ¬
000042 96F0           00114                 BCF             INTCON3,INT1IE                  ;RB1/INT äOïîäÑçûÇ›ÉCÉlÅ[ÉuÉãÉrÉbÉg(4bit
                            ñ⁄)Çïsãñâ¬
                      00115         ;       BSF             INTCON2,INTEDG1                 ;RB1/INT ÉsÉìÇÃóßÇøè„Ç™ÇËÉGÉbÉWÇ…ÇÊÇËäÑÇ
                            ËçûÇ›(6bitñ⁄)
000044 9AF1           00116                 BCF             INTCON2,INTEDG1                 ;RB1/INT ÉsÉìÇÃóßÇøâ∫Ç™ÇËÉGÉbÉWÇ…ÇÊÇËäÑÇ
                            ËçûÇ›(6bitñ⁄)
                      00117 ;************RB2äÑÇËçûÇ›ê›íË*********
000046 8EF0           00118                 BSF             INTCON3,INT2IP                  ;RB2/INT çÇà äÑÇËçûÇ›Ç…Ç∑ÇÈ
                      00119         ;       BCF             INTCON3,INT2IP                  ;RB2/INT í·à äÑÇËçûÇ›Ç…Ç∑ÇÈ
                      00120         ;       BSF             INTCON3,INT2IE                  ;RB2/INT äOïîäÑçûÇ›ÉCÉlÅ[ÉuÉãÉrÉbÉg(4bit
                            ñ⁄)Çãñâ¬
000048 98F0           00121                 BCF             INTCON3,INT2IE                  ;RB2/INT äOïîäÑçûÇ›ÉCÉlÅ[ÉuÉãÉrÉbÉg(4bit
                            ñ⁄)Çïsãñâ¬
                      00122         ;       BSF             INTCON2,INTEDG2                 ;RB2/INT ÉsÉìÇÃóßÇøè„Ç™ÇËÉGÉbÉWÇ…ÇÊÇËäÑÇ
                            ËçûÇ›(6bitñ⁄)
00004A 98F1           00123                 BCF             INTCON2,INTEDG2                 ;RB2/INT ÉsÉìÇÃóßÇøâ∫Ç™ÇËÉGÉbÉWÇ…ÇÊÇËäÑÇ
                            ËçûÇ›(6bitñ⁄)
                      00124 ;************RBPORTäÑÇËçûÇ›ê›íË*********
                      00125         ;       BSF             INTCON2,RBIP                    ;RB2/INT çÇà äÑÇËçûÇ›Ç…Ç∑ÇÈ
00004C 90F1           00126                 BCF             INTCON2,RBIP                    ;RB2/INT í·à äÑÇËçûÇ›Ç…Ç∑ÇÈ
                      00127         ;       BSF             INTCON,RBIE                     ;RB2/INT äOïîäÑçûÇ›ÉCÉlÅ[ÉuÉãÉrÉbÉg(4bit
                            ñ⁄)Çãñâ¬
00004E 96F2           00128                 BCF             INTCON,RBIE                     ;RB2/INT äOïîäÑçûÇ›ÉCÉlÅ[ÉuÉãÉrÉbÉg(4bit
                            ñ⁄)Çïsãñâ¬
                      00129 ;************Timer0äÑÇËçûÇ›ê›íË********
000050 6AD5           00130                 CLRF    T0CON
000052 84F1           00131                 BSF             INTCON2,TMR0IP                  ;Timer0 çÇà äÑÇËçûÇ›Ç…Ç∑ÇÈ
                      00132         ;       BCF             INTCON2,TMR0IP                  ;Timer0 í·à äÑÇËçûÇ›Ç…Ç∑ÇÈ
MPASM  5.46                        TIMER0.ASM   3-9-2013  18:48:15         PAGE  4


LOC  OBJECT CODE     LINE SOURCE TEXT
  VALUE

000054 8AF2           00133                 BSF             INTCON,TMR0IE                   ;Timer0 äOïîäÑçûÇ›ÉCÉlÅ[ÉuÉãÉrÉbÉgÇãñâ¬
                      00134         ;       BCF             INTCON,TMR0IE                   ;Timer0 äOïîäÑçûÇ›ÉCÉlÅ[ÉuÉãÉrÉbÉgÇïsãñ
                            â¬
000056 8ED5           00135                 BSF             T0CON,TMR0ON                    ;Timer0 ÇégÇ§
                      00136         ;       BCF             T0CON,TMR0ON                    ;Timer0 ÇégÇÌÇ»Ç¢
                      00137         ;       BSF             T0CON,T08BIT                    ;8bitÉÇÅ[Éh
000058 9CD5           00138                 BCF             T0CON,T08BIT                    ;16bitÉÇÅ[Éh
                      00139         ;       BSF             T0CON,T0CS                              ;T0CKIÉsÉì ÇÃì¸óÕÇÉNÉçÉbÉNÇ∆Ç∑Ç
                            È
00005A 9AD5           00140                 BCF             T0CON,T0CS                              ;ì‡ïîÉNÉçÉbÉN ÇÉNÉçÉbÉNÇ∆Ç∑ÇÈ
                      00141         ;       BSF             T0CON,T0SE                              ;óßÇøè„Ç™ÇËÉGÉbÉW
00005C 98D5           00142                 BCF             T0CON,T0SE                              ;óßÇøâ∫Ç™ÇËÉGÉbÉW
                      00143         ;       BSF             T0CON,PSA                               ;ÉvÉäÉXÉPÅ[ÉâÇÃïségóp
00005E 96D5           00144                 BCF             T0CON,PSA                               ;ÉvÉäÉXÉPÅ[ÉâÇÃégóp
000060 0E07           00145                 MOVLW   B'00000111'                             ;ÉvÉäÉXÉPÅ[ÉâÇ256Ç…Ç∑ÇÈ
                      00146                 ;MOVLW  B'00000110'                             ;ÉvÉäÉXÉPÅ[ÉâÇ128Ç…Ç∑ÇÈ
                      00147                 ;MOVLW  B'00000100'                             ;ÉvÉäÉXÉPÅ[ÉâÇ32Ç…Ç∑ÇÈ
                      00148                 ;MOVLW  B'00000000'                             ;ÉvÉäÉXÉPÅ[ÉâÇ2Ç…Ç∑ÇÈ
000062 12D5           00149                 IORWF   T0CON
                      00150                 ;ÉJÉEÉìÉgílÇÃÉçÅ[Éh
000064 0E67           00151                 MOVLW   H'67'
000066 6ED7           00152                 MOVWF   TMR0H
000068 0E6A           00153                 MOVLW   H'6A'
00006A 6ED6           00154                 MOVWF   TMR0L
                      00155 ;*********ÉÅÉCÉìä÷êî****************
00006C EC?? F???      00156                 CALL    TX_CHEACK
000070 0E0A           00157                 MOVLW   '\n'
000072 6EAD           00158                 MOVWF   TXREG                   ;ëóêM
000074 EC?? F???      00159                 CALL    TX_CHEACK
000078 0E53           00160                 MOVLW   'S'
00007A 6EAD           00161                 MOVWF   TXREG                   ;ëóêM
00007C EC?? F???      00162                 CALL    TX_CHEACK
000080 0E54           00163                 MOVLW   'T'
000082 6EAD           00164                 MOVWF   TXREG                   ;ëóêM
000084 EC?? F???      00165                 CALL    TX_CHEACK
000088 0E41           00166                 MOVLW   'A'
00008A 6EAD           00167                 MOVWF   TXREG                   ;ëóêM
00008C EC?? F???      00168                 CALL    TX_CHEACK
000090 0E52           00169                 MOVLW   'R'
000092 6EAD           00170                 MOVWF   TXREG                   ;ëóêM
000094 EC?? F???      00171                 CALL    TX_CHEACK
000098 0E54           00172                 MOVLW   'T'
00009A 6EAD           00173                 MOVWF   TXREG                   ;ëóêM
00009C EC?? F???      00174                 CALL    TX_CHEACK
0000A0 0E0D           00175                 MOVLW   '\r'
0000A2 6EAD           00176                 MOVWF   TXREG                   ;ëóêM
                      00177 ;*******äÑÇËçûÇ›ãñâ¬**********
0000A4 8CF2           00178                 BSF             INTCON,PEIE                             ;Ç∑Ç◊ÇƒÇÃÉ}ÉXÉNÇ≥ÇÍÇƒÇ¢Ç»Ç¢é¸ï”ã
                            @î\ÇÃäÑÇËçûÇ›Çégópâ¬î\Ç…Ç∑ÇÈ   í·à äÑÇËçûÇ›ãñâ¬
0000A6 8EF2           00179                 BSF             INTCON,GIE                              ;ÉOÉçÅ[ÉoÉãäÑÇËçûÇ›ÉCÉlÅ[ÉuÉãÉrÉ
                            bÉg(7bitñ⁄)Çãñâ¬               çÇà äÑÇËçûÇ›ãñâ¬
                      00180 ;*****************************
0000A8                00181 MAINLOOP
MPASM  5.46                        TIMER0.ASM   3-9-2013  18:48:15         PAGE  5


LOC  OBJECT CODE     LINE SOURCE TEXT
  VALUE

0000A8 0000           00182                 NOP
0000AA EF?? F???      00183                 GOTO    MAINLOOP
                      00184                 
                      00185 ;************ëóêMäÆóπë“ÇøÉãÅ[Év**************
0000AE                00186 TX_CHEACK
0000AE A2AC           00187                 BTFSS   TXSTA,TRMT              ;ëóêMÉoÉbÉtÉ@Ç™ãÛÇ©ÅH
0000B0 EF?? F???      00188                 GOTO    TX_CHEACK
0000B4 0012           00189                 RETURN
                      00190                 
                      00191 ;*************çÇà äÑÇËçûÇ›ï™äÚ***************
0000B6                00192 HIGH_ISR
0000B6 B4F2           00193                 BTFSC   INTCON,TMR0IF
0000B8 D???           00194                 RCALL   Timer0_ISR
0000BA B2F2           00195                 BTFSC   INTCON,INT0IF
0000BC D???           00196                 RCALL   RB0_ISR
0000BE B0F0           00197                 BTFSC   INTCON3,INT1IF
0000C0 D???           00198                 RCALL   RB1_ISR
0000C2 B2F0           00199                 BTFSC   INTCON3,INT2IF
0000C4 D???           00200                 RCALL   RB2_ISR
                      00201                 
0000C6 0010           00202                 RETFIE
                      00203 ;*************í·à äÑÇËçûÇ›ï™äÚ***************
0000C8                00204 LOW_ISR
0000C8 6E24           00205                 MOVWF   WREG_TMP
0000CA CFD8 F025      00206                 MOVFF   STATUS,STATUS_TMP                                                       ;ëﬁî
0000CE CFE0 F026      00207                 MOVFF   BSR,BSR_TMP
                      00208                 
0000D2 B0F2           00209                 BTFSC   INTCON,RBIF
0000D4 D???           00210                 RCALL   RB_PORT_ISR
                      00211                 
0000D6 5024           00212                 MOVF    WREG_TMP,W
0000D8 C025 FFD8      00213                 MOVFF   STATUS_TMP,STATUS                                                       ;ëﬁî
0000DC C026 FFE0      00214                 MOVFF   BSR_TMP,BSR
0000E0 0010           00215                 RETFIE
                      00216 ;*************äÑÇËçûÇ›èàóù***************
                      00217 ;*********Timer0äÑÇËçûÇ›èàóù******
0000E2                00218 Timer0_ISR
                      00219                 ;ÉJÉEÉìÉgílÇÃÉçÅ[Éh
0000E2 0E67           00220                 MOVLW   H'67'
0000E4 6ED7           00221                 MOVWF   TMR0H
0000E6 0E6A           00222                 MOVLW   H'6A'
0000E8 6ED6           00223                 MOVWF   TMR0L
0000EA 94F2           00224                 BCF             INTCON,TMR0IF
0000EC 0E3C           00225                 MOVLW   B'00111100'
0000EE 1A80           00226                 XORWF   PORTA
0000F0 0012           00227                 RETURN
                      00228 ;**********RB0äÑÇËçûÇ›*************
0000F2                00229 RB0_ISR         
0000F2 92F2           00230                 BCF             INTCON,INT0IF   ;äÑÇËçûÇ›ÉtÉâÉOÉNÉäÉA
                      00231                 
                      00232                 
0000F4 0012           00233                 RETURN
                      00234 ;**********RB1äÑÇËçûÇ›*************
MPASM  5.46                        TIMER0.ASM   3-9-2013  18:48:15         PAGE  6


LOC  OBJECT CODE     LINE SOURCE TEXT
  VALUE

0000F6                00235 RB1_ISR         
0000F6 90F0           00236                 BCF             INTCON3,INT1IF  ;äÑÇËçûÇ›ÉtÉâÉOÉNÉäÉA
                      00237                 
                      00238                 
0000F8 0012           00239                 RETURN
                      00240 ;**********RB2äÑÇËçûÇ›*************
0000FA                00241 RB2_ISR         
0000FA 92F0           00242                 BCF             INTCON3,INT2IF  ;äÑÇËçûÇ›ÉtÉâÉOÉNÉäÉA
                      00243                 
                      00244                 
0000FC 0012           00245                 RETURN
                      00246 ;**********RBPORTäÑÇËçûÇ›*************
0000FE                00247 RB_PORT_ISR
0000FE 5081           00248                 MOVF    PORTB,W
000100 6E27           00249                 MOVWF   PORTB_DATA
000102 90F2           00250                 BCF             INTCON,RBIF     ;äÑÇËçûÇ›ÉtÉâÉOÉNÉäÉA
000104 B827           00251                 BTFSC   PORTB_DATA,RB4
000106 EF?? F???      00252                 GOTO    RB4_ISR                 ;RB4Ç™highÇÃÇ∆Ç´JMP
00010A BA27           00253 RB5_CMP BTFSC   PORTB_DATA,RB5
00010C EF?? F???      00254                 GOTO    RB5_ISR                 ;RB4Ç™highÇÃÇ∆Ç´JMP
000110 BC27           00255 RB6_CMP BTFSC   PORTB_DATA,RB6
000112 EF?? F???      00256                 GOTO    RB6_ISR                 ;RB4Ç™highÇÃÇ∆Ç´JMP
000116 BE27           00257 RB7_CMP BTFSC   PORTB_DATA,RB7
000118 EF?? F???      00258                 GOTO    RB7_ISR                 ;RB4Ç™highÇÃÇ∆Ç´JMP
00011C EC?? F???      00259 RB_END  CALL    TX_CHEACK
000120 0E0A           00260                 MOVLW   '\n'
000122 6EAD           00261                 MOVWF   TXREG                   ;ëóêM
000124 EC?? F???      00262                 CALL    TX_CHEACK
000128 0E52           00263                 MOVLW   'R'
00012A 6EAD           00264                 MOVWF   TXREG                   ;ëóêM
00012C EC?? F???      00265                 CALL    TX_CHEACK
000130 0E42           00266                 MOVLW   'B'
000132 6EAD           00267                 MOVWF   TXREG                   ;ëóêM
000134 EC?? F???      00268                 CALL    TX_CHEACK
000138 0E0D           00269                 MOVLW   '\r'
00013A 6EAD           00270                 MOVWF   TXREG                   ;ëóêM
00013C 0012           00271                 RETURN
00013E                00272 RB4_ISR         ;RB4Ç™highÇÃÇ∆Ç´ÇÃìÆçÏ
00013E 0000           00273                 NOP
000140 EF?? F???      00274                 GOTO    RB5_CMP
000144                00275 RB5_ISR         ;RB5Ç™highÇÃÇ∆Ç´ÇÃìÆçÏ
000144 0000           00276                 NOP
000146 EF?? F???      00277                 GOTO    RB6_CMP
00014A                00278 RB6_ISR         ;RB6Ç™highÇÃÇ∆Ç´ÇÃìÆçÏ
00014A 0000           00279                 NOP
00014C EF?? F???      00280                 GOTO    RB7_CMP
000150                00281 RB7_ISR         ;RB7Ç™highÇÃÇ∆Ç´ÇÃìÆçÏ
000150 0000           00282                 NOP
000152 EF?? F???      00283                 GOTO    RB_END
                      00284 ;*****************************
                      00285                 END
MPASM  5.46                        TIMER0.ASM   3-9-2013  18:48:15         PAGE  7


SYMBOL TABLE
  LABEL                             VALUE 

A                                 00000000
ACCESS                            00000000
ACKDT                             00000005
ACKEN                             00000004
ACKSTAT                           00000006
ACQT0                             00000003
ACQT1                             00000004
ACQT2                             00000005
ADCON0                            00000FC2
ADCON1                            00000FC1
ADCON2                            00000FC0
ADCS0                             00000000
ADCS1                             00000001
ADCS2                             00000002
ADDEN                             00000003
ADEN                              00000003
ADFM                              00000007
ADIE                              00000006
ADIF                              00000006
ADIP                              00000006
ADON                              00000000
ADRES                             00000FC3
ADRESH                            00000FC4
ADRESL                            00000FC3
AN0                               00000000
AN1                               00000001
AN10                              00000001
AN11                              00000004
AN12                              00000000
AN2                               00000002
AN3                               00000003
AN4                               00000005
AN8                               00000002
AN9                               00000003
BANKED                            00000001
BCLIE                             00000003
BCLIF                             00000003
BCLIP                             00000003
BF                                00000000
BOR                               00000000
BRGH                              00000002
BSR                               00000FE0
BSR_TMP                           00000026
BUFFER                            00000020
C                                 00000000
C1INV                             00000004
C1OUT_CMCON                       00000006
C1OUT_PORTA                       00000004
C2INV                             00000005
C2OUT_CMCON                       00000007
C2OUT_PORTA                       00000005
CCP1                              00000002
CCP1CON                           00000FBD
MPASM  5.46                        TIMER0.ASM   3-9-2013  18:48:15         PAGE  8


SYMBOL TABLE
  LABEL                             VALUE 

CCP1IE                            00000002
CCP1IF                            00000002
CCP1IP                            00000002
CCP1M0                            00000000
CCP1M1                            00000001
CCP1M2                            00000002
CCP1M3                            00000003
CCP1X                             00000005
CCP1Y                             00000004
CCP2A                             00000003
CCP2CON                           00000FBA
CCP2IE                            00000000
CCP2IF                            00000000
CCP2IP                            00000000
CCP2M0                            00000000
CCP2M1                            00000001
CCP2M2                            00000002
CCP2M3                            00000003
CCP2X                             00000005
CCP2Y                             00000004
CCP2_PORTB                        00000003
CCP2_PORTC                        00000001
CCPR1                             00000FBE
CCPR1H                            00000FBF
CCPR1L                            00000FBE
CCPR2                             00000FBB
CCPR2H                            00000FBC
CCPR2L                            00000FBB
CFGS                              00000006
CHS0                              00000002
CHS1                              00000003
CHS2                              00000004
CHS3                              00000005
CIS                               00000003
CK                                00000006
CKE                               00000006
CKP                               00000004
CLKI                              00000007
CLKO                              00000006
CM0                               00000000
CM1                               00000001
CM2                               00000002
CMCON                             00000FB4
CMIE                              00000006
CMIF                              00000006
CMIP                              00000006
COUNT01                           00000021
COUNT02                           00000022
CREN                              00000004
CSRC                              00000007
CVR0                              00000000
CVR1                              00000001
CVR2                              00000002
MPASM  5.46                        TIMER0.ASM   3-9-2013  18:48:15         PAGE  9


SYMBOL TABLE
  LABEL                             VALUE 

CVR3                              00000003
CVRCON                            00000FB5
CVREF                             00000002
CVREN                             00000007
CVROE                             00000006
CVRR                              00000005
D                                 00000005
DATA_1BYRE                        00000023
DATA_ADDRESS                      00000005
DC                                00000001
DC1B0                             00000004
DC1B1                             00000005
DC2B0                             00000004
DC2B1                             00000005
DCP1X                             00000005
DCP1Y                             00000004
DCP2X                             00000005
DCP2Y                             00000004
DDRA                              TRISA
DDRB                              TRISB
DDRC                              TRISC
DDRD                              TRISD
DDRE                              TRISE
DONE                              00000001
D_A                               00000005
D_NOT_A                           00000005
EEADR                             00000FA9
EECON1                            00000FA6
EECON2                            00000FA7
EEDATA                            00000FA8
EEIE                              00000004
EEIF                              00000004
EEIP                              00000004
EEPGD                             00000007
FAST                              00000001
FERR                              00000002
FLTS                              00000002
FREE                              00000004
FSR0                              00000000
FSR0H                             00000FEA
FSR0L                             00000FE9
FSR1                              00000001
FSR1H                             00000FE2
FSR1L                             00000FE1
FSR2                              00000002
FSR2H                             00000FDA
FSR2L                             00000FD9
GCEN                              00000007
GIE                               00000007
GIEH                              00000007
GIEL                              00000006
GIE_GIEH                          00000007
GO                                00000001
MPASM  5.46                        TIMER0.ASM   3-9-2013  18:48:15         PAGE 10


SYMBOL TABLE
  LABEL                             VALUE 

GO_DONE                           00000001
GO_NOT_DONE                       00000001
HIGH_ISR                          000000B6
I2C_DAT                           00000005
I2C_DATA                          00000005
I2C_READ                          00000002
I2C_START                         00000003
I2C_STOP                          00000004
IDLEN                             00000007
INDF0                             00000FEF
INDF1                             00000FE7
INDF2                             00000FDF
INIT                              0000001C
INT0                              00000000
INT0E                             00000004
INT0F                             00000001
INT0IE                            00000004
INT0IF                            00000001
INT1                              00000001
INT1E                             00000003
INT1F                             00000000
INT1IE                            00000003
INT1IF                            00000000
INT1IP                            00000006
INT1P                             00000006
INT2                              00000002
INT2E                             00000004
INT2F                             00000001
INT2IE                            00000004
INT2IF                            00000001
INT2IP                            00000007
INT2P                             00000007
INTCON                            00000FF2
INTCON2                           00000FF1
INTCON3                           00000FF0
INTE                              00000004
INTEDG0                           00000006
INTEDG1                           00000005
INTEDG2                           00000004
INTF                              00000001
IOFS                              00000002
IPEN                              00000007
IPR1                              00000F9F
IPR2                              00000FA2
IRCF0                             00000004
IRCF1                             00000005
IRCF2                             00000006
IRVST                             00000005
IVRST                             00000005
KBI0                              00000004
KBI1                              00000005
KBI2                              00000006
KBI3                              00000007
MPASM  5.46                        TIMER0.ASM   3-9-2013  18:48:15         PAGE 11


SYMBOL TABLE
  LABEL                             VALUE 

LATA                              00000F89
LATA0                             00000000
LATA1                             00000001
LATA2                             00000002
LATA3                             00000003
LATA4                             00000004
LATA5                             00000005
LATA6                             00000006
LATA7                             00000007
LATB                              00000F8A
LATB0                             00000000
LATB1                             00000001
LATB2                             00000002
LATB3                             00000003
LATB4                             00000004
LATB5                             00000005
LATB6                             00000006
LATB7                             00000007
LATC                              00000F8B
LATC0                             00000000
LATC1                             00000001
LATC2                             00000002
LATC3                             00000003
LATC4                             00000004
LATC5                             00000005
LATC6                             00000006
LATC7                             00000007
LOW_ISR                           000000C8
LVDCON                            00000FD2
LVDEN                             00000004
LVDIE                             00000002
LVDIF                             00000002
LVDIN                             00000005
LVDIP                             00000002
LVDL0                             00000000
LVDL1                             00000001
LVDL2                             00000002
LVDL3                             00000003
MAINLOOP                          000000A8
N                                 00000004
NOT_A                             00000005
NOT_ADDRESS                       00000005
NOT_BOR                           00000000
NOT_DONE                          00000001
NOT_PD                            00000002
NOT_POR                           00000001
NOT_RBPU                          00000007
NOT_RI                            00000004
NOT_SS                            00000005
NOT_T1SYNC                        00000002
NOT_T3SYNC                        00000002
NOT_TO                            00000003
NOT_W                             00000002
MPASM  5.46                        TIMER0.ASM   3-9-2013  18:48:15         PAGE 12


SYMBOL TABLE
  LABEL                             VALUE 

NOT_WRITE                         00000002
OERR                              00000001
OSC1                              00000007
OSC2                              00000006
OSCCON                            00000FD3
OSCFIE                            00000007
OSCFIF                            00000007
OSCFIP                            00000007
OSCTUN2                           00000F9A
OSCTUNE                           00000F9B
OSTS                              00000003
OV                                00000003
P                                 00000004
P1A                               00000002
PC                                00000FF9
PCFG0                             00000000
PCFG1                             00000001
PCFG2                             00000002
PCFG3                             00000003
PCL                               00000FF9
PCLATH                            00000FFA
PCLATU                            00000FFB
PD                                00000002
PEIE                              00000006
PEIE_GIEL                         00000006
PEN                               00000002
PGC                               00000006
PGD                               00000007
PGM                               00000005
PIE1                              00000F9D
PIE2                              00000FA0
PIR1                              00000F9E
PIR2                              00000FA1
PLUSW0                            00000FEB
PLUSW1                            00000FE3
PLUSW2                            00000FDB
POR                               00000001
PORTA                             00000F80
PORTB                             00000F81
PORTB_DATA                        00000027
PORTC                             00000F82
POSTDEC0                          00000FED
POSTDEC1                          00000FE5
POSTDEC2                          00000FDD
POSTINC0                          00000FEE
POSTINC1                          00000FE6
POSTINC2                          00000FDE
PR2                               00000FCB
PREINC0                           00000FEC
PREINC1                           00000FE4
PREINC2                           00000FDC
PROD                              00000FF3
PRODH                             00000FF4
MPASM  5.46                        TIMER0.ASM   3-9-2013  18:48:15         PAGE 13


SYMBOL TABLE
  LABEL                             VALUE 

PRODL                             00000FF3
PSA                               00000003
R                                 00000002
RA0                               00000000
RA1                               00000001
RA2                               00000002
RA3                               00000003
RA4                               00000004
RA5                               00000005
RA6                               00000006
RA7                               00000007
RB0                               00000000
RB0_ISR                           000000F2
RB1                               00000001
RB1_ISR                           000000F6
RB2                               00000002
RB2_ISR                           000000FA
RB3                               00000003
RB4                               00000004
RB4_ISR                           0000013E
RB5                               00000005
RB5_CMP                           0000010A
RB5_ISR                           00000144
RB6                               00000006
RB6_CMP                           00000110
RB6_ISR                           0000014A
RB7                               00000007
RB7_CMP                           00000116
RB7_ISR                           00000150
RBIE                              00000003
RBIF                              00000000
RBIP                              00000000
RBPU                              00000007
RB_END                            0000011C
RB_PORT_ISR                       000000FE
RC0                               00000000
RC1                               00000001
RC2                               00000002
RC3                               00000003
RC4                               00000004
RC5                               00000005
RC6                               00000006
RC7                               00000007
RCEN                              00000003
RCIE                              00000005
RCIF                              00000005
RCIP                              00000005
RCON                              00000FD0
RCREG                             00000FAE
RCSTA                             00000FAB
RD                                00000000
RD16                              00000007
READ_WRITE                        00000002
MPASM  5.46                        TIMER0.ASM   3-9-2013  18:48:15         PAGE 14


SYMBOL TABLE
  LABEL                             VALUE 

RI                                00000004
RSEN                              00000001
RX                                00000007
RX9                               00000006
RX9D                              00000000
R_NOT_W                           00000002
R_W                               00000002
S                                 00000003
SCK                               00000003
SCL                               00000003
SCS                               00000000
SCS0                              00000000
SCS1                              00000001
SDA                               00000004
SDI                               00000004
SDO                               00000005
SEN                               00000000
SMP                               00000007
SP0                               00000000
SP1                               00000001
SP2                               00000002
SP3                               00000003
SP4                               00000004
SPBRG                             00000FAF
SPEN                              00000007
SREN                              00000005
SS                                00000005
SSPADD                            00000FC8
SSPBUF                            00000FC9
SSPCON1                           00000FC6
SSPCON2                           00000FC5
SSPEN                             00000005
SSPIE                             00000003
SSPIF                             00000003
SSPIP                             00000003
SSPM0                             00000000
SSPM1                             00000001
SSPM2                             00000002
SSPM3                             00000003
SSPOV                             00000006
SSPSTAT                           00000FC7
STATUS                            00000FD8
STATUS_TMP                        00000025
STKFUL                            00000007
STKOVF                            00000007
STKPTR                            00000FFC
STKPTR0                           00000000
STKPTR1                           00000001
STKPTR2                           00000002
STKPTR3                           00000003
STKPTR4                           00000004
STKUNF                            00000006
SWDTE                             00000000
MPASM  5.46                        TIMER0.ASM   3-9-2013  18:48:15         PAGE 15


SYMBOL TABLE
  LABEL                             VALUE 

SWDTEN                            00000000
SYNC                              00000004
T016BIT                           00000006
T08BIT                            00000006
T0CKI                             00000004
T0CON                             00000FD5
T0CS                              00000005
T0IE                              00000005
T0IF                              00000002
T0IP                              00000002
T0PS0                             00000000
T0PS1                             00000001
T0PS2                             00000002
T0PS3                             00000003
T0SE                              00000004
T13CKI                            00000000
T1CKI                             00000000
T1CKPS0                           00000004
T1CKPS1                           00000005
T1CON                             00000FCD
T1OSCEN                           00000003
T1OSI                             00000001
T1OSO                             00000000
T1RUN                             00000006
T1SYNC                            00000002
T2CKPS0                           00000000
T2CKPS1                           00000001
T2CON                             00000FCA
T3CCP1                            00000003
T3CCP2                            00000006
T3CKPS0                           00000004
T3CKPS1                           00000005
T3CON                             00000FB1
T3SYNC                            00000002
TABLAT                            00000FF5
TBLPTR                            00000FF6
TBLPTRH                           00000FF7
TBLPTRL                           00000FF6
TBLPTRU                           00000FF8
TMR0                              00000FD6
TMR0H                             00000FD7
TMR0IE                            00000005
TMR0IF                            00000002
TMR0IP                            00000002
TMR0L                             00000FD6
TMR0ON                            00000007
TMR1                              00000FCE
TMR1CS                            00000001
TMR1H                             00000FCF
TMR1IE                            00000000
TMR1IF                            00000000
TMR1IP                            00000000
TMR1L                             00000FCE
MPASM  5.46                        TIMER0.ASM   3-9-2013  18:48:15         PAGE 16


SYMBOL TABLE
  LABEL                             VALUE 

TMR1ON                            00000000
TMR2                              00000FCC
TMR2IE                            00000001
TMR2IF                            00000001
TMR2IP                            00000001
TMR2ON                            00000002
TMR3                              00000FB2
TMR3CS                            00000001
TMR3H                             00000FB3
TMR3IE                            00000001
TMR3IF                            00000001
TMR3IP                            00000001
TMR3L                             00000FB2
TMR3ON                            00000000
TO                                00000003
TOS                               00000FFD
TOSH                              00000FFE
TOSL                              00000FFD
TOSU                              00000FFF
TOUTPS0                           00000003
TOUTPS1                           00000004
TOUTPS2                           00000005
TOUTPS3                           00000006
TRISA                             00000F92
TRISA0                            00000000
TRISA1                            00000001
TRISA2                            00000002
TRISA3                            00000003
TRISA4                            00000004
TRISA5                            00000005
TRISA6                            00000006
TRISA7                            00000007
TRISB                             00000F93
TRISB0                            00000000
TRISB1                            00000001
TRISB2                            00000002
TRISB3                            00000003
TRISB4                            00000004
TRISB5                            00000005
TRISB6                            00000006
TRISB7                            00000007
TRISC                             00000F94
TRISC0                            00000000
TRISC1                            00000001
TRISC2                            00000002
TRISC3                            00000003
TRISC4                            00000004
TRISC5                            00000005
TRISC6                            00000006
TRISC7                            00000007
TRMT                              00000001
TUN0                              00000000
TUN1                              00000001
MPASM  5.46                        TIMER0.ASM   3-9-2013  18:48:15         PAGE 17


SYMBOL TABLE
  LABEL                             VALUE 

TUN2                              00000002
TUN3                              00000003
TUN4                              00000004
TUN5                              00000005
TUNSEL                            00000007
TX                                00000006
TX9                               00000006
TX9D                              00000000
TXEN                              00000005
TXIE                              00000004
TXIF                              00000004
TXIP                              00000004
TXREG                             00000FAD
TXSTA                             00000FAC
TX_CHEACK                         000000AE
Timer0_ISR                        000000E2
UA                                00000001
VCFG0                             00000004
VCFG1                             00000005
VREFM                             00000002
VREFP                             00000003
W                                 00000000
WCOL                              00000007
WDTCON                            00000FD1
WR                                00000001
WREG                              00000FE8
WREG_TMP                          00000024
WREN                              00000002
WRERR                             00000003
Z                                 00000002
_16K                              000000FD
_1K                               000000F5
_2K                               000000F7
_32K                              000000FF
_4K                               000000F9
_8K                               000000FB
_BORV_20_2L                       000000FF
_BORV_27_2L                       000000FB
_BORV_42_2L                       000000F7
_BORV_45_2L                       000000F3
_BOR_OFF_2L                       000000FD
_BOR_ON_2L                        000000FF
_CCP2MX_B3                        000000FE
_CCP2MX_B3_3H                     000000FE
_CCP2MX_C1                        000000FF
_CCP2MX_C1_3H                     000000FF
_CCP2MX_OFF                       000000FE
_CCP2MX_OFF_3H                    000000FE
_CCP2MX_ON                        000000FF
_CCP2MX_ON_3H                     000000FF
_CONFIG1H                         00300001
_CONFIG2H                         00300003
_CONFIG2L                         00300002
MPASM  5.46                        TIMER0.ASM   3-9-2013  18:48:15         PAGE 18


SYMBOL TABLE
  LABEL                             VALUE 

_CONFIG3H                         00300005
_CONFIG4L                         00300006
_CONFIG5H                         00300009
_CONFIG5L                         00300008
_CONFIG6H                         0030000B
_CONFIG6L                         0030000A
_CONFIG7H                         0030000D
_CONFIG7L                         0030000C
_CP0_OFF_5L                       000000FF
_CP0_ON_5L                        000000FE
_CP1_OFF_5L                       000000FF
_CP1_ON_5L                        000000FD
_CP2_OFF_5L                       000000FF
_CP2_ON_5L                        000000FB
_CP3_OFF_5L                       000000FF
_CP3_ON_5L                        000000F7
_CPB_OFF_5H                       000000FF
_CPB_ON_5H                        000000BF
_CPD_OFF_5H                       000000FF
_CPD_ON_5H                        0000007F
_DEBUG_OFF_4L                     000000FF
_DEBUG_ON_4L                      0000007F
_DEVID1                           003FFFFE
_DEVID2                           003FFFFF
_EBTR0_OFF_7L                     000000FF
_EBTR0_ON_7L                      000000FE
_EBTR1_OFF_7L                     000000FF
_EBTR1_ON_7L                      000000FD
_EBTR2_OFF_7L                     000000FF
_EBTR2_ON_7L                      000000FB
_EBTR3_OFF_7L                     000000FF
_EBTR3_ON_7L                      000000F7
_EBTRB_OFF_7H                     000000FF
_EBTRB_ON_7H                      000000BF
_ECIOP_OSC                        000000F5
_ECIOP_OSC_1H                     000000F5
_ECIO_OSC_1H                      000000F5
_EC_OSC                           000000F4
_EC_OSC_1H                        000000F4
_FSCM_OFF_1H                      000000BF
_FSCM_ON_1H                       000000FF
_HSPLL_OSC                        000000F6
_HSPLL_OSC_1H                     000000F6
_HS_OSC                           000000F2
_HS_OSC_1H                        000000F2
_IDLOC0                           00200000
_IDLOC1                           00200001
_IDLOC2                           00200002
_IDLOC3                           00200003
_IDLOC4                           00200004
_IDLOC5                           00200005
_IDLOC6                           00200006
_IDLOC7                           00200007
MPASM  5.46                        TIMER0.ASM   3-9-2013  18:48:15         PAGE 19


SYMBOL TABLE
  LABEL                             VALUE 

_IESO_OFF_1H                      0000007F
_IESO_ON_1H                       000000FF
_INTIO1_OSC                       000000F9
_INTIO1_OSC_1H                    000000F9
_INTIO2_OSC                       000000F8
_INTIO2_OSC_1H                    000000F8
_LP_OSC                           000000F0
_LP_OSC_1H                        000000F0
_LVP_OFF_4L                       000000FB
_LVP_ON_4L                        000000FF
_MCLRE_OFF_3H                     0000007F
_MCLRE_ON_3H                      000000FF
_PBAD_ANA_3H                      000000FF
_PBAD_DIG_3H                      000000FD
_PWRT_OFF_2L                      000000FF
_PWRT_ON_2L                       000000FE
_RCIO_OSC                         000000F7
_RCIO_OSC_1H                      000000F7
_RC_OSC                           000000FC
_RC_OSC_1H                        000000FC
_STVR_OFF_4L                      000000FE
_STVR_ON_4L                       000000FF
_WDTPS_128_2H                     000000EF
_WDTPS_16K_2H                     000000FD
_WDTPS_16_2H                      000000E9
_WDTPS_1K_2H                      000000F5
_WDTPS_1_2H                       000000E1
_WDTPS_256_2H                     000000F1
_WDTPS_2K_2H                      000000F7
_WDTPS_2_2H                       000000E3
_WDTPS_32K_2H                     000000FF
_WDTPS_32_2H                      000000EB
_WDTPS_4K_2H                      000000F9
_WDTPS_4_2H                       000000E5
_WDTPS_512_2H                     000000F3
_WDTPS_64_2H                      000000ED
_WDTPS_8K_2H                      000000FB
_WDTPS_8_2H                       000000E7
_WDT_OFF_2H                       000000FE
_WDT_ON_2H                        000000FF
_WRT0_OFF_6L                      000000FF
_WRT0_ON_6L                       000000FE
_WRT1_OFF_6L                      000000FF
_WRT1_ON_6L                       000000FD
_WRT2_OFF_6L                      000000FF
_WRT2_ON_6L                       000000FB
_WRT3_OFF_6L                      000000FF
_WRT3_ON_6L                       000000F7
_WRTB_OFF_6H                      000000FF
_WRTB_ON_6H                       000000BF
_WRTC_OFF_6H                      000000FF
_WRTC_ON_6H                       000000DF
_WRTD_OFF_6H                      000000FF
MPASM  5.46                        TIMER0.ASM   3-9-2013  18:48:15         PAGE 20


SYMBOL TABLE
  LABEL                             VALUE 

_WRTD_ON_6H                       0000007F
_XT_OSC                           000000F1
_XT_OSC_1H                        000000F1
__18F2320                         00000001
__DEBUG                           1

Errors   :     0
Warnings :     0 reported,     0 suppressed
Messages :     0 reported,     0 suppressed

