MPASM  5.40                           LCD.ASM   3-10-2013  15:40:45         PAGE  1


LOC  OBJECT CODE     LINE SOURCE TEXT
  VALUE

                      00001 ; ========================== ここから ==============================
                      00002 ;       PIC16F84A
                      00003 ;       clock:20MHz
                      00004 ;
                      00005 ;       ＬＣＤを４ビットで制御
                      00006 ;
                      00007 ;       ＰＩＣのピン接続
                      00008 ;               RB0     LCD DB4
                      00009 ;               RB1     LCD DB5
                      00010 ;               RB2     LCD DB6
                      00011 ;               RB3     LCD DB7
                      00012 ;
                      00013 ;               RA0     LCD R/W (6:Read/Write)
                      00014 ;               RA1     LCD E   (5:Enable Signal)
                      00015 ;               RA2     LCD RS  (4:Register Select)
                      00016 ;
                      00017 ;       使用タイマ（プログラムループ）
                      00018 ;                15mS   ＬＣＤパワーオンリセット待ち
                      00019 ;                 5mS   ＬＣＤ初期化ルーチン
                      00020 ;                 1mS   ＬＣＤ初期化ルーチン
                      00021 ;                50uS   ＬＣＤ初期化ルーチン，書き込み待ち
                      00022 ;
                      00023 
                      00024 
                      00025        LIST    P=PIC16F877A
                      00026        INCLUDE P16F877A.INC
                      00001         LIST
                      00002 
                      00003 ;==========================================================================
                      00004 ;  MPASM PIC16F877A processor include
                      00005 ; 
                      00006 ;  (c) Copyright 1999-2011 Microchip Technology, All rights reserved
                      00007 ;==========================================================================
                      00008 
                      00555         LIST
2007   3FF2           00027        __CONFIG _HS_OSC & _WDT_OFF & _PWRTE_ON & _CP_OFF
                      00028 
                      00029 
                      00030         CBLOCK  020h
  00000020            00031         save_st                 ;STATUSのセーブ
  00000021            00032         save_w                  ;W-regのセーブ
  00000022            00033         CNT15mS                 ;15ｍＳカウンタ
  00000023            00034         CNT5mS                  ;5ｍＳカウンタ
  00000024            00035         CNT1mS                  ;1ｍＳカウンタ
  00000025            00036         CNT50uS                 ;50μＳカウンタ
  00000026            00037         char                    ;LCD表示データ
                      00038         ENDC
                      00039 
  00000003            00040 RW      EQU     03h             ;LCD R/W
  00000004            00041 E       EQU     04h             ;LCD Enable
  00000005            00042 RS      EQU     05h             ;LCD Register Select
  00000003            00043 BUSY    EQU     03h             ;BUSY FLAG (PORTB,3)
                      00044 
MPASM  5.40                           LCD.ASM   3-10-2013  15:40:45         PAGE  2


LOC  OBJECT CODE     LINE SOURCE TEXT
  VALUE

                      00045 
                      00046 ; ==================== 初期処理 =====================
                      00047         org     0
0000                  00048 init
0000   1303           00049         BCF     STATUS,RP1              ;バンク１に
0001   1683           00050         BSF     STATUS,RP0
0002   3000           00051         MOVLW   H'00'
Message[302]: Register in operand not in bank 0.  Ensure that bank bits are correct.
0003   0085           00052         MOVWF   TRISA           ;RA0-2は出力
0004   30F0           00053         MOVLW   H'F0'
Message[302]: Register in operand not in bank 0.  Ensure that bank bits are correct.
0005   0086           00054         MOVWF   TRISB           ;RB0-3は出力
0006   1303           00055         BCF     STATUS,RP1
0007   1283           00056         BCF     STATUS,RP0              ;バンク０に
0008   0185           00057         CLRF    PORTA
0009   0186           00058         CLRF    PORTB
                      00059 
000A   2???           00060         CALL    LCD_init        ;LCD 初期化
                      00061 
                      00062 ; ==================== メイン処理 =====================
000B                  00063 main
000B   2???           00064         CALL    LCD_home        ;カーソルを１行目の先頭に
000C   3048           00065         MOVLW   'H'
000D   2???           00066         CALL    LCD_write
000E   3065           00067         MOVLW   'e'
000F   2???           00068         CALL    LCD_write
0010   306C           00069         MOVLW   'l'
0011   2???           00070         CALL    LCD_write
0012   306C           00071         MOVLW   'l'
0013   2???           00072         CALL    LCD_write
0014   306F           00073         MOVLW   'o'
0015   2???           00074         CALL    LCD_write
0016   302C           00075         MOVLW   ','
0017   2???           00076         CALL    LCD_write
                      00077 
0018   2???           00078         CALL    LCD_2line       ;カーソルを２行目の先頭に
0019   3077           00079         MOVLW   'w'
001A   2???           00080         CALL    LCD_write
001B   306F           00081         MOVLW   'o'
001C   2???           00082         CALL    LCD_write
001D   3072           00083         MOVLW   'r'
001E   2???           00084         CALL    LCD_write
001F   306C           00085         MOVLW   'l'
0020   2???           00086         CALL    LCD_write
0021   3064           00087         MOVLW   'd'
0022   2???           00088         CALL    LCD_write
0023   3021           00089         MOVLW   '!'
0024   2???           00090         CALL    LCD_write
                      00091 
0025   0185           00092         CLRF    PORTA
0026   0186           00093         CLRF    PORTB
                      00094         ;SLEEP
                      00095 
MPASM  5.40                           LCD.ASM   3-10-2013  15:40:45         PAGE  3


LOC  OBJECT CODE     LINE SOURCE TEXT
  VALUE

0027   2???           00096         GOTO    main
                      00097 
                      00098 
                      00099 ;================= ＬＣＤ表示をクリアする ===================
0028                  00100 LCD_clear
0028   3001           00101         MOVLW   01h
0029   2???           00102         CALL    LCD_command
002A   0008           00103         RETURN
                      00104 
                      00105 ;================= ＬＣＤのカーソル位置を先頭に戻す =========
002B                  00106 LCD_home
002B   3002           00107         MOVLW   02h
002C   2???           00108         CALL    LCD_command
002D   0008           00109         RETURN
                      00110 
                      00111 ;================= ＬＣＤのカーソル位置を２行目の先頭に =====
002E                  00112 LCD_2line
002E   30C0           00113         MOVLW   0C0h
002F   2???           00114         CALL    LCD_command
0030   0008           00115         RETURN
                      00116 
                      00117 ;================= ＬＣＤのディスプレイをＯＮにする =========
0031                  00118 LCD_on
0031   300C           00119         MOVLW   0Ch
0032   2???           00120         CALL    LCD_command
0033   0008           00121         RETURN
                      00122 
                      00123 ;================= ＬＣＤのディスプレイとカーソルをＯＮにする ==
0034                  00124 LCD_on_cur
0034   300E           00125         MOVLW   0Eh
0035   2???           00126         CALL    LCD_command
0036   0008           00127         RETURN
                      00128 
                      00129 ;================= ＬＣＤのディスプレイをＯＦＦにする =======
0037                  00130 LCD_off
0037   3008           00131         MOVLW   08h
0038   2???           00132         CALL    LCD_command
0039   0008           00133         RETURN
                      00134 
                      00135 ;================= ＬＣＤにデータを送る =====================
003A                  00136 LCD_write
003A   00A6           00137         MOVWF   char
003B   2???           00138         CALL    LCD_BF_wait     ;LCD busy 解除待ち
                      00139 
003C   1185           00140         BCF     PORTA,RW        ;R/W=0(Write)
003D   1685           00141         BSF     PORTA,RS        ;RS=1(Data)
                      00142 
003E   30F0           00143         MOVLW   0F0h            ;PORTBの下位４ビットを
003F   0586           00144         ANDWF   PORTB,F         ;　クリア
0040   0E26           00145         SWAPF   char,W          ;上位
0041   390F           00146         ANDLW   0Fh             ;４ビットを
0042   0486           00147         IORWF   PORTB,F         ;PORTB(3-0)にセット（PORTB(7-4)はそのまま）
0043   1605           00148         BSF     PORTA,E         ;ＬＣＤにデータ書き込み
MPASM  5.40                           LCD.ASM   3-10-2013  15:40:45         PAGE  4


LOC  OBJECT CODE     LINE SOURCE TEXT
  VALUE

0044   0000           00149         NOP
0045   1205           00150         BCF     PORTA,E
                      00151 
0046   30F0           00152         MOVLW   0F0h            ;PORTBの下位４ビットを
0047   0586           00153         ANDWF   PORTB,F         ;　クリア
0048   0826           00154         MOVF    char,W          ;下位
0049   390F           00155         ANDLW   0Fh             ;４ビットを
004A   0486           00156         IORWF   PORTB,F         ;PORTB(3-0)にセット（PORTB(7-4)はそのまま）
004B   1605           00157         BSF     PORTA,E         ;ＬＣＤにデータ書き込み
004C   0000           00158         NOP
004D   1205           00159         BCF     PORTA,E
                      00160 
004E   0008           00161         RETURN
                      00162 
                      00163 ;================= ＬＣＤにコマンドを送る ===================
004F                  00164 LCD_command
004F   00A6           00165         MOVWF   char
0050   2???           00166         CALL    LCD_BF_wait     ;LCD busy 解除待ち
                      00167 
0051   1185           00168         BCF     PORTA,RW        ;R/W=0(Write)
0052   1285           00169         BCF     PORTA,RS        ;RS=0(Command)
                      00170 
0053   30F0           00171         MOVLW   0F0h            ;PORTBの下位４ビットを
0054   0586           00172         ANDWF   PORTB,F         ;　クリア
0055   0E26           00173         SWAPF   char,W          ;上位
0056   390F           00174         ANDLW   0Fh             ;４ビットを
0057   0486           00175         IORWF   PORTB,F         ;PORTB(3-0)にセット（PORTB(7-4)はそのまま）
0058   1605           00176         BSF     PORTA,E         ;ＬＣＤにデータ書き込み
0059   0000           00177         NOP
005A   1205           00178         BCF     PORTA,E
                      00179 
005B   30F0           00180         MOVLW   0F0h            ;PORTBの下位４ビットを
005C   0586           00181         ANDWF   PORTB,F         ;　クリア
005D   0826           00182         MOVF    char,W          ;下位
005E   390F           00183         ANDLW   0Fh             ;４ビットを
005F   0486           00184         IORWF   PORTB,F         ;PORTB(3-0)にセット（PORTB(7-4)はそのまま）
0060   1605           00185         BSF     PORTA,E         ;ＬＣＤにデータ書き込み
0061   0000           00186         NOP
0062   1205           00187         BCF     PORTA,E
                      00188 
0063   0008           00189         RETURN
                      00190 
                      00191 ;================= LCD Busy 解除待ち ========================
0064                  00192 LCD_BF_wait
0064   1205           00193         BCF     PORTA,E
0065   1285           00194         BCF     PORTA,RS        ;RS=0(Control)
0066   1585           00195         BSF     PORTA,RW        ;R/W=1(Read) Busy Flag read
                      00196 
0067   1303           00197         BCF     STATUS,RP1              ;バンク１に
0068   1683           00198         BSF     STATUS,RP0
0069   30FF           00199         MOVLW   0FFh
Message[302]: Register in operand not in bank 0.  Ensure that bank bits are correct.
006A   0086           00200         MOVWF   TRISB           ;RB0-7は入力
MPASM  5.40                           LCD.ASM   3-10-2013  15:40:45         PAGE  5


LOC  OBJECT CODE     LINE SOURCE TEXT
  VALUE

006B   1303           00201         BCF     STATUS,RP1
006C   1283           00202         BCF     STATUS,RP0              ;バンク０に
006D   1605           00203         BSF     PORTA,E         ;ＬＣＤ上位４ビット読み込み
006E   0000           00204         NOP
006F   1D86           00205         BTFSS   PORTB,BUSY      ;LCD Busy ?
0070   2???           00206         GOTO    LCD_BF_wait1    ; No
0071   1205           00207         BCF     PORTA,E
0072   0000           00208         NOP
0073   1605           00209         BSF     PORTA,E         ;ＬＣＤ下位４ビット読み飛ばし
0074   0000           00210         NOP
0075   1205           00211         BCF     PORTA,E
0076   2???           00212         GOTO    LCD_BF_wait
                      00213 
0077                  00214 LCD_BF_wait1
0077   1605           00215         BSF     PORTA,E         ;ＬＣＤ下位４ビット読み飛ばし
0078   0000           00216         NOP
0079   1205           00217         BCF     PORTA,E
007A   1303           00218         BCF     STATUS,RP1              ;バンク１に
007B   1683           00219         BSF     STATUS,RP0
007C   30F0           00220         MOVLW   0F0h            ;RB0-3は出力
Message[302]: Register in operand not in bank 0.  Ensure that bank bits are correct.
007D   0086           00221         MOVWF   TRISB
007E   1303           00222         BCF     STATUS,RP1
007F   1283           00223         BCF     STATUS,RP0              ;バンク０に
                      00224 
0080   0008           00225         RETURN
                      00226 
                      00227 ;================= LCD初期化 ================================
0081                  00228 LCD_init
0081   2???           00229         CALL    wait15ms        ;15mS待つ
0082   1185           00230         BCF     PORTA,RW        ;R/W=0
0083   1285           00231         BCF     PORTA,RS        ;RS=0
0084   1205           00232         BCF     PORTA,E         ;E=0
                      00233 
0085   30F0           00234         MOVLW   0F0h            ;PORTBの上位４ビットを
0086   0506           00235         ANDWF   PORTB,W         ;取り出す（変更しないように）
0087   3803           00236         IORLW   03h             ;下位４ビットに'３'をセット
0088   0086           00237         MOVWF   PORTB
0089   1605           00238         BSF     PORTA,E         ;ファンクションセット（１回目）
008A   0000           00239         NOP
008B   1205           00240         BCF     PORTA,E
008C   2???           00241         CALL    wait5ms         ;5mS待つ
                      00242 
008D   30F0           00243         MOVLW   0F0h            ;PORTBの上位４ビットを
008E   0506           00244         ANDWF   PORTB,W         ;取り出す（変更しないように）
008F   3803           00245         IORLW   03h             ;下位４ビットに'３'をセット
0090   0086           00246         MOVWF   PORTB
0091   1605           00247         BSF     PORTA,E         ;ファンクションセット（２回目）
0092   0000           00248         NOP
0093   1205           00249         BCF     PORTA,E
0094   2???           00250         CALL    wait5ms         ;5mS待つ
                      00251 
0095   30F0           00252         MOVLW   0F0h            ;PORTBの上位４ビットを
MPASM  5.40                           LCD.ASM   3-10-2013  15:40:45         PAGE  6


LOC  OBJECT CODE     LINE SOURCE TEXT
  VALUE

0096   0506           00253         ANDWF   PORTB,W         ;取り出す（変更しないように）
0097   3803           00254         IORLW   03h             ;下位４ビットに'３'をセット
0098   0086           00255         MOVWF   PORTB
0099   1605           00256         BSF     PORTA,E         ;ファンクションセット（３回目）
009A   0000           00257         NOP
009B   1205           00258         BCF     PORTA,E
009C   2???           00259         CALL    wait5ms         ;5mS待つ
                      00260 
009D   30F0           00261         MOVLW   0F0h            ;PORTBの上位４ビットを
009E   0506           00262         ANDWF   PORTB,W         ;取り出す（変更しないように）
009F   3802           00263         IORLW   02h             ;４ビットモード
00A0   0086           00264         MOVWF   PORTB           ;に
00A1   1605           00265         BSF     PORTA,E         ;設定
00A2   0000           00266         NOP
00A3   1205           00267         BCF     PORTA,E
00A4   2???           00268         CALL    wait1ms         ;1mS待つ
                      00269 
00A5   3028           00270         MOVLW   028h            ;４ビットモード，２行表示，７ドット
00A6   2???           00271         CALL    LCD_command
00A7   2???           00272         CALL    LCD_off         ;ディスプレイＯＦＦ
00A8   2???           00273         CALL    LCD_clear       ;ＬＣＤクリア
00A9   3006           00274         MOVLW   06h             ;
00AA   2???           00275         CALL    LCD_command     ;カーソルモードセット (Increment)
00AB   2???           00276         CALL    LCD_on          ;ディスプレイＯＮ，カーソルＯＦＦ
                      00277 
00AC   0008           00278         RETURN
                      00279 
                      00280 ;================= 15mS WAIT ================================
00AD                  00281 wait15ms
00AD   3003           00282         MOVLW   d'3'
00AE   00A2           00283         MOVWF   CNT15mS
00AF                  00284 wait15ms_loop
00AF   2???           00285         CALL    wait5ms
00B0   0BA2           00286         DECFSZ  CNT15mS,F
00B1   2???           00287         GOTO    wait15ms_loop
00B2   0008           00288         RETURN
                      00289 
                      00290 ;================= 5mS WAIT =================================
00B3                  00291 wait5ms
00B3   3064           00292         MOVLW   d'100'
00B4   00A3           00293         MOVWF   CNT5mS
00B5                  00294 wait5ms_loop
00B5   2???           00295         CALL    wait50us
00B6   0BA3           00296         DECFSZ  CNT5mS,F
00B7   2???           00297         GOTO    wait5ms_loop
00B8   0008           00298         RETURN
                      00299 
                      00300 ;================= 1mS WAIT =================================
00B9                  00301 wait1ms
00B9   3014           00302         MOVLW   d'20'
00BA   00A4           00303         MOVWF   CNT1mS
00BB                  00304 wait1ms_loop
00BB   2???           00305         CALL    wait50us
MPASM  5.40                           LCD.ASM   3-10-2013  15:40:45         PAGE  7


LOC  OBJECT CODE     LINE SOURCE TEXT
  VALUE

00BC   0BA4           00306         DECFSZ  CNT1mS,F
00BD   2???           00307         GOTO    wait1ms_loop
00BE   0008           00308         RETURN
                      00309 
                      00310 ;================= 50μS WAIT ===============================
00BF                  00311 wait50us
                      00312         ; １サイクル（４クロック）：０．２μＳ
                      00313         ; ５０μＳ＝０．２μＳ×２５０サイクル
                      00314 
00BF   3052           00315         MOVLW   d'82'           ;1
00C0   00A5           00316         MOVWF   CNT50uS         ;1
00C1                  00317 wait50us_loop
00C1   0BA5           00318         DECFSZ  CNT50uS,F       ;1
00C2   2???           00319         GOTO    wait50us_loop   ;2
00C3   0008           00320         RETURN                  ;2+1
                      00321 
3FF2                  00322         END
MPASM  5.40                           LCD.ASM   3-10-2013  15:40:45         PAGE  8


SYMBOL TABLE
  LABEL                             VALUE 

ACKDT                             00000005
ACKEN                             00000004
ACKSTAT                           00000006
ADCON0                            0000001F
ADCON1                            0000009F
ADCS0                             00000006
ADCS1                             00000007
ADCS2                             00000006
ADDEN                             00000003
ADFM                              00000007
ADIE                              00000006
ADIF                              00000006
ADON                              00000000
ADRESH                            0000001E
ADRESL                            0000009E
BCLIE                             00000003
BCLIF                             00000003
BF                                00000000
BRGH                              00000002
BUSY                              00000003
C                                 00000000
C1INV                             00000004
C1OUT                             00000006
C2INV                             00000005
C2OUT                             00000007
CCP1CON                           00000017
CCP1IE                            00000002
CCP1IF                            00000002
CCP1M0                            00000000
CCP1M1                            00000001
CCP1M2                            00000002
CCP1M3                            00000003
CCP1X                             00000005
CCP1Y                             00000004
CCP2CON                           0000001D
CCP2IE                            00000000
CCP2IF                            00000000
CCP2M0                            00000000
CCP2M1                            00000001
CCP2M2                            00000002
CCP2M3                            00000003
CCP2X                             00000005
CCP2Y                             00000004
CCPR1                             00000015
CCPR1H                            00000016
CCPR1L                            00000015
CCPR2                             0000001B
CCPR2H                            0000001C
CCPR2L                            0000001B
CHS0                              00000003
CHS1                              00000004
CHS2                              00000005
CIS                               00000003
MPASM  5.40                           LCD.ASM   3-10-2013  15:40:45         PAGE  9


SYMBOL TABLE
  LABEL                             VALUE 

CKE                               00000006
CKP                               00000004
CM0                               00000000
CM1                               00000001
CM2                               00000002
CMCON                             0000009C
CMIE                              00000006
CMIF                              00000006
CNT15mS                           00000022
CNT1mS                            00000024
CNT50uS                           00000025
CNT5mS                            00000023
CREN                              00000004
CSRC                              00000007
CVR0                              00000000
CVR1                              00000001
CVR2                              00000002
CVR3                              00000003
CVRCON                            0000009D
CVREN                             00000007
CVROE                             00000006
CVRR                              00000005
D                                 00000005
DATA_ADDRESS                      00000005
DC                                00000001
D_A                               00000005
D_NOT_A                           00000005
E                                 00000004
EEADR                             0000010D
EEADRH                            0000010F
EECON1                            0000018C
EECON2                            0000018D
EEDATA                            0000010C
EEDATH                            0000010E
EEIE                              00000004
EEIF                              00000004
EEPGD                             00000007
F                                 00000001
FERR                              00000002
FSR                               00000004
GCEN                              00000007
GIE                               00000007
GO                                00000002
GO_DONE                           00000002
GO_NOT_DONE                       00000002
I2C_DATA                          00000005
I2C_READ                          00000002
I2C_START                         00000003
I2C_STOP                          00000004
IBF                               00000007
IBOV                              00000005
INDF                              00000000
INTCON                            0000000B
MPASM  5.40                           LCD.ASM   3-10-2013  15:40:45         PAGE 10


SYMBOL TABLE
  LABEL                             VALUE 

INTE                              00000004
INTEDG                            00000006
INTF                              00000001
IRP                               00000007
LCD_2line                         0000002E
LCD_BF_wait                       00000064
LCD_BF_wait1                      00000077
LCD_clear                         00000028
LCD_command                       0000004F
LCD_home                          0000002B
LCD_init                          00000081
LCD_off                           00000037
LCD_on                            00000031
LCD_on_cur                        00000034
LCD_write                         0000003A
NOT_A                             00000005
NOT_ADDRESS                       00000005
NOT_BO                            00000000
NOT_BOR                           00000000
NOT_DONE                          00000002
NOT_PD                            00000003
NOT_POR                           00000001
NOT_RBPU                          00000007
NOT_RC8                           00000006
NOT_T1SYNC                        00000002
NOT_TO                            00000004
NOT_TX8                           00000006
NOT_W                             00000002
NOT_WRITE                         00000002
OBF                               00000006
OERR                              00000001
OPTION_REG                        00000081
P                                 00000004
PCFG0                             00000000
PCFG1                             00000001
PCFG2                             00000002
PCFG3                             00000003
PCL                               00000002
PCLATH                            0000000A
PCON                              0000008E
PEIE                              00000006
PEN                               00000002
PIE1                              0000008C
PIE2                              0000008D
PIR1                              0000000C
PIR2                              0000000D
PORTA                             00000005
PORTB                             00000006
PORTC                             00000007
PORTD                             00000008
PORTE                             00000009
PR2                               00000092
PS0                               00000000
MPASM  5.40                           LCD.ASM   3-10-2013  15:40:45         PAGE 11


SYMBOL TABLE
  LABEL                             VALUE 

PS1                               00000001
PS2                               00000002
PSA                               00000003
PSPIE                             00000007
PSPIF                             00000007
PSPMODE                           00000004
R                                 00000002
RA0                               00000000
RA1                               00000001
RA2                               00000002
RA3                               00000003
RA4                               00000004
RA5                               00000005
RB0                               00000000
RB1                               00000001
RB2                               00000002
RB3                               00000003
RB4                               00000004
RB5                               00000005
RB6                               00000006
RB7                               00000007
RBIE                              00000003
RBIF                              00000000
RC0                               00000000
RC1                               00000001
RC2                               00000002
RC3                               00000003
RC4                               00000004
RC5                               00000005
RC6                               00000006
RC7                               00000007
RC8_9                             00000006
RC9                               00000006
RCD8                              00000000
RCEN                              00000003
RCIE                              00000005
RCIF                              00000005
RCREG                             0000001A
RCSTA                             00000018
RD                                00000000
RD0                               00000000
RD1                               00000001
RD2                               00000002
RD3                               00000003
RD4                               00000004
RD5                               00000005
RD6                               00000006
RD7                               00000007
RE0                               00000000
RE1                               00000001
RE2                               00000002
READ_WRITE                        00000002
RP0                               00000005
MPASM  5.40                           LCD.ASM   3-10-2013  15:40:45         PAGE 12


SYMBOL TABLE
  LABEL                             VALUE 

RP1                               00000006
RS                                00000005
RSEN                              00000001
RW                                00000003
RX9                               00000006
RX9D                              00000000
R_NOT_W                           00000002
R_W                               00000002
S                                 00000003
SEN                               00000000
SMP                               00000007
SPBRG                             00000099
SPEN                              00000007
SREN                              00000005
SSPADD                            00000093
SSPBUF                            00000013
SSPCON                            00000014
SSPCON2                           00000091
SSPEN                             00000005
SSPIE                             00000003
SSPIF                             00000003
SSPM0                             00000000
SSPM1                             00000001
SSPM2                             00000002
SSPM3                             00000003
SSPOV                             00000006
SSPSTAT                           00000094
STATUS                            00000003
SYNC                              00000004
T0CS                              00000005
T0IE                              00000005
T0IF                              00000002
T0SE                              00000004
T1CKPS0                           00000004
T1CKPS1                           00000005
T1CON                             00000010
T1INSYNC                          00000002
T1OSCEN                           00000003
T1SYNC                            00000002
T2CKPS0                           00000000
T2CKPS1                           00000001
T2CON                             00000012
TMR0                              00000001
TMR0IE                            00000005
TMR0IF                            00000002
TMR1CS                            00000001
TMR1H                             0000000F
TMR1IE                            00000000
TMR1IF                            00000000
TMR1L                             0000000E
TMR1ON                            00000000
TMR2                              00000011
TMR2IE                            00000001
MPASM  5.40                           LCD.ASM   3-10-2013  15:40:45         PAGE 13


SYMBOL TABLE
  LABEL                             VALUE 

TMR2IF                            00000001
TMR2ON                            00000002
TOUTPS0                           00000003
TOUTPS1                           00000004
TOUTPS2                           00000005
TOUTPS3                           00000006
TRISA                             00000085
TRISA0                            00000000
TRISA1                            00000001
TRISA2                            00000002
TRISA3                            00000003
TRISA4                            00000004
TRISA5                            00000005
TRISB                             00000086
TRISB0                            00000000
TRISB1                            00000001
TRISB2                            00000002
TRISB3                            00000003
TRISB4                            00000004
TRISB5                            00000005
TRISB6                            00000006
TRISB7                            00000007
TRISC                             00000087
TRISC0                            00000000
TRISC1                            00000001
TRISC2                            00000002
TRISC3                            00000003
TRISC4                            00000004
TRISC5                            00000005
TRISC6                            00000006
TRISC7                            00000007
TRISD                             00000088
TRISD0                            00000000
TRISD1                            00000001
TRISD2                            00000002
TRISD3                            00000003
TRISD4                            00000004
TRISD5                            00000005
TRISD6                            00000006
TRISD7                            00000007
TRISE                             00000089
TRISE0                            00000000
TRISE1                            00000001
TRISE2                            00000002
TRMT                              00000001
TX8_9                             00000006
TX9                               00000006
TX9D                              00000000
TXD8                              00000000
TXEN                              00000005
TXIE                              00000004
TXIF                              00000004
TXREG                             00000019
MPASM  5.40                           LCD.ASM   3-10-2013  15:40:45         PAGE 14


SYMBOL TABLE
  LABEL                             VALUE 

TXSTA                             00000098
UA                                00000001
W                                 00000000
WCOL                              00000007
WR                                00000001
WREN                              00000002
WRERR                             00000003
Z                                 00000002
_BODEN_OFF                        00003FBF
_BODEN_ON                         00003FFF
_CONFIG                           00002007
_CPD_OFF                          00003FFF
_CPD_ON                           00003EFF
_CP_ALL                           00001FFF
_CP_OFF                           00003FFF
_DEBUG_OFF                        00003FFF
_DEBUG_ON                         000037FF
_DEVID1                           00002006
_HS_OSC                           00003FFE
_IDLOC0                           00002000
_IDLOC1                           00002001
_IDLOC2                           00002002
_IDLOC3                           00002003
_LP_OSC                           00003FFC
_LVP_OFF                          00003F7F
_LVP_ON                           00003FFF
_PWRTE_OFF                        00003FFF
_PWRTE_ON                         00003FF7
_RC_OSC                           00003FFF
_WDT_OFF                          00003FFB
_WDT_ON                           00003FFF
_WRT_1FOURTH                      00003BFF
_WRT_256                          00003DFF
_WRT_HALF                         000039FF
_WRT_OFF                          00003FFF
_XT_OSC                           00003FFD
__16F877A                         00000001
__DEBUG                           1
char                              00000026
init                              00000000
main                              0000000B
save_st                           00000020
save_w                            00000021
wait15ms                          000000AD
wait15ms_loop                     000000AF
wait1ms                           000000B9
wait1ms_loop                      000000BB
wait50us                          000000BF
wait50us_loop                     000000C1
wait5ms                           000000B3
wait5ms_loop                      000000B5

MPASM  5.40                           LCD.ASM   3-10-2013  15:40:45         PAGE 15





Errors   :     0
Warnings :     0 reported,     0 suppressed
Messages :     4 reported,     0 suppressed

