MPASM  5.40                            P1.ASM   1-27-2013  12:23:45         PAGE  1


LOC  OBJECT CODE     LINE SOURCE TEXT
  VALUE

                      00001 ;**********************************************************************
                      00002 ;   This file is a basic code template for assembly code generation   *
                      00003 ;   on the PIC12F675. This file contains the basic code               *
                      00004 ;   building blocks to build upon.                                    *
                      00005 ;                                                                     *
                      00006 ;   Refer to the MPASM User's Guide for additional information on     *
                      00007 ;   features of the assembler (Document DS33014).                     *
                      00008 ;                                                                     *
                      00009 ;   Refer to the respective PIC data sheet for additional             *
                      00010 ;   information on the instruction set.                               *
                      00011 ;                                                                     *
                      00012 ;**********************************************************************
                      00013 ;                                                                     *
                      00014 ;    Filename:      xxx.asm                                           *
                      00015 ;    Date:                                                            *
                      00016 ;    File Version:                                                    *
                      00017 ;                                                                     *
                      00018 ;    Author:                                                          *
                      00019 ;    Company:                                                         *
                      00020 ;                                                                     *
                      00021 ;                                                                     *
                      00022 ;**********************************************************************
                      00023 ;                                                                     *
                      00024 ;    Files Required: P12F675.INC                                      *
                      00025 ;                                                                     *
                      00026 ;**********************************************************************
                      00027 ;                                                                     *
                      00028 ;    Notes:                                                           *
                      00029 ;                                                                     *
                      00030 ;**********************************************************************
                      00031 
                      00032         list      p=12f675           ; list directive to define processor
                      00033         #include <p12f675.inc>        ; processor specific variable definitions
                      00001         LIST
                      00002 
                      00003 ;==========================================================================
                      00004 ;  MPASM PIC12F675 processor include
                      00005 ; 
                      00006 ;  (c) Copyright 1999-2011 Microchip Technology, All rights reserved
                      00007 ;==========================================================================
                      00008 
                      00352         LIST
                      00034 
                      00035         errorlevel  -302              ; suppress message 302 from list file
                      00036 
2007   3F84           00037         __CONFIG   _CP_OFF & _CPD_OFF & _BODEN_OFF & _MCLRE_OFF & _WDT_OFF & _PWRTE_ON & _INTRC_OSC_NOCL
                            KOUT 
                      00038 
                      00039         ;radix  dec
                      00040 ; '__CONFIG' directive is used to embed configuration word within .asm file.
                      00041 ; The lables following the directive are located in the respective .inc file.
                      00042 ; See data sheet for additional information on configuration word settings.
                      00043 
MPASM  5.40                            P1.ASM   1-27-2013  12:23:45         PAGE  2


LOC  OBJECT CODE     LINE SOURCE TEXT
  VALUE

                      00044 
                      00045 
                      00046 
                      00047 ;***** VARIABLE DEFINITIONS
                      00048 
                      00049 
  00000020            00050 w_temp          EQU     0x20
  00000021            00051 status_temp     EQU     0x21
  00000022            00052 COUNT01         EQU     0x22
                      00053 
                      00054 
                      00055 ;**********************************************************************
                      00056         ORG     0x000             ; processor reset vector
0000   2???           00057         goto    main              ; go to beginning of program
                      00058         
                      00059         ORG     0x004             ; interrupt vector location
0004   00A0           00060         movwf   w_temp            ; save off current W register contents
0005   0803           00061         movf    STATUS,w          ; move status register into W register
0006   00A1           00062         movwf   status_temp       ; save off contents of STATUS register
                      00063 
                      00064 
                      00065 ; isr code can go here or be located as a call subroutine elsewhere
                      00066 
                      00067 
0007   0821           00068         movf    status_temp,w     ; retrieve copy of STATUS register
0008   0083           00069         movwf   STATUS            ; restore pre-isr STATUS register contents
0009   0EA0           00070         swapf   w_temp,f
000A   0E20           00071         swapf   w_temp,w          ; restore pre-isr W register contents
000B   0009           00072         retfie                    ; return from interrupt
                      00073 
                      00074 
                      00075 ; these first 4 instructions are not required if the internal oscillator is not used
000C                  00076 main
000C   23FF           00077         call    0x3FF             ; retrieve factory calibration value
000D   1683           00078         bsf     STATUS,RP0        ; set file register bank to 1 
000E   0090           00079         movwf   OSCCAL            ; update register with factory cal value 
000F   1283           00080         bcf     STATUS,RP0        ; set file register bank to 0
0010   1283           00081         bcf     STATUS,RP0       ; バンク０ に切り換えます
                      00082 
0011   0185           00083         clrf    GPIO     ; 一旦 GPIO を クリア（00000000）します
0012   3007           00084         movlw   B'00000111'      ; コンパレータ使用しない に設定します
0013   0099           00085         movwf   CMCON    ; CMCON ← ｗ
0014   1683           00086         bsf     STATUS,RP0       ; バンク１ に切り換えます
0015   3009           00087         movlw   B'00001001'      ; GP0, 3 = 入力, GP2, 4, 5 = 出力　に設定
0016   0085           00088         movwf   TRISIO   ; TRISO ← ｗ
0017   019F           00089         clrf    ANSEL    ; アナログ入力を使用しない に設定します
0018   1283           00090         bcf     STATUS,RP0       ; バンク０ に戻します
0019                  00091 main00                  
                      00092         ;call   DELAY_100US
0019   1805           00093         btfsc   GPIO,GP0        ; GPIOレジスタの GP0ビットをチェック
001A   2???           00094         goto    ledoff          ; GPIOレジスタの GP0ビットが １ の時のみ実行される
001B                  00095 ledon                                   ; ラベル
001B   1285           00096         bcf     GPIO,GP5                ; GPIOレジスタの GP5ビットに ０を書き込む（LED点灯）
MPASM  5.40                            P1.ASM   1-27-2013  12:23:45         PAGE  3


LOC  OBJECT CODE     LINE SOURCE TEXT
  VALUE

001C   2???           00097         goto    main00          ; main00 に戻る
001D                  00098 ledoff                                  ; ラベル
001D   1685           00099         bsf     GPIO,GP5                ; GPIOレジスタの GP5ビットに １を書き込む（LED消灯）
001E   2???           00100         goto    main00          ; main00 に戻る
                      00101 ; remaining code goes here
                      00102 
001F                  00103 DELAY_100US                             ;サイクル
                      00104                 ;MOVLW  052H    ;1
001F   3009           00105                 MOVLW   09H     ;1
0020   00A2           00106                 MOVWF   COUNT01 ;1
0021   0000           00107                 NOP                             ;1
0022                  00108 LOOP001
Message[305]: Using default destination of 1 (file).
0022   0BA2           00109                 DECFSZ  COUNT01 ;1*81+2
0023   2???           00110                 GOTO    LOOP001 ;2*81
0024   0008           00111                 RETURN                  ;2
                      00112                                                 ;計250
                      00113 
                      00114 ; initialize eeprom locations
                      00115 
                      00116 ;               ORG     0x2100
                      00117 ;               DE      0x00, 0x01, 0x02, 0x03
                      00118 
                      00119 
3F84                  00120                 END                       ; directive 'end of program'
MPASM  5.40                            P1.ASM   1-27-2013  12:23:45         PAGE  4


SYMBOL TABLE
  LABEL                             VALUE 

ADCON0                            0000001F
ADCS0                             00000004
ADCS1                             00000005
ADCS2                             00000006
ADFM                              00000007
ADIE                              00000006
ADIF                              00000006
ADON                              00000000
ADRESH                            0000001E
ADRESL                            0000009E
ANS0                              00000000
ANS1                              00000001
ANS2                              00000002
ANS3                              00000003
ANSEL                             0000009F
C                                 00000000
CAL0                              00000002
CAL1                              00000003
CAL2                              00000004
CAL3                              00000005
CAL4                              00000006
CAL5                              00000007
CHS0                              00000002
CHS1                              00000003
CINV                              00000004
CIS                               00000003
CM0                               00000000
CM1                               00000001
CM2                               00000002
CMCON                             00000019
CMIE                              00000003
CMIF                              00000003
COUNT01                           00000022
COUT                              00000006
DC                                00000001
DELAY_100US                       0000001F
EEADR                             0000009B
EECON1                            0000009C
EECON2                            0000009D
EEDAT                             0000009A
EEDATA                            0000009A
EEIE                              00000007
EEIF                              00000007
F                                 00000001
FSR                               00000004
GIE                               00000007
GO                                00000001
GO_DONE                           00000001
GO_NOT_DONE                       00000001
GP0                               00000000
GP1                               00000001
GP2                               00000002
GP3                               00000003
MPASM  5.40                            P1.ASM   1-27-2013  12:23:45         PAGE  5


SYMBOL TABLE
  LABEL                             VALUE 

GP4                               00000004
GP5                               00000005
GPIE                              00000003
GPIF                              00000000
GPIO                              00000005
GPIO0                             00000000
GPIO1                             00000001
GPIO2                             00000002
GPIO3                             00000003
GPIO4                             00000004
GPIO5                             00000005
INDF                              00000000
INTCON                            0000000B
INTE                              00000004
INTEDG                            00000006
INTF                              00000001
IOC                               00000096
IOC0                              00000000
IOC1                              00000001
IOC2                              00000002
IOC3                              00000003
IOC4                              00000004
IOC5                              00000005
IOCB                              00000096
IOCB0                             00000000
IOCB1                             00000001
IOCB2                             00000002
IOCB3                             00000003
IOCB4                             00000004
IOCB5                             00000005
IRP                               00000007
LOOP001                           00000022
NOT_BOD                           00000000
NOT_BOR                           00000000
NOT_DONE                          00000001
NOT_GPPU                          00000007
NOT_PD                            00000003
NOT_POR                           00000001
NOT_T1SYNC                        00000002
NOT_TO                            00000004
OPTION_REG                        00000081
OSCCAL                            00000090
PCL                               00000002
PCLATH                            0000000A
PCON                              0000008E
PEIE                              00000006
PIE1                              0000008C
PIR1                              0000000C
PS0                               00000000
PS1                               00000001
PS2                               00000002
PSA                               00000003
RD                                00000000
MPASM  5.40                            P1.ASM   1-27-2013  12:23:45         PAGE  6


SYMBOL TABLE
  LABEL                             VALUE 

RP0                               00000005
RP1                               00000006
STATUS                            00000003
T0CS                              00000005
T0IE                              00000005
T0IF                              00000002
T0SE                              00000004
T1CKPS0                           00000004
T1CKPS1                           00000005
T1CON                             00000010
T1IE                              00000000
T1IF                              00000000
T1OSCEN                           00000003
TMR0                              00000001
TMR0IE                            00000005
TMR0IF                            00000002
TMR1CS                            00000001
TMR1GE                            00000006
TMR1H                             0000000F
TMR1IE                            00000000
TMR1IF                            00000000
TMR1L                             0000000E
TMR1ON                            00000000
TRISIO                            00000085
TRISIO0                           00000000
TRISIO1                           00000001
TRISIO2                           00000002
TRISIO3                           00000003
TRISIO4                           00000004
TRISIO5                           00000005
VCFG                              00000006
VR0                               00000000
VR1                               00000001
VR2                               00000002
VR3                               00000003
VRCON                             00000099
VREN                              00000007
VRR                               00000005
W                                 00000000
WPU                               00000095
WPU0                              00000000
WPU1                              00000001
WPU2                              00000002
WPU4                              00000004
WPU5                              00000005
WR                                00000001
WREN                              00000002
WRERR                             00000003
Z                                 00000002
_BODEN_OFF                        00003FBF
_BODEN_ON                         00003FFF
_CONFIG                           00002007
_CPD_OFF                          00003FFF
MPASM  5.40                            P1.ASM   1-27-2013  12:23:45         PAGE  7


SYMBOL TABLE
  LABEL                             VALUE 

_CPD_ON                           00003EFF
_CP_OFF                           00003FFF
_CP_ON                            00003F7F
_DEVID1                           00002006
_EC_OSC                           00003FFB
_EXTRC_OSC_CLKOUT                 00003FFF
_EXTRC_OSC_NOCLKOUT               00003FFE
_HS_OSC                           00003FFA
_IDLOC0                           00002000
_IDLOC1                           00002001
_IDLOC2                           00002002
_IDLOC3                           00002003
_INTRC_OSC_CLKOUT                 00003FFD
_INTRC_OSC_NOCLKOUT               00003FFC
_LP_OSC                           00003FF8
_MCLRE_OFF                        00003FDF
_MCLRE_ON                         00003FFF
_PWRTE_OFF                        00003FFF
_PWRTE_ON                         00003FEF
_WDT_OFF                          00003FF7
_WDT_ON                           00003FFF
_XT_OSC                           00003FF9
__12F675                          00000001
__DEBUG                           1
ledoff                            0000001D
ledon                             0000001B
main                              0000000C
main00                            00000019
status_temp                       00000021
w_temp                            00000020

Errors   :     0
Warnings :     0 reported,     0 suppressed
Messages :     1 reported,     3 suppressed

