MPASM  5.40                            RB.ASM   3-9-2013  13:37:24         PAGE  1


LOC  OBJECT CODE     LINE SOURCE TEXT
  VALUE

                      00001 ;******************************************
                      00002 
                      00003 ;*****************************************
                      00004         ;delayÉâÉCÉuÉâÉä
                      00005         ;20MHzÇÃèÍçá
                      00006         ;íçà”Å@COUNT01,COUNT02Å@Ç∆Ç¢Ç§ïœêîÇêÈåæÇµÇƒÇ®Ç≠
                      00007         ;1ÉTÉCÉNÉãÇÕ4ÉNÉçÉbÉNÇ»ÇÃÇ≈ 1 / 20M = 0.000 000 005 = 0.05usec
                      00008         ;Ç»ÇÃÇ≈ 1ÉTÉCÉNÉãÇÕ0.2usecÇ»ÇÃÇ≈ 0.2usec * 500 = 100usec 
                      00009         ;ZÉtÉâÉOíçà”                    
                      00010 ;****************************************/
                      00011                 list    P=PIC16F877A    
                      00012                 #include        <P16F877A.inc>
                      00001         LIST
                      00002 
                      00003 ;==========================================================================
                      00004 ;  MPASM PIC16F877A processor include
                      00005 ; 
                      00006 ;  (c) Copyright 1999-2011 Microchip Technology, All rights reserved
                      00007 ;==========================================================================
                      00008 
                      00555         LIST
                      00013                 
                      00014                 errorlevel  -302 
                      00015                 
2007   3FB2           00016                 __CONFIG        _HS_OSC & _WDT_OFF & _PWRTE_ON & _BODEN_OFF & _LVP_ON & _CPD_OFF & _WRT_
                            OFF & _DEBUG_OFF  & _CP_OFF
                      00017                 
                      00018 ;******************************
                      00019         ;ïœêîíËã`
                      00020 ;******************************
                      00021         CBLOCK          020H
  00000020            00022         BUFFER                          ;020î‘ín
  00000021            00023         COUNT01                 ;021î‘ín
  00000022            00024         COUNT02                 ;022î‘ín
  00000023            00025         DATA_1BYRE                      ;023î‘ín
  00000024            00026         WORK1           ;äÑÇËçûÇ›éûÇÃÉÅÉCÉìÉvÉçÉOÉâÉÄÇÃÉfÅ[É^ÇÃ
                      00027                                                                 ;ëﬁîèÍèäÅD
                      00028         ENDC
                      00029 
                      00030 ;************************************
                      00031                 ORG     0x000
0000   2???           00032                 GOTO    INIT
                      00033                 ORG     0x004
0004   00A4           00034                 MOVWF WORK1                     ;WÉåÉWÉXÉ^ÇÃì‡óeÇëﬁî
0005   138B           00035                 BCF             INTCON,GIE      ;ÉOÉçÅ[ÉoÉãäÑÇËçûÇ›ÉCÉlÅ[ÉuÉãÉrÉbÉg(7bitñ⁄)Çã÷é~
0006   2???           00036                 CALL    RB0_ISR         ;RB0äÑÇËçûÇ›èàóùÇ…çsÇ≠
0007   138B           00037                 BCF             INTCON,GIE      ;ÉOÉçÅ[ÉoÉãäÑÇËçûÇ›ÉCÉlÅ[ÉuÉãÉrÉbÉg(7bitñ⁄)Çãñâ¬
0008   1303           00038                 BCF     STATUS,RP1
0009   1283           00039                 BCF     STATUS,RP0              ;ÉoÉìÉNÇOÇ…
000A   0824           00040                 MOVF WORK1, W           ;WÉåÉWÉXÉ^ÇÃì‡óeÇñﬂÇ∑
000B   0009           00041                 RETFIE
                      00042         ;RETFIE ÅiäÑÇËçûÇ›Ç©ÇÁÇÃReturnÅjÇé¿çs
                      00043         ;Ç∑ÇÈÇ∆ÅCÉXÉ^ÉbÉNÇ…äiî[ÇµÇΩî‘ínÇ™ÉvÉçÉO
MPASM  5.40                            RB.ASM   3-9-2013  13:37:24         PAGE  2


LOC  OBJECT CODE     LINE SOURCE TEXT
  VALUE

                      00044         ;ÉâÉÄÉJÉEÉìÉ^Ç…ñﬂÇ≥ÇÍÅCäÑÇËçûÇ›Ç™Ç©Ç©Ç¡
                      00045         ;ÇΩéûÇÃÉÅÉCÉìÉvÉçÉOÉâÉÄÇ…ñﬂÇÈ
                      00046 ;***************èâä˙âª*********************
000C                  00047 INIT
000C   1383           00048                 BCF     STATUS,IRP              ;ÉoÉìÉN 0,1Ç…éwíË
000D   1303           00049                 BCF     STATUS,RP1              ;Ç±ÇÃ2Ç¬Ç≈ÉoÉìÉNÇPÇ…
000E   1683           00050                 BSF     STATUS,RP0              ;êÿÇËë÷Ç¶
000F   3080           00051                 MOVLW   B'10000000'             ;RC7ÇIN
0010   0087           00052                 MOVWF   TRISC                   ;PORTC
0011   0185           00053                 CLRF    TRISA           
0012   3027           00054                 MOVLW   B'00100111'             ;RB5ÇIN
0013   0086           00055                 MOVWF   TRISB                   ;PORT
0014   0188           00056                 CLRF    TRISD
0015   0189           00057                 CLRF    TRISE                   ;ALL OUT
0016   1303           00058                 BCF     STATUS,RP1
0017   1283           00059                 BCF     STATUS,RP0              ;ÉoÉìÉNÇOÇ…
0018   0185           00060                 CLRF    PORTA
0019   0186           00061                 CLRF    PORTB
001A   0187           00062                 CLRF    PORTC
001B   0188           00063                 CLRF    PORTD
001C   0189           00064                 CLRF    PORTE
                      00065 ;*****************************
                      00066         ;ëóêMÉÇÅ[ÉhÇÃèâä˙âª
                      00067         ;
                      00068         ;Clock  10MHz   20MHz
                      00069         ;Baud   SPBRG   SPBRG
                      00070         ;1200   81H             FFH
                      00071         ;2400   40H             81H
                      00072         ;9600   0FH             20H
                      00073         ;19K    07H             0FH
                      00074 ;*****************************
                      00075 ;**************UARTê›íË************************
001D   1303           00076                 BCF     STATUS,RP1              ;ÉoÉìÉNÇPÇ…
001E   1683           00077                 BSF     STATUS,RP0              
001F   3020           00078                 MOVLW   020H                    ;RC6ÇTXÉÇÅ[ÉhÇ…
0020   0098           00079                 MOVWF   TXSTA                   ;SET
                      00080                 ;É{Å[ÉåÅ[Égê›íË ;í·ë¨ÉÇÅ[Éh
0021   3020           00081                 MOVLW   20H                             ;9600BPS
                      00082                 ;MOVLW  0FH                             ;19.2KBPS
0022   0099           00083                 MOVWF   SPBRG                   ;SET BRG
0023   1303           00084                 BCF     STATUS,RP1
0024   1283           00085                 BCF     STATUS,RP0              ;ÉoÉìÉNÇOÇ…
0025   3090           00086                 MOVLW   090H
0026   0098           00087                 MOVWF   RCSTA                   ;RC7ÇRXÇ…Å@òAë±éÛêMÇãñâ¬ ÇWBITí êM
                      00088 ;************äÑÇËçûÇ›ê›íË***********************
0027   178B           00089                 BSF             INTCON,GIE                              ;ÉOÉçÅ[ÉoÉãäÑÇËçûÇ›ÉCÉlÅ[ÉuÉãÉrÉ
                            bÉg(7bitñ⁄)Çãñâ¬
                      00090                 ;BCF            INTCON,GIE                              ;ÉOÉçÅ[ÉoÉãäÑÇËçûÇ›ÉCÉlÅ[ÉuÉãÉrÉ
                            bÉg(7bitñ⁄)Çïsãñâ¬
                      00091 ;************RB0äÑÇËçûÇ›ê›íË*********
                      00092                 
0028   160B           00093                 BSF             INTCON,INTE                             ;RB0/INT äOïîäÑçûÇ›ÉCÉlÅ[ÉuÉãÉrÉ
                            bÉg(4bitñ⁄)Çãñâ¬
MPASM  5.40                            RB.ASM   3-9-2013  13:37:24         PAGE  3


LOC  OBJECT CODE     LINE SOURCE TEXT
  VALUE

                      00094                 ;BCF            INTCON,INTE                             ;RB0/INT äOïîäÑçûÇ›ÉCÉlÅ[ÉuÉãÉrÉ
                            bÉg(4bitñ⁄)Çïsãñâ¬
0029   1303           00095                 BCF     STATUS,RP1              ;Ç±ÇÃ2Ç¬Ç≈ÉoÉìÉNÇPÇ…
002A   1683           00096                 BSF     STATUS,RP0              ;êÿÇËë÷Ç¶
                      00097                 ;BSF            OPTION_REG,INTEDG               ;RB0/INT ÉsÉìÇÃóßÇøè„Ç™ÇËÉGÉbÉWÇ…ÇÊÇËäÑÇ
                            ËçûÇ›(6bitñ⁄)
002B   1301           00098                 BCF             OPTION_REG,INTEDG               ;RB0/INT ÉsÉìÇÃóßÇøâ∫Ç™ÇËÉGÉbÉWÇ…ÇÊÇËäÑÇ
                            ËçûÇ›(6bitñ⁄)
002C   1303           00099                 BCF     STATUS,RP1
002D   1283           00100                 BCF     STATUS,RP0              ;ÉoÉìÉNÇOÇ…
                      00101                 
                      00102 ;*********ÉÅÉCÉìä÷êî****************
002E   1303           00103                 BCF     STATUS,RP1
002F   1283           00104                 BCF     STATUS,RP0              ;ÉoÉìÉNÇOÇ…
0030   2???           00105                 CALL    TX_CHEACK
0031   300A           00106                 MOVLW   '\n'
0032   0099           00107                 MOVWF   TXREG                   ;ëóêM
0033   2???           00108                 CALL    TX_CHEACK
0034   3053           00109                 MOVLW   'S'
0035   0099           00110                 MOVWF   TXREG                   ;ëóêM
0036   2???           00111                 CALL    TX_CHEACK
0037   3054           00112                 MOVLW   'T'
0038   0099           00113                 MOVWF   TXREG                   ;ëóêM
0039   2???           00114                 CALL    TX_CHEACK
003A   3041           00115                 MOVLW   'A'
003B   0099           00116                 MOVWF   TXREG                   ;ëóêM
003C   2???           00117                 CALL    TX_CHEACK
003D   3052           00118                 MOVLW   'R'
003E   0099           00119                 MOVWF   TXREG                   ;ëóêM
003F   2???           00120                 CALL    TX_CHEACK
0040   3054           00121                 MOVLW   'T'
0041   0099           00122                 MOVWF   TXREG                   ;ëóêM
0042   300D           00123                 MOVLW   '\r'
0043   0099           00124                 MOVWF   TXREG                   ;ëóêM
0044   2???           00125                 CALL    TX_CHEACK
0045                  00126 MAINLOOP                                                
0045   1587           00127                 BSF             PORTC,RC3
0046   0000           00128                 NOP
0047   2???           00129                 GOTO    MAINLOOP
                      00130 ;*****ëóêMäÆóπë“ÇøÉãÅ[ÉvÉãÅ[É`Éì******
                      00131 
0048                  00132 TX_CHEACK
0048   1303           00133                 BCF     STATUS,RP1              ;Ç±ÇÃ2Ç¬Ç≈ÉoÉìÉNÇPÇ…
0049   1683           00134                 BSF     STATUS,RP0              ;êÿÇËë÷Ç¶
                      00135 
004A                  00136 TXLOOP          
004A   1C98           00137                 BTFSS   TXSTA,TRMT              ;ëóêMÉoÉbÉtÉ@Ç™ãÛÇ©ÅH
004B   2???           00138                 GOTO    TXLOOP
                      00139                 
004C   1303           00140                 BCF     STATUS,RP1
004D   1283           00141                 BCF     STATUS,RP0              ;ÉoÉìÉNÇOÇ…
004E   0008           00142                 RETURN
                      00143 ;*****delayÉãÅ[É`Éì*********/
MPASM  5.40                            RB.ASM   3-9-2013  13:37:24         PAGE  4


LOC  OBJECT CODE     LINE SOURCE TEXT
  VALUE

                      00144                 
004F                  00145 DELAY_100US                                             ;ÉTÉCÉNÉã
004F   30A5           00146                 MOVLW   D'165'                  ;1
0050   00A1           00147                 MOVWF   COUNT01                 ;1
0051                  00148 LPLPLPLP
0051   0BA1           00149                 DECFSZ  COUNT01,F               ;1*164+2
0052   2???           00150                 GOTO    LPLPLPLP                ;2*164
0053   0008           00151                 RETURN                                  ;2
                      00152                                                                 ;åv500 = 100usc
                      00153                                                                 
                      00154 ;*****delayÉãÅ[É`Éì*********
                      00155                 
0054                  00156 DELAY_595US                                             ;ÉTÉCÉNÉã
0054   2???           00157                 CALL    DELAY_100US
0055   2???           00158                 CALL    DELAY_100US
0056   2???           00159                 CALL    DELAY_100US
0057   2???           00160                 CALL    DELAY_100US
0058   2???           00161                 CALL    DELAY_100US
0059   1303           00162                 BCF     STATUS,RP1
005A   1283           00163                 BCF     STATUS,RP0              ;ÉoÉìÉNÇOÇ…
005B   309C           00164                 MOVLW   D'156'                  ;1
005C   00A1           00165                 MOVWF   COUNT01                 ;1
005D                  00166 LLBAL
005D   0BA1           00167                 DECFSZ  COUNT01,F               ;1*155+2
005E   2???           00168                 GOTO    LLBAL                   ;2*155
005F   0008           00169                 RETURN                                  ;2
                      00170                                                                 ;åv475 = 95usc + 500sec
                      00171                                                                 ;          = 595usec
                      00172                                                                 
                      00173 ;*****delayÉãÅ[É`Éì*********
0060                  00174 NOP_10
                      00175                 
0060   0000           00176                 NOP                                             ;1
0061   0000           00177                 NOP                                             ;1
0062   0000           00178                 NOP                                             ;1
0063   0000           00179                 NOP                                             ;1
0064   0000           00180                 NOP                                             ;1
0065   0000           00181                 NOP                                             ;1
0066   0008           00182                 RETURN                                  ;2
                      00183                                                                 ;åv10
                      00184 
                      00185 ;************************************
                      00186 ;************************************
                      00187         ;RP1    RP0
                      00188         ; 0             0 Å® Bank0
                      00189         ; 0             1 Å® Bank1
                      00190         ; 1             0 Å® Bank2
                      00191         ; 1             1 Å® Bank3
                      00192 ;************************************
                      00193 
                      00194 ;***************äÑÇËçûÇ›èàóùÉãÅ[É`Éì******************
                      00195 
                      00196 ;**********RB0äÑÇËçûÇ›èàóùÉãÅ[É`Éì*********
MPASM  5.40                            RB.ASM   3-9-2013  13:37:24         PAGE  5


LOC  OBJECT CODE     LINE SOURCE TEXT
  VALUE

0067                  00197 RB0_ISR
                      00198                 
0067   108B           00199                 BCF             INTCON,INTF             ;äÑÇËçûÇ›ÉtÉâÉOÉNÉäÉA
0068   1187           00200                 BCF             PORTC,RC3
0069   2???           00201                 CALL    TX_CHEACK
006A   300A           00202                 MOVLW   '\n'
006B   0099           00203                 MOVWF   TXREG                   ;ëóêM
006C   2???           00204                 CALL    TX_CHEACK
006D   3052           00205                 MOVLW   'R'
006E   0099           00206                 MOVWF   TXREG                   ;ëóêM
006F   2???           00207                 CALL    TX_CHEACK
0070   3042           00208                 MOVLW   'B'
0071   0099           00209                 MOVWF   TXREG                   ;ëóêM
0072   2???           00210                 CALL    TX_CHEACK
0073   300D           00211                 MOVLW   '\r'
0074   0099           00212                 MOVWF   TXREG                   ;ëóêM
0075   2???           00213                 CALL    DELAY_595US
0076   2???           00214                 CALL    DELAY_595US
0077   2???           00215                 CALL    DELAY_595US
0078   2???           00216                 CALL    DELAY_595US
0079   2???           00217                 CALL    DELAY_595US
007A   2???           00218                 CALL    DELAY_595US
007B   2???           00219                 CALL    DELAY_595US
007C   2???           00220                 CALL    DELAY_595US
007D   2???           00221                 CALL    DELAY_595US
007E   2???           00222                 CALL    DELAY_595US
007F   2???           00223                 CALL    DELAY_595US
0080   2???           00224                 CALL    DELAY_595US
0081   2???           00225                 CALL    DELAY_595US
0082   2???           00226                 CALL    DELAY_595US
0083   2???           00227                 CALL    DELAY_595US
0084   2???           00228                 CALL    DELAY_595US
0085   0008           00229                                 RETURN
                      00230 ;***********************************
                      00231 ;***********************************
3FB2                  00232                 END
MPASM  5.40                            RB.ASM   3-9-2013  13:37:24         PAGE  6


SYMBOL TABLE
  LABEL                             VALUE 

ACKDT                             00000005
ACKEN                             00000004
ACKSTAT                           00000006
ADCON0                            0000001F
ADCON1                            0000009F
ADCS0                             00000006
ADCS1                             00000007
ADCS2                             00000006
ADDEN                             00000003
ADFM                              00000007
ADIE                              00000006
ADIF                              00000006
ADON                              00000000
ADRESH                            0000001E
ADRESL                            0000009E
BCLIE                             00000003
BCLIF                             00000003
BF                                00000000
BRGH                              00000002
BUFFER                            00000020
C                                 00000000
C1INV                             00000004
C1OUT                             00000006
C2INV                             00000005
C2OUT                             00000007
CCP1CON                           00000017
CCP1IE                            00000002
CCP1IF                            00000002
CCP1M0                            00000000
CCP1M1                            00000001
CCP1M2                            00000002
CCP1M3                            00000003
CCP1X                             00000005
CCP1Y                             00000004
CCP2CON                           0000001D
CCP2IE                            00000000
CCP2IF                            00000000
CCP2M0                            00000000
CCP2M1                            00000001
CCP2M2                            00000002
CCP2M3                            00000003
CCP2X                             00000005
CCP2Y                             00000004
CCPR1                             00000015
CCPR1H                            00000016
CCPR1L                            00000015
CCPR2                             0000001B
CCPR2H                            0000001C
CCPR2L                            0000001B
CHS0                              00000003
CHS1                              00000004
CHS2                              00000005
CIS                               00000003
MPASM  5.40                            RB.ASM   3-9-2013  13:37:24         PAGE  7


SYMBOL TABLE
  LABEL                             VALUE 

CKE                               00000006
CKP                               00000004
CM0                               00000000
CM1                               00000001
CM2                               00000002
CMCON                             0000009C
CMIE                              00000006
CMIF                              00000006
COUNT01                           00000021
COUNT02                           00000022
CREN                              00000004
CSRC                              00000007
CVR0                              00000000
CVR1                              00000001
CVR2                              00000002
CVR3                              00000003
CVRCON                            0000009D
CVREN                             00000007
CVROE                             00000006
CVRR                              00000005
D                                 00000005
DATA_1BYRE                        00000023
DATA_ADDRESS                      00000005
DC                                00000001
DELAY_100US                       0000004F
DELAY_595US                       00000054
D_A                               00000005
D_NOT_A                           00000005
EEADR                             0000010D
EEADRH                            0000010F
EECON1                            0000018C
EECON2                            0000018D
EEDATA                            0000010C
EEDATH                            0000010E
EEIE                              00000004
EEIF                              00000004
EEPGD                             00000007
F                                 00000001
FERR                              00000002
FSR                               00000004
GCEN                              00000007
GIE                               00000007
GO                                00000002
GO_DONE                           00000002
GO_NOT_DONE                       00000002
I2C_DATA                          00000005
I2C_READ                          00000002
I2C_START                         00000003
I2C_STOP                          00000004
IBF                               00000007
IBOV                              00000005
INDF                              00000000
INIT                              0000000C
MPASM  5.40                            RB.ASM   3-9-2013  13:37:24         PAGE  8


SYMBOL TABLE
  LABEL                             VALUE 

INTCON                            0000000B
INTE                              00000004
INTEDG                            00000006
INTF                              00000001
IRP                               00000007
LLBAL                             0000005D
LPLPLPLP                          00000051
MAINLOOP                          00000045
NOP_10                            00000060
NOT_A                             00000005
NOT_ADDRESS                       00000005
NOT_BO                            00000000
NOT_BOR                           00000000
NOT_DONE                          00000002
NOT_PD                            00000003
NOT_POR                           00000001
NOT_RBPU                          00000007
NOT_RC8                           00000006
NOT_T1SYNC                        00000002
NOT_TO                            00000004
NOT_TX8                           00000006
NOT_W                             00000002
NOT_WRITE                         00000002
OBF                               00000006
OERR                              00000001
OPTION_REG                        00000081
P                                 00000004
PCFG0                             00000000
PCFG1                             00000001
PCFG2                             00000002
PCFG3                             00000003
PCL                               00000002
PCLATH                            0000000A
PCON                              0000008E
PEIE                              00000006
PEN                               00000002
PIE1                              0000008C
PIE2                              0000008D
PIR1                              0000000C
PIR2                              0000000D
PORTA                             00000005
PORTB                             00000006
PORTC                             00000007
PORTD                             00000008
PORTE                             00000009
PR2                               00000092
PS0                               00000000
PS1                               00000001
PS2                               00000002
PSA                               00000003
PSPIE                             00000007
PSPIF                             00000007
PSPMODE                           00000004
MPASM  5.40                            RB.ASM   3-9-2013  13:37:24         PAGE  9


SYMBOL TABLE
  LABEL                             VALUE 

R                                 00000002
RA0                               00000000
RA1                               00000001
RA2                               00000002
RA3                               00000003
RA4                               00000004
RA5                               00000005
RB0                               00000000
RB0_ISR                           00000067
RB1                               00000001
RB2                               00000002
RB3                               00000003
RB4                               00000004
RB5                               00000005
RB6                               00000006
RB7                               00000007
RBIE                              00000003
RBIF                              00000000
RC0                               00000000
RC1                               00000001
RC2                               00000002
RC3                               00000003
RC4                               00000004
RC5                               00000005
RC6                               00000006
RC7                               00000007
RC8_9                             00000006
RC9                               00000006
RCD8                              00000000
RCEN                              00000003
RCIE                              00000005
RCIF                              00000005
RCREG                             0000001A
RCSTA                             00000018
RD                                00000000
RD0                               00000000
RD1                               00000001
RD2                               00000002
RD3                               00000003
RD4                               00000004
RD5                               00000005
RD6                               00000006
RD7                               00000007
RE0                               00000000
RE1                               00000001
RE2                               00000002
READ_WRITE                        00000002
RP0                               00000005
RP1                               00000006
RSEN                              00000001
RX9                               00000006
RX9D                              00000000
R_NOT_W                           00000002
MPASM  5.40                            RB.ASM   3-9-2013  13:37:24         PAGE 10


SYMBOL TABLE
  LABEL                             VALUE 

R_W                               00000002
S                                 00000003
SEN                               00000000
SMP                               00000007
SPBRG                             00000099
SPEN                              00000007
SREN                              00000005
SSPADD                            00000093
SSPBUF                            00000013
SSPCON                            00000014
SSPCON2                           00000091
SSPEN                             00000005
SSPIE                             00000003
SSPIF                             00000003
SSPM0                             00000000
SSPM1                             00000001
SSPM2                             00000002
SSPM3                             00000003
SSPOV                             00000006
SSPSTAT                           00000094
STATUS                            00000003
SYNC                              00000004
T0CS                              00000005
T0IE                              00000005
T0IF                              00000002
T0SE                              00000004
T1CKPS0                           00000004
T1CKPS1                           00000005
T1CON                             00000010
T1INSYNC                          00000002
T1OSCEN                           00000003
T1SYNC                            00000002
T2CKPS0                           00000000
T2CKPS1                           00000001
T2CON                             00000012
TMR0                              00000001
TMR0IE                            00000005
TMR0IF                            00000002
TMR1CS                            00000001
TMR1H                             0000000F
TMR1IE                            00000000
TMR1IF                            00000000
TMR1L                             0000000E
TMR1ON                            00000000
TMR2                              00000011
TMR2IE                            00000001
TMR2IF                            00000001
TMR2ON                            00000002
TOUTPS0                           00000003
TOUTPS1                           00000004
TOUTPS2                           00000005
TOUTPS3                           00000006
TRISA                             00000085
MPASM  5.40                            RB.ASM   3-9-2013  13:37:24         PAGE 11


SYMBOL TABLE
  LABEL                             VALUE 

TRISA0                            00000000
TRISA1                            00000001
TRISA2                            00000002
TRISA3                            00000003
TRISA4                            00000004
TRISA5                            00000005
TRISB                             00000086
TRISB0                            00000000
TRISB1                            00000001
TRISB2                            00000002
TRISB3                            00000003
TRISB4                            00000004
TRISB5                            00000005
TRISB6                            00000006
TRISB7                            00000007
TRISC                             00000087
TRISC0                            00000000
TRISC1                            00000001
TRISC2                            00000002
TRISC3                            00000003
TRISC4                            00000004
TRISC5                            00000005
TRISC6                            00000006
TRISC7                            00000007
TRISD                             00000088
TRISD0                            00000000
TRISD1                            00000001
TRISD2                            00000002
TRISD3                            00000003
TRISD4                            00000004
TRISD5                            00000005
TRISD6                            00000006
TRISD7                            00000007
TRISE                             00000089
TRISE0                            00000000
TRISE1                            00000001
TRISE2                            00000002
TRMT                              00000001
TX8_9                             00000006
TX9                               00000006
TX9D                              00000000
TXD8                              00000000
TXEN                              00000005
TXIE                              00000004
TXIF                              00000004
TXLOOP                            0000004A
TXREG                             00000019
TXSTA                             00000098
TX_CHEACK                         00000048
UA                                00000001
W                                 00000000
WCOL                              00000007
WORK1                             00000024
MPASM  5.40                            RB.ASM   3-9-2013  13:37:24         PAGE 12


SYMBOL TABLE
  LABEL                             VALUE 

WR                                00000001
WREN                              00000002
WRERR                             00000003
Z                                 00000002
_BODEN_OFF                        00003FBF
_BODEN_ON                         00003FFF
_CONFIG                           00002007
_CPD_OFF                          00003FFF
_CPD_ON                           00003EFF
_CP_ALL                           00001FFF
_CP_OFF                           00003FFF
_DEBUG_OFF                        00003FFF
_DEBUG_ON                         000037FF
_DEVID1                           00002006
_HS_OSC                           00003FFE
_IDLOC0                           00002000
_IDLOC1                           00002001
_IDLOC2                           00002002
_IDLOC3                           00002003
_LP_OSC                           00003FFC
_LVP_OFF                          00003F7F
_LVP_ON                           00003FFF
_PWRTE_OFF                        00003FFF
_PWRTE_ON                         00003FF7
_RC_OSC                           00003FFF
_WDT_OFF                          00003FFB
_WDT_ON                           00003FFF
_WRT_1FOURTH                      00003BFF
_WRT_256                          00003DFF
_WRT_HALF                         000039FF
_WRT_OFF                          00003FFF
_XT_OSC                           00003FFD
__16F877A                         00000001
__DEBUG                           1

Errors   :     0
Warnings :     0 reported,     0 suppressed
Messages :     0 reported,     9 suppressed

