CCS PCM C Compiler, Version 3.185, 22500

               Filename: D:\Erectric\PIC-project\PIC-project\PIC CCS\RS232C割り込み\hell,would.LST

               ROM used: 201 (2%)
                         Largest free fragment is 2048
               RAM used: 19 (11%) at main() level
                         20 (11%) worst case
               Stack:    2 worst case (1 in main + 1 for interrupts)

*
0000:  MOVLW  00
0001:  MOVWF  0A
0002:  GOTO   06A
0003:  NOP
0004:  MOVWF  7F
0005:  SWAPF  03,W
0006:  CLRF   03
0007:  MOVWF  21
0008:  MOVF   0A,W
0009:  MOVWF  20
000A:  CLRF   0A
000B:  MOVF   04,W
000C:  MOVWF  22
000D:  MOVF   77,W
000E:  MOVWF  23
000F:  MOVF   78,W
0010:  MOVWF  24
0011:  MOVF   79,W
0012:  MOVWF  25
0013:  MOVF   7A,W
0014:  MOVWF  26
0015:  MOVF   7B,W
0016:  MOVWF  27
0017:  BCF    03.7
0018:  BCF    03.5
0019:  MOVLW  8C
001A:  MOVWF  04
001B:  BTFSS  00.5
001C:  GOTO   01F
001D:  BTFSC  0C.5
001E:  GOTO   032
001F:  MOVF   22,W
0020:  MOVWF  04
0021:  MOVF   23,W
0022:  MOVWF  77
0023:  MOVF   24,W
0024:  MOVWF  78
0025:  MOVF   25,W
0026:  MOVWF  79
0027:  MOVF   26,W
0028:  MOVWF  7A
0029:  MOVF   27,W
002A:  MOVWF  7B
002B:  MOVF   20,W
002C:  MOVWF  0A
002D:  SWAPF  21,W
002E:  MOVWF  03
002F:  SWAPF  7F,F
0030:  SWAPF  7F,W
0031:  RETFIE
0032:  BCF    0A.3
0033:  BCF    0A.4
0034:  GOTO   04F
....................  //ヘッダファイルの読み込み  
.................... #include <16f877a.h>		//16F873のヘッダファイル 
....................  //////// Standard Header file for the PIC16F877A device ////////////////  
.................... #device PIC16F877A  
.................... #list  
....................  
.................... #include <stdio.h>			//標準入出力のヘッダファイル 
....................  ///////////////////////////////////////////////////////////////////////////  
.................... ////        (C) Copyright 1996,2003 Custom Computer Services           ////  
.................... //// This source code may only be used by licensed users of the CCS C  ////  
.................... //// compiler.  This source code may only be distributed to other      ////  
.................... //// licensed users of the CCS C compiler.  No other use, reproduction ////  
.................... //// or distribution is permitted without written permission.          ////  
.................... //// Derivative programs created using this software in object code    ////  
.................... //// form are not restricted in any way.                               ////  
.................... ///////////////////////////////////////////////////////////////////////////  
....................   
.................... #ifndef _STDIO  
.................... #define _STDIO  
.................... #include <string.h> 
....................  ////////////////////////////////////////////////////////////////////////////  
.................... ////        (C) Copyright 1996,2003 Custom Computer Services            ////  
.................... //// This source code may only be used by licensed users of the CCS C   ////  
.................... //// compiler.  This source code may only be distributed to other       ////  
.................... //// licensed users of the CCS C compiler.  No other use, reproduction  ////  
.................... //// or distribution is permitted without written permission.           ////  
.................... //// Derivative programs created using this software in object code     ////  
.................... //// form are not restricted in any way.                                ////  
.................... ////////////////////////////////////////////////////////////////////////////  
....................   
.................... #ifndef _STRING  
.................... #define _STRING  
.................... #include <stddef.h> 
....................  ///////////////////////////////////////////////////////////////////////////  
.................... ////        (C) Copyright 1996,2003 Custom Computer Services           ////  
.................... //// This source code may only be used by licensed users of the CCS C  ////  
.................... //// compiler.  This source code may only be distributed to other      ////  
.................... //// licensed users of the CCS C compiler.  No other use, reproduction ////  
.................... //// or distribution is permitted without written permission.          ////  
.................... //// Derivative programs created using this software in object code    ////  
.................... //// form are not restricted in any way.                               ////  
.................... ///////////////////////////////////////////////////////////////////////////  
....................   
.................... #ifndef _STDDEF  
....................   
.................... #define _STDDEF  
....................   
.................... #if sizeof(int *)==1  
.................... #define ptrdiff_t int  
.................... #else  
.................... #define ptrdiff_t long  
.................... #endif  
....................   
.................... #define size_t int  
.................... #define wchar_t char  
.................... #define NULL 0  
....................   
.................... #define offsetof(s,f) (offsetofbit(s,f)/8)  
....................   
.................... #endif  
....................  
.................... #include <ctype.h> 
....................  ////////////////////////////////////////////////////////////////////////////  
.................... ////        (C) Copyright 1996,2003 Custom Computer Services            ////  
.................... //// This source code may only be used by licensed users of the CCS C   ////  
.................... //// compiler.  This source code may only be distributed to other       ////  
.................... //// licensed users of the CCS C compiler.  No other use, reproduction  ////  
.................... //// or distribution is permitted without written permission.           ////  
.................... //// Derivative programs created using this software in object code     ////  
.................... //// form are not restricted in any way.                                ////  
.................... ////////////////////////////////////////////////////////////////////////////  
....................   
.................... #ifndef _CTYPE  
.................... #define _CTYPE  
....................   
.................... #define islower(x)  isamoung(x,"abcdefghijklmnopqrstuvwxyz")  
.................... #define isupper(x)  isamoung(x,"ABCDEFGHIJKLMNOPQRSTUVWXYZ")  
.................... #define isalnum(x)  isamoung(x,"0123456789ABCDEFGHIJKLMNOPQRSTUVWXYZabcdefghijklmnopqrstuvwxyz")  
.................... #define isalpha(x)  isamoung(x,"ABCDEFGHIJKLMNOPQRSTUVWXYZabcdefghijklmnopqrstuvwxyz")  
.................... #define isdigit(x)  isamoung(x,"0123456789")  
.................... #define isspace(x)  (x==' ')  
.................... #define isxdigit(x) isamoung(x,"0123456789ABCDEFabcdef")  
.................... #define iscntrl(x)  (x<' ')  
.................... #define isprint(x)  (x>=' ')  
.................... #define isgraph(x)  (x>' ')  
.................... #define ispunct(x)  ((x>' ')&&!isalnum(x))  
....................   
.................... #endif  
....................   
....................  
....................   
....................   
....................   
.................... //////////////////////////////////////////////  
.................... //// Uncomment the following define to    ////  
.................... //// allow some functions to use a        ////  
.................... //// quicker algorithm, but use more ROM  ////  
.................... ////                                      ////  
.................... //// #define FASTER_BUT_MORE_ROM          ////  
.................... //////////////////////////////////////////////  
....................   
....................   
....................   
.................... /*Copying functions*/  
.................... /* standard template:  
....................    void *memmove(void *s1, void *s2, size_t n).  
....................    Copies max of n characters safely (not following ending '\0')  
....................    from s2 in s1; if s2 has less than n characters, appends 0 */  
....................   
.................... char *memmove(void *s1,char *s2,size_t n)  
.................... {  
....................    char *sc1;  
....................    char *sc2;  
....................    sc1=s1;  
....................    sc2=s2;  
....................    if(sc2<sc1 && sc1 <sc2 +n)  
....................       for(sc1+=n,sc2+=n;0<n;--n)  
....................          *--sc1=*--sc2;  
....................    else  
....................       for(;0<n;--n)  
....................          *sc1++=*sc2++;  
....................   return s1;  
....................   }  
.................... /*    Standard template: char *strcpy(char *s1, const char *s2)  
.................... copies the string s2 including the null character to s1*/  
....................   
.................... char *strcpy(char *s1, char *s2)  
.................... {  
....................   char *s;  
....................   
....................   for (s = s1; *s2 != 0; s++, s2++)  
.................... 	  *s = *s2;  
....................   return(s1);  
.................... }  
.................... /* compiler ignored the name 'strcpy()'; perhaps, it's reserved?? 
....................    Standard template: char *strcpy(char *s1, const char *s2)  
....................    copies the string s2 including the null character to s1*/  
....................   
.................... char *strcopy(char *s1, char *s2)  
.................... {  
....................   char *s;  
....................   
....................   for (s = s1; *s2 != 0; s++, s2++)  
.................... 	  *s = *s2;  
....................   return(s1);  
.................... }  
....................   
.................... /* standard template:  
....................    char *strncpy(char *s1, const char *s2, size_t n).  
....................    Copies max of n characters (not following ending '\0')  
....................    from s2 in s1; if s2 has less than n characters, appends 0 */  
....................   
.................... char *strncpy(char *s1, char *s2, size_t n)  
.................... {  
....................   char *s;  
....................   
....................   for (s = s1; n > 0 && *s2 != '\0'; n--)  
....................      *s++ = *s2++;  
....................   for (; n > 0; n--)  
....................      *s++ = '\0';  
....................   
....................   return(s1);  
.................... }  
.................... /***********************************************************/  
....................   
.................... /*concatenation functions*/  
.................... /* standard template: char *strcat(char *s1, const char *s2)  
.................... appends s2 to s1*/  
....................   
.................... char *strcat(char *s1, char *s2)  
.................... {  
....................    char *s;  
....................   
....................    for (s = s1; *s != '\0'; ++s);  
....................    while(*s2 != '\0')  
....................    {  
....................       *s = *s2;  
....................       ++s;  
....................       ++s2;  
....................    }  
....................   
....................    *s = '\0';  
....................    return(s1);  
.................... }  
.................... /* standard template: char *strncat(char *s1, char *s2,size_t n)  
.................... appends not more than n characters from s2 to s1*/  
....................   
.................... char *strncat(char *s1, char *s2, size_t n)  
.................... {  
....................    char *s;  
....................   
....................    for (s = s1; *s != '\0'; ++s);  
....................    while(*s2 != '\0' && 0<n)  
....................    {  
....................       *s = *s2;  
....................       ++s;  
....................       ++s2;  
....................       --n;  
....................    }  
....................   
....................    *s = '\0';  
....................    return(s1);  
.................... }  
....................   
.................... /***********************************************************/  
....................   
.................... /*comparison functions*/  
.................... /* standard template: signed int memcmp(void *s1, void *s2).  
....................    Compares s1 & s2; returns -1 if s1<s2, 0 if s1=s2, 1 if s1>s2 */  
....................   
.................... signed int memcmp(void * s1,char *s2,size_t n)  
.................... {  
.................... char *su1, su2;  
.................... for(su1=s1, su2=s2; 0<n; ++su1, ++su2, --n)  
.................... {  
....................    if(*su1!=*su2)  
....................       return ((*su1<*su2)??1:+1);  
.................... }  
.................... return 0;  
.................... }  
.................... /* standard template: int strcmp(const char *s1, const char *s2).  
....................    Compares s1 & s2; returns -1 if s1<s2, 0 if s1=s2, 1 if s1>s2 */  
....................   
.................... signed int strcmp(char *s1, char *s2)  
.................... {  
....................    for (; *s1 == *s2; s1++, s2++)  
....................       if (*s1 == '\0')  
....................          return(0);  
....................    return((*s1 < *s2) ??-1: 1);  
.................... }  
.................... /* standard template: int strcoll(const char *s1, const char *s2).  
....................    Compares s1 & s2; returns -1 if s1<s2, 0 if s1=s2, 1 if s1>s2 */  
....................   
.................... signed int strcoll(char *s1, char *s2)  
.................... {  
....................    for (; *s1 == *s2; s1++, s2++)  
....................       if (*s1 == '\0')  
....................          return(0);  
....................    return((*s1 < *s2) ??-1: 1);  
.................... }  
....................   
.................... /* standard template:  
....................    int strncmp(const char *s1, const char *s2, size_t n).  
....................    Compares max of n characters (not following 0) from s1 to s2;  
....................    returns same as strcmp */  
....................   
.................... signed int strncmp(char *s1, char *s2, size_t n)  
.................... {  
....................    for (; n > 0; s1++, s2++, n--)  
....................       if (*s1 != *s2)  
....................          return((*s1 <*s2) ??-1: 1);  
....................       else if (*s1 == '\0')  
....................          return(0);  
....................    return(0);  
.................... }  
.................... /* standard template:  
....................    int strxfrm(const char *s1, const char *s2, size_t n).  
....................    transforms maximum of n characters from s2 and places them into s1*/  
.................... size_t strxfrm(char *s1, char *s2, size_t n)  
.................... {  
....................   char *s;  
....................   int n1;  
....................   n1=n;  
....................   for (s = s1; n > 0 && *s2 != '\0'; n--)  
....................      *s++ = *s2++;  
....................   for (; n > 0; n--)  
....................      *s++ = '\0';  
....................   
....................   return(n1);  
.................... }  
....................   
....................   
....................   
....................   
....................   
.................... /***********************************************************/  
.................... /*Search functions*/  
.................... /* standard template: void *memchr(const char *s, int c).  
....................    Finds first occurrence of c in n characters of s */  
....................   
.................... char *memchr(void *s,int c,size_t n)  
.................... {  
....................    char uc;  
....................    char *su;  
....................    uc=c;  
....................    for(su=s;0<n;++su,--n)  
....................       if(*su==uc)  
....................       return su;  
....................    return NULL;  
.................... }  
....................   
.................... /* standard template: char *strchr(const char *s, int c).  
....................    Finds first occurrence of c in s */  
....................   
.................... char *strchr(char *s, int c)  
.................... {  
....................    for (; *s != c; s++)  
....................       if (*s == '\0')  
....................          return(0);  
....................    return(s);  
.................... }  
.................... /* standard template:  
....................    size_t strcspn(const char *s1, const char *s2).  
....................    Computes length of max initial segment of s1 that  
....................    consists entirely of characters NOT from s2*/  
....................   
.................... int *strcspn(char *s1, char *s2)  
.................... {  
....................    char *sc1, *sc2;  
....................   
....................    for (sc1 = s1; *sc1 != 0; sc1++)  
....................       for (sc2 = s2; *sc2 != 0; sc2++)  
....................          if (*sc1 == *sc2)  
....................             return(sc1 - s1);  
....................    return(sc1 - s1);  
.................... }  
.................... /* standard template:  
....................    char *strpbrk(const char *s1, const char *s2).  
....................    Locates first occurence of any character from s2 in s1;  
....................    returns s1 if s2 is empty string */  
....................   
.................... char *strpbrk(char *s1, char *s2)  
.................... {  
....................    char *sc1, *sc2;  
....................   
....................    for (sc1 = s1; *sc1 != 0; sc1++)  
....................       for (sc2 = s2; *sc2 != 0; sc2++)  
....................          if (*sc1 == *sc2)  
....................             return(sc1);  
....................    return(0);  
.................... }  
....................   
....................   
.................... /* standard template: char *strrchr(const char *s, int c).  
....................    Finds last occurrence of c in s */  
....................   
.................... char *strrchr(char *s, int c)  
.................... {  
....................    char *p;  
....................   
....................    for (p = 0; ; s++)  
....................    {  
....................       if (*s == c)  
....................          p = s;  
....................       if (*s == '\0')  
....................          return(p);  
....................    }  
.................... }  
.................... /* computes length of max initial segment of s1 consisting  
....................    entirely of characters from s2 */  
....................   
.................... int *strspn(char *s1, char *s2)  
.................... {  
....................    char *sc1, *sc2;  
....................   
....................    for (sc1 = s1; *sc1 != 0; sc1++)  
....................       for (sc2 = s2; ; sc2++)  
.................... 	 if (*sc2 == '\0')  
.................... 	    return(sc1 - s1);  
....................          else if (*sc1 == *sc2)  
....................             break;  
....................    return(sc1 - s1);  
.................... }  
.................... /* standard template:  
....................    char *strstr(const char *s1, const char *s2);  
....................    Locates first occurence of character sequence s2 in s1;  
....................    returns 0 if s2 is empty string  
....................   
....................    Uncomment #define FASTER_BUT_MORE_ROM at the top of the  
....................    file to use the faster algorithm */  
.................... char *strstr(char *s1, char *s2)  
.................... {  
.................... 	char *s, *t;  
....................   
....................    #ifdef FASTER_BUT_MORE_ROM  
....................    if (*s2 == '\0')  
....................          return(s1);  
....................    #endif  
....................   
.................... 	while (*s1)  
....................    {  
....................       for(s = s1, t = s2; *t && *s == *t; ++s, ++t);  
....................   
.................... 		if (*t == '\0')  
.................... 			return s1;  
....................       ++s1;  
....................       #ifdef FASTER_BUT_MORE_ROM  
....................          while(*s1 != '\0' && *s1 != *s2)  
....................             ++s1;  
....................       #endif  
.................... 	}  
.................... 	return 0;  
.................... }  
....................   
.................... /* standard template: char *strtok(char *s1, const char *s2).  
....................   
....................    Finds next token in s1 delimited by a character from separator  
....................    string s2 (which can be different from call to call).  First call  
....................    starts at beginning of s1 searching for first character NOT  
....................    contained in s2; returns 0 if none is found.  
....................    If one is found, it is the start of first token (return value).  
....................    Function then searches from there for a character contained in s2.  
....................    If none is found, current token extends to end of s1, and subsequent  
....................    searches for a token will return 0.  If one is found, it is  
....................    overwritten by '\0', which terminates current token.  Function saves  
....................    pointer to following character from which next search will start.  
....................    Each subsequent call, with 0 as first argument, starts searching  
....................    from saved pointer */  
....................   
.................... char *strtok(char *s1, char *s2)  
.................... {  
....................    char *beg, *end;  
....................    static char *save;  
*
0073:  CLRF   28
0074:  MOVLW  81
0075:  BSF    03.5
0076:  MOVWF  19
0077:  MOVLW  26
0078:  MOVWF  18
0079:  MOVLW  90
007A:  BCF    03.5
007B:  MOVWF  18
....................   
....................    beg = (s1)??s1: save;  
....................    beg += strspn(beg, s2);  
....................    if (*beg == '\0')  
....................    {  
....................       *save = ' ';  
....................       return(0);  
....................    }  
....................    end = strpbrk(beg, s2);  
....................    if (*end != '\0')  
....................    {  
....................       *end = '\0';  
....................       end++;  
....................    }  
....................    save = end;  
....................    return(beg);  
.................... }  
....................   
.................... /*****************************************************************/  
.................... /*Miscellaneous functions*/  
.................... /* standard template  
.................... maps error number in errnum to an error message string  
.................... Returns: Pointer to string  
.................... */  
.................... #ifdef _ERRNO  
.................... char * strerror(int errnum)  
.................... {  
.................... char s[15];  
.................... switch( errnum)  
.................... {  
.................... case 0:  
....................    strcpy(s,"no errors");  
....................    return s;  
.................... case EDOM :  
....................    strcpy(s,"domain error");  
....................    return s;  
.................... case ERANGE:  
....................    strcpy(s,"range error");  
....................    return s;  
.................... }  
.................... }  
.................... #ENDIF  
.................... /* standard template: size_t strlen(const char *s).  
....................    Computes length of s1 (preceding terminating 0) */  
....................   
.................... int *strlen(char *s)  
.................... {  
....................    char *sc;  
....................   
....................    for (sc = s; *sc != 0; sc++);  
....................    return(sc - s);  
.................... }  
....................   
.................... /* standard template: size_t stricmp(const char *s1, const char *s2).  
....................    Compares s1 to s2 ignoring case (upper vs. lower) */  
....................   
.................... signed int stricmp(char *s1, char *s2)  
.................... {  
....................  for(; *s1==*s2||(isalpha(*s1)&&isalpha(*s2)&&(*s1==*s2+32||*s2==*s1+32));  
....................     s1++, s2++)  
....................     if (*s1 == '\0')  
....................        return(0);  
....................  return((*s1 < *s2) ??-1: 1);  
.................... }  
....................   
....................   
.................... /* standard template: char *strlwr(char *s).  
....................    Replaces uppercase letters by lowercase;  
....................    returns pointer to new string s */  
....................   
.................... char *strlwr(char *s)  
.................... {  
....................    char *p;  
....................   
....................    for (p = s; *p != '\0'; p++)  
....................       if (*p >= 'A' && *p <='Z')  
....................          *p += 'a' - 'A';  
....................    return(s);  
.................... }  
....................   
....................   
.................... /************************************************************/  
....................   
....................   
.................... #endif  
....................  
.................... #ifndef getc  
.................... #define getc getch  
.................... #define getchar getch  
.................... #define puts(s) {printf(s); putchar(13); putchar(10);}  
.................... #define putc putchar  
.................... #endif  
.................... /* maps error number to an error message. Writes a sequence of characters to  
.................... stderr stream thus: if s is not null then string pointed to by s follwed by  
.................... a colon (:) and a space and the appropriate error message returned by strerror  
.................... function with argument errno  
....................   
.................... Returns: no value  
.................... */  
....................   
.................... #ifdef _ERRNO  
.................... void perror(char *s)  
.................... {  
....................   if(s)  
....................   fprintf(STDERR,"%s: ",s);  
....................   fprintf(STDERR,"%s\r\n",strerror(errno));  
.................... }  
.................... #endif  
.................... #endif  
....................  
....................   
.................... // 入出力ピンの設定  
.................... #define TRIS_A	0x00		//ALL,OUT  
.................... #define TRIS_B	0x00		//ALL,OUT  
.................... #define TRIS_C	0x80		//PIN_C7:IN  
.................... #define TRIS_D	0x00		//ALL,OUT  
.................... #define TRIS_E	0x00		//ALL,OUT  
....................   
.................... //ピンのdefine  
.................... #define RUN_LED PIN_C3  
....................   
.................... //RS232Cの設定コマンド  
.................... #define RS_BAUD		9600	//Baud-Reatは9600bps  
.................... #define RS_TX		PIN_C6	//TXピンはPIN_C6  
.................... #define RS_RX		PIN_C7	//RXピンはPIN_C7  
....................   
....................   
.................... //コンフィギュレーションビットの設定  
.................... #fuses HS,NOWDT,NOPROTECT  
.................... //詳細は一番下のメモ書きにて  
....................   
....................   
.................... //クロック速度の指定（20MHz)  
.................... #use delay(clock = 20000000)  
*
0057:  MOVLW  2E
0058:  MOVWF  04
0059:  MOVF   00,W
005A:  BTFSC  03.2
005B:  GOTO   069
005C:  MOVLW  06
005D:  MOVWF  78
005E:  CLRF   77
005F:  DECFSZ 77,F
0060:  GOTO   05F
0061:  DECFSZ 78,F
0062:  GOTO   05E
0063:  MOVLW  7B
0064:  MOVWF  77
0065:  DECFSZ 77,F
0066:  GOTO   065
0067:  DECFSZ 00,F
0068:  GOTO   05C
0069:  RETLW  00
....................   
.................... //RS232Cの設定  
.................... #use rs232(BAUD = RS_BAUD , XMIT = RS_TX, RCV = RS_RX)  
....................   
.................... //初期設定  
....................   
.................... #use fast_io(a)  
.................... #use fast_io(b)  
.................... #use fast_io(c)  
.................... #use fast_io(d)  
.................... #use fast_io(e)  
....................   
.................... #byte port_a = 5  
.................... #byte port_b = 6  
.................... #byte port_c = 7  
.................... #byte port_d = 8  
.................... #byte port_e = 9  
....................   
.................... //グローバル変数定義  
.................... char data = 0;  
*
007C:  CLRF   29
....................   
.................... //RS232C割り込み  
.................... #int_rda  
.................... void isr_rcv()  
.................... {  
.................... 	data = getc();  
*
004F:  BTFSS  0C.5
0050:  GOTO   04F
0051:  MOVF   1A,W
0052:  MOVWF  29
.................... 	return;  
.................... }  
.................... //ここからmain関数  
0053:  BCF    0C.5
0054:  BCF    0A.3
0055:  BCF    0A.4
0056:  GOTO   01F
.................... void main(void)  
.................... {  
*
006A:  CLRF   04
006B:  MOVLW  1F
006C:  ANDWF  03,F
006D:  MOVLW  06
006E:  BSF    03.5
006F:  MOVWF  1F
0070:  MOVLW  07
0071:  BCF    03.5
0072:  MOVWF  1F
.................... 	long int i = 0;  
*
007D:  CLRF   2A
007E:  CLRF   2B
.................... 	char j = 0;  
007F:  CLRF   2C
....................   
.................... 	//初期化  
.................... 	set_tris_a(TRIS_A);  
0080:  MOVLW  00
0081:  BSF    03.5
0082:  MOVWF  05
.................... 	set_tris_b(TRIS_B);  
0083:  MOVWF  06
.................... 	set_tris_c(TRIS_C);  
0084:  MOVLW  80
0085:  MOVWF  07
.................... 	set_tris_d(TRIS_D);  
0086:  MOVLW  00
0087:  MOVWF  08
.................... 	set_tris_e(TRIS_E);  
0088:  BCF    09.0
0089:  BCF    09.1
008A:  BCF    09.2
.................... 	  
.................... 	port_a = 0;  
008B:  BCF    03.5
008C:  CLRF   05
.................... 	port_b = 0;  
008D:  CLRF   06
.................... 	//port_c = 0;  
.................... 	port_d = 0;  
008E:  CLRF   08
.................... 	port_e = 0;  
008F:  CLRF   09
.................... 	//割り込み許可  
.................... 	enable_interrupts(int_rda);  
0090:  BSF    03.5
0091:  BSF    0C.5
.................... 	enable_interrupts(global);  
0092:  MOVLW  C0
0093:  BCF    03.5
0094:  IORWF  0B,F
.................... 	printf("start\n\r");  
0095:  CLRF   2D
0096:  MOVF   2D,W
0097:  CALL   035
0098:  INCF   2D,F
0099:  MOVWF  77
009A:  MOVF   77,W
009B:  BTFSS  0C.4
009C:  GOTO   09B
009D:  MOVWF  19
009E:  MOVLW  07
009F:  SUBWF  2D,W
00A0:  BTFSS  03.2
00A1:  GOTO   096
.................... 	output_low(RUN_LED);						//動作確認用LEDを光らす  
00A2:  BCF    07.3
.................... 	delay_ms(50);  
00A3:  MOVLW  32
00A4:  MOVWF  2E
00A5:  CALL   057
.................... 	while(1)  
.................... 	{  
.................... 			delay_ms(1000);  
00A6:  MOVLW  04
00A7:  MOVWF  2D
00A8:  MOVLW  FA
00A9:  MOVWF  2E
00AA:  CALL   057
00AB:  DECFSZ 2D,F
00AC:  GOTO   0A8
.................... 		output_high(RUN_LED);  
00AD:  BSF    07.3
.................... 			printf("\n\rdata = ");  
00AE:  CLRF   2D
00AF:  MOVF   2D,W
00B0:  CALL   041
00B1:  INCF   2D,F
00B2:  MOVWF  77
00B3:  MOVF   77,W
00B4:  BTFSS  0C.4
00B5:  GOTO   0B4
00B6:  MOVWF  19
00B7:  MOVLW  09
00B8:  SUBWF  2D,W
00B9:  BTFSS  03.2
00BA:  GOTO   0AF
.................... 		putc(data);  
00BB:  MOVF   29,W
00BC:  BTFSS  0C.4
00BD:  GOTO   0BC
00BE:  MOVWF  19
.................... 		delay_ms(1000);  
00BF:  MOVLW  04
00C0:  MOVWF  2D
00C1:  MOVLW  FA
00C2:  MOVWF  2E
00C3:  CALL   057
00C4:  DECFSZ 2D,F
00C5:  GOTO   0C1
.................... 		output_low(RUN_LED);  
00C6:  BCF    07.3
.................... 	}  
00C7:  GOTO   0A6
.................... }  
....................   
.................... //参考URL	http://amahime.main.jp/sirial/main.php??ame=siri  
....................   
....................   
.................... /*ｃ⌒っﾟдﾟ)っφ ﾒﾓﾒﾓ...  
.................... コンフィグレーションビットについて  
.................... HS(High Speed)  
.................... NOWDT(no-Watch Dog Time)  
.................... NOPROTECT  
.................... NOLVP(no Low-Voltage-Programming)  
.................... PUT(Power-Up-Timer)  
.................... BROWNOUT*/ 
00C8:  SLEEP

Configuration Fuses:
   Word  1: 3FFA   HS NOWDT NOPUT NODEBUG NOPROTECT BROWNOUT LVP NOCPD NOWRT
