MPASM  5.46                           LED.ASM   3-9-2013  14:02:56         PAGE  1


LOC  OBJECT CODE     LINE SOURCE TEXT
  VALUE

                      00001 
                      00002 
                      00003 
                      00004                 list    P=PIC18F2320    
                      00005                 #include        <P18F2320.inc>
                      00001         LIST
                      00002 
                      00003 ;==========================================================================
                      00004 ;  MPASM PIC18F2320 processor include
                      00005 ; 
                      00006 ;  (c) Copyright 1999-2012 Microchip Technology, All rights reserved
                      00007 ;==========================================================================
                      00008 
                      01242         LIST
                      00006                 
                      00007                 errorlevel  -302 
                      00008         
                      00009         CONFIG  OSC = HSPLL
                      00010         CONFIG  FSCM = OFF
                      00011         CONFIG  IESO = OFF
                      00012         CONFIG  PWRT = OFF
                      00013         CONFIG  BOR = OFF
                      00014         CONFIG  BORV = 20
                      00015         CONFIG  WDT = OFF
                      00016         CONFIG  WDTPS = 1
                      00017         CONFIG  MCLRE = ON
                      00018         CONFIG  PBAD = DIG
                      00019         ;CONFIG PBAD = ANA
                      00020         ;CONFIG CCP2MX = C1
                      00021         CONFIG  STVR = ON
                      00022         CONFIG  LVP = ON
                      00023         CONFIG  DEBUG = OFF
                      00024         CONFIG  CP0 = OFF
                      00025         CONFIG  CP1 = OFF
                      00026         CONFIG  CP2 = OFF
                      00027         CONFIG  CP3 = OFF
                      00028         CONFIG  CPB = OFF
                      00029         CONFIG  CPD = OFF
                      00030         CONFIG  WRT0 = OFF
                      00031         CONFIG  WRT1 = OFF
                      00032         CONFIG  WRT2 = OFF
                      00033         CONFIG  WRT3 = OFF
                      00034         CONFIG  WRTB = OFF
                      00035         CONFIG  WRTC = OFF
                      00036         CONFIG  WRTD = OFF
                      00037         CONFIG  EBTR0 = OFF
                      00038         CONFIG  EBTR1 = OFF
                      00039         CONFIG  EBTR2 = OFF
                      00040         CONFIG  EBTR3 = OFF
                      00041         CONFIG  EBTRB = OFF
                      00042         ;       __CONFIG        _CONFIG1H,  _IESO_OFF_1H & _FSCM_OFF_1H & _HSPLL_OSC_1H
                      00043         ;       __CONFIG        _CONFIG2L,  _BORV_45_2L & _BOR_OFF_2L & _PWRT_OFF_2L
                      00044         ;       __CONFIG        _CONFIG2H,  _WDTPS_32K_2H & _WDT_OFF_2H
MPASM  5.46                           LED.ASM   3-9-2013  14:02:56         PAGE  2


LOC  OBJECT CODE     LINE SOURCE TEXT
  VALUE

                      00045         ;       __CONFIG        _CONFIG3H,  _MCLRE_ON_3H & _PBAD_DIG_3H & _CCP2MX_ON_3H  &  _CCP2MX_C1_3
                            H                       ;PBはデジタル
                      00046         ;       ;__CONFIG       _CONFIG3H,  _MCLRE_ON_3H & _PBAD_ANA_3H & _CCP2MX_ON_3H  &  _CCP2MX_C1_3
                            H                       ;RBはアナログ
                      00047         ;       ;_PBAD_DIG_3HでRBをデジタルかアナログかを区別している
                      00048         ;       ;_CCP2MX_ON_3H  &  _CCP2MX_C1_3H でRC1をCCPに割り当てている
                      00049         ;       __CONFIG        _CONFIG4L,  _DEBUG_OFF_4L & _LVP_ON_4L & _STVR_ON_4L
                      00050         ;       __CONFIG        _CONFIG5L,  _CP0_OFF_5L & _CP1_OFF_5L & _CP2_OFF_5L  &  _CP3_OFF_5L
                      00051         ;       __CONFIG        _CONFIG5H,  _CPD_OFF_5H & _CPB_OFF_5H
                      00052         ;       __CONFIG        _CONFIG6L,  _WRT0_OFF_6L & _WRT1_OFF_6L & _WRT2_OFF_6L  &  _WRT3_OFF_6L
                      00053         ;       __CONFIG        _CONFIG6H,  _WRTD_OFF_6H & _WRTB_OFF_6H & _WRTC_OFF_6H
                      00054         ;       __CONFIG        _CONFIG7L,  _EBTR0_OFF_7L & _EBTR1_OFF_7L & _EBTR2_OFF_7L  &  _EBTR3_OFF
                            _7L
                      00055         ;       __CONFIG        _CONFIG7H,  _EBTRB_OFF_7H
                      00056                 
                      00057 ;******************************
                      00058         ;変数定義
                      00059 ;******************************
                      00060         CBLOCK          000H
  00000000            00061         BUFFER
  00000001            00062         COUNT01 
  00000002            00063         COUNT02
  00000003            00064         DATA_1BYRE      
  00000004            00065         WORK1   ;割り込み時のメインプログラムのデータの
                      00066                                                         ;退避場所．
                      00067         ENDC
                      00068 ;************************************
                      00069                 ORG             0
000000 D???           00070                 BRA             INIT
                      00071                 ;高位割り込みベクタ
                      00072                 ORG     0x008
                      00073                 
                      00074                 ;低位割り込みベクタ
                      00075                 ORG     0x018
                      00076                 
                      00077                 
                      00078                 
                      00079 ;********初期化*********************
000018                00080 INIT
000018 0E0F           00081                 MOVLW           B'00001111'             ;すべてデジタルモード
00001A 6EC1           00082                 MOVWF           ADCON1                  ;
00001C 6A92           00083                 CLRF            TRISA                   ;
00001E 0EFF           00084                 MOVLW           B'11111111'             ;
000020 6E94           00085                 MOVWF           TRISC                   
                      00086                 
                      00087                 
                      00088                 
                      00089 ;*********メイン関数****************
000022                00090 MAINLOOP
000022 A682           00091                 BTFSS   PORTC,RC3
000024 D???           00092                 BRA             CASE_B
                      00093                 
                      00094 ;*******RC3==1スイッチOFFのとき
MPASM  5.46                           LED.ASM   3-9-2013  14:02:56         PAGE  3


LOC  OBJECT CODE     LINE SOURCE TEXT
  VALUE

000026                00095 CASE_A
000026 0E3C           00096                 MOVLW   B'00111100'
000028 6E80           00097                 MOVWF   PORTA
00002A D???           00098                 BRA             MAINLOOP
                      00099                 
                      00100 ;*******RC3==0スイッチONのとき
00002C                00101 CASE_B
00002C 0E00           00102                 MOVLW   B'00000000'
00002E 6E80           00103                 MOVWF   PORTA
000030 D???           00104                 BRA             MAINLOOP
                      00105                 
                      00106                 
                      00107                 END
MPASM  5.46                           LED.ASM   3-9-2013  14:02:56         PAGE  4


SYMBOL TABLE
  LABEL                             VALUE 

A                                 00000000
ACCESS                            00000000
ACKDT                             00000005
ACKEN                             00000004
ACKSTAT                           00000006
ACQT0                             00000003
ACQT1                             00000004
ACQT2                             00000005
ADCON0                            00000FC2
ADCON1                            00000FC1
ADCON2                            00000FC0
ADCS0                             00000000
ADCS1                             00000001
ADCS2                             00000002
ADDEN                             00000003
ADEN                              00000003
ADFM                              00000007
ADIE                              00000006
ADIF                              00000006
ADIP                              00000006
ADON                              00000000
ADRES                             00000FC3
ADRESH                            00000FC4
ADRESL                            00000FC3
AN0                               00000000
AN1                               00000001
AN10                              00000001
AN11                              00000004
AN12                              00000000
AN2                               00000002
AN3                               00000003
AN4                               00000005
AN8                               00000002
AN9                               00000003
BANKED                            00000001
BCLIE                             00000003
BCLIF                             00000003
BCLIP                             00000003
BF                                00000000
BOR                               00000000
BRGH                              00000002
BSR                               00000FE0
BUFFER                            00000000
C                                 00000000
C1INV                             00000004
C1OUT_CMCON                       00000006
C1OUT_PORTA                       00000004
C2INV                             00000005
C2OUT_CMCON                       00000007
C2OUT_PORTA                       00000005
CASE_A                            00000026
CASE_B                            0000002C
CCP1                              00000002
MPASM  5.46                           LED.ASM   3-9-2013  14:02:56         PAGE  5


SYMBOL TABLE
  LABEL                             VALUE 

CCP1CON                           00000FBD
CCP1IE                            00000002
CCP1IF                            00000002
CCP1IP                            00000002
CCP1M0                            00000000
CCP1M1                            00000001
CCP1M2                            00000002
CCP1M3                            00000003
CCP1X                             00000005
CCP1Y                             00000004
CCP2A                             00000003
CCP2CON                           00000FBA
CCP2IE                            00000000
CCP2IF                            00000000
CCP2IP                            00000000
CCP2M0                            00000000
CCP2M1                            00000001
CCP2M2                            00000002
CCP2M3                            00000003
CCP2X                             00000005
CCP2Y                             00000004
CCP2_PORTB                        00000003
CCP2_PORTC                        00000001
CCPR1                             00000FBE
CCPR1H                            00000FBF
CCPR1L                            00000FBE
CCPR2                             00000FBB
CCPR2H                            00000FBC
CCPR2L                            00000FBB
CFGS                              00000006
CHS0                              00000002
CHS1                              00000003
CHS2                              00000004
CHS3                              00000005
CIS                               00000003
CK                                00000006
CKE                               00000006
CKP                               00000004
CLKI                              00000007
CLKO                              00000006
CM0                               00000000
CM1                               00000001
CM2                               00000002
CMCON                             00000FB4
CMIE                              00000006
CMIF                              00000006
CMIP                              00000006
COUNT01                           00000001
COUNT02                           00000002
CREN                              00000004
CSRC                              00000007
CVR0                              00000000
CVR1                              00000001
MPASM  5.46                           LED.ASM   3-9-2013  14:02:56         PAGE  6


SYMBOL TABLE
  LABEL                             VALUE 

CVR2                              00000002
CVR3                              00000003
CVRCON                            00000FB5
CVREF                             00000002
CVREN                             00000007
CVROE                             00000006
CVRR                              00000005
D                                 00000005
DATA_1BYRE                        00000003
DATA_ADDRESS                      00000005
DC                                00000001
DC1B0                             00000004
DC1B1                             00000005
DC2B0                             00000004
DC2B1                             00000005
DCP1X                             00000005
DCP1Y                             00000004
DCP2X                             00000005
DCP2Y                             00000004
DDRA                              TRISA
DDRB                              TRISB
DDRC                              TRISC
DDRD                              TRISD
DDRE                              TRISE
DONE                              00000001
D_A                               00000005
D_NOT_A                           00000005
EEADR                             00000FA9
EECON1                            00000FA6
EECON2                            00000FA7
EEDATA                            00000FA8
EEIE                              00000004
EEIF                              00000004
EEIP                              00000004
EEPGD                             00000007
FAST                              00000001
FERR                              00000002
FLTS                              00000002
FREE                              00000004
FSR0                              00000000
FSR0H                             00000FEA
FSR0L                             00000FE9
FSR1                              00000001
FSR1H                             00000FE2
FSR1L                             00000FE1
FSR2                              00000002
FSR2H                             00000FDA
FSR2L                             00000FD9
GCEN                              00000007
GIE                               00000007
GIEH                              00000007
GIEL                              00000006
GIE_GIEH                          00000007
MPASM  5.46                           LED.ASM   3-9-2013  14:02:56         PAGE  7


SYMBOL TABLE
  LABEL                             VALUE 

GO                                00000001
GO_DONE                           00000001
GO_NOT_DONE                       00000001
I2C_DAT                           00000005
I2C_DATA                          00000005
I2C_READ                          00000002
I2C_START                         00000003
I2C_STOP                          00000004
IDLEN                             00000007
INDF0                             00000FEF
INDF1                             00000FE7
INDF2                             00000FDF
INIT                              00000018
INT0                              00000000
INT0E                             00000004
INT0F                             00000001
INT0IE                            00000004
INT0IF                            00000001
INT1                              00000001
INT1E                             00000003
INT1F                             00000000
INT1IE                            00000003
INT1IF                            00000000
INT1IP                            00000006
INT1P                             00000006
INT2                              00000002
INT2E                             00000004
INT2F                             00000001
INT2IE                            00000004
INT2IF                            00000001
INT2IP                            00000007
INT2P                             00000007
INTCON                            00000FF2
INTCON2                           00000FF1
INTCON3                           00000FF0
INTE                              00000004
INTEDG0                           00000006
INTEDG1                           00000005
INTEDG2                           00000004
INTF                              00000001
IOFS                              00000002
IPEN                              00000007
IPR1                              00000F9F
IPR2                              00000FA2
IRCF0                             00000004
IRCF1                             00000005
IRCF2                             00000006
IRVST                             00000005
IVRST                             00000005
KBI0                              00000004
KBI1                              00000005
KBI2                              00000006
KBI3                              00000007
MPASM  5.46                           LED.ASM   3-9-2013  14:02:56         PAGE  8


SYMBOL TABLE
  LABEL                             VALUE 

LATA                              00000F89
LATA0                             00000000
LATA1                             00000001
LATA2                             00000002
LATA3                             00000003
LATA4                             00000004
LATA5                             00000005
LATA6                             00000006
LATA7                             00000007
LATB                              00000F8A
LATB0                             00000000
LATB1                             00000001
LATB2                             00000002
LATB3                             00000003
LATB4                             00000004
LATB5                             00000005
LATB6                             00000006
LATB7                             00000007
LATC                              00000F8B
LATC0                             00000000
LATC1                             00000001
LATC2                             00000002
LATC3                             00000003
LATC4                             00000004
LATC5                             00000005
LATC6                             00000006
LATC7                             00000007
LVDCON                            00000FD2
LVDEN                             00000004
LVDIE                             00000002
LVDIF                             00000002
LVDIN                             00000005
LVDIP                             00000002
LVDL0                             00000000
LVDL1                             00000001
LVDL2                             00000002
LVDL3                             00000003
MAINLOOP                          00000022
N                                 00000004
NOT_A                             00000005
NOT_ADDRESS                       00000005
NOT_BOR                           00000000
NOT_DONE                          00000001
NOT_PD                            00000002
NOT_POR                           00000001
NOT_RBPU                          00000007
NOT_RI                            00000004
NOT_SS                            00000005
NOT_T1SYNC                        00000002
NOT_T3SYNC                        00000002
NOT_TO                            00000003
NOT_W                             00000002
NOT_WRITE                         00000002
MPASM  5.46                           LED.ASM   3-9-2013  14:02:56         PAGE  9


SYMBOL TABLE
  LABEL                             VALUE 

OERR                              00000001
OSC1                              00000007
OSC2                              00000006
OSCCON                            00000FD3
OSCFIE                            00000007
OSCFIF                            00000007
OSCFIP                            00000007
OSCTUN2                           00000F9A
OSCTUNE                           00000F9B
OSTS                              00000003
OV                                00000003
P                                 00000004
P1A                               00000002
PC                                00000FF9
PCFG0                             00000000
PCFG1                             00000001
PCFG2                             00000002
PCFG3                             00000003
PCL                               00000FF9
PCLATH                            00000FFA
PCLATU                            00000FFB
PD                                00000002
PEIE                              00000006
PEIE_GIEL                         00000006
PEN                               00000002
PGC                               00000006
PGD                               00000007
PGM                               00000005
PIE1                              00000F9D
PIE2                              00000FA0
PIR1                              00000F9E
PIR2                              00000FA1
PLUSW0                            00000FEB
PLUSW1                            00000FE3
PLUSW2                            00000FDB
POR                               00000001
PORTA                             00000F80
PORTB                             00000F81
PORTC                             00000F82
POSTDEC0                          00000FED
POSTDEC1                          00000FE5
POSTDEC2                          00000FDD
POSTINC0                          00000FEE
POSTINC1                          00000FE6
POSTINC2                          00000FDE
PR2                               00000FCB
PREINC0                           00000FEC
PREINC1                           00000FE4
PREINC2                           00000FDC
PROD                              00000FF3
PRODH                             00000FF4
PRODL                             00000FF3
PSA                               00000003
MPASM  5.46                           LED.ASM   3-9-2013  14:02:56         PAGE 10


SYMBOL TABLE
  LABEL                             VALUE 

R                                 00000002
RA0                               00000000
RA1                               00000001
RA2                               00000002
RA3                               00000003
RA4                               00000004
RA5                               00000005
RA6                               00000006
RA7                               00000007
RB0                               00000000
RB1                               00000001
RB2                               00000002
RB3                               00000003
RB4                               00000004
RB5                               00000005
RB6                               00000006
RB7                               00000007
RBIE                              00000003
RBIF                              00000000
RBIP                              00000000
RBPU                              00000007
RC0                               00000000
RC1                               00000001
RC2                               00000002
RC3                               00000003
RC4                               00000004
RC5                               00000005
RC6                               00000006
RC7                               00000007
RCEN                              00000003
RCIE                              00000005
RCIF                              00000005
RCIP                              00000005
RCON                              00000FD0
RCREG                             00000FAE
RCSTA                             00000FAB
RD                                00000000
RD16                              00000007
READ_WRITE                        00000002
RI                                00000004
RSEN                              00000001
RX                                00000007
RX9                               00000006
RX9D                              00000000
R_NOT_W                           00000002
R_W                               00000002
S                                 00000003
SCK                               00000003
SCL                               00000003
SCS                               00000000
SCS0                              00000000
SCS1                              00000001
SDA                               00000004
MPASM  5.46                           LED.ASM   3-9-2013  14:02:56         PAGE 11


SYMBOL TABLE
  LABEL                             VALUE 

SDI                               00000004
SDO                               00000005
SEN                               00000000
SMP                               00000007
SP0                               00000000
SP1                               00000001
SP2                               00000002
SP3                               00000003
SP4                               00000004
SPBRG                             00000FAF
SPEN                              00000007
SREN                              00000005
SS                                00000005
SSPADD                            00000FC8
SSPBUF                            00000FC9
SSPCON1                           00000FC6
SSPCON2                           00000FC5
SSPEN                             00000005
SSPIE                             00000003
SSPIF                             00000003
SSPIP                             00000003
SSPM0                             00000000
SSPM1                             00000001
SSPM2                             00000002
SSPM3                             00000003
SSPOV                             00000006
SSPSTAT                           00000FC7
STATUS                            00000FD8
STKFUL                            00000007
STKOVF                            00000007
STKPTR                            00000FFC
STKPTR0                           00000000
STKPTR1                           00000001
STKPTR2                           00000002
STKPTR3                           00000003
STKPTR4                           00000004
STKUNF                            00000006
SWDTE                             00000000
SWDTEN                            00000000
SYNC                              00000004
T016BIT                           00000006
T08BIT                            00000006
T0CKI                             00000004
T0CON                             00000FD5
T0CS                              00000005
T0IE                              00000005
T0IF                              00000002
T0IP                              00000002
T0PS0                             00000000
T0PS1                             00000001
T0PS2                             00000002
T0PS3                             00000003
T0SE                              00000004
MPASM  5.46                           LED.ASM   3-9-2013  14:02:56         PAGE 12


SYMBOL TABLE
  LABEL                             VALUE 

T13CKI                            00000000
T1CKI                             00000000
T1CKPS0                           00000004
T1CKPS1                           00000005
T1CON                             00000FCD
T1OSCEN                           00000003
T1OSI                             00000001
T1OSO                             00000000
T1RUN                             00000006
T1SYNC                            00000002
T2CKPS0                           00000000
T2CKPS1                           00000001
T2CON                             00000FCA
T3CCP1                            00000003
T3CCP2                            00000006
T3CKPS0                           00000004
T3CKPS1                           00000005
T3CON                             00000FB1
T3SYNC                            00000002
TABLAT                            00000FF5
TBLPTR                            00000FF6
TBLPTRH                           00000FF7
TBLPTRL                           00000FF6
TBLPTRU                           00000FF8
TMR0                              00000FD6
TMR0H                             00000FD7
TMR0IE                            00000005
TMR0IF                            00000002
TMR0IP                            00000002
TMR0L                             00000FD6
TMR0ON                            00000007
TMR1                              00000FCE
TMR1CS                            00000001
TMR1H                             00000FCF
TMR1IE                            00000000
TMR1IF                            00000000
TMR1IP                            00000000
TMR1L                             00000FCE
TMR1ON                            00000000
TMR2                              00000FCC
TMR2IE                            00000001
TMR2IF                            00000001
TMR2IP                            00000001
TMR2ON                            00000002
TMR3                              00000FB2
TMR3CS                            00000001
TMR3H                             00000FB3
TMR3IE                            00000001
TMR3IF                            00000001
TMR3IP                            00000001
TMR3L                             00000FB2
TMR3ON                            00000000
TO                                00000003
MPASM  5.46                           LED.ASM   3-9-2013  14:02:56         PAGE 13


SYMBOL TABLE
  LABEL                             VALUE 

TOS                               00000FFD
TOSH                              00000FFE
TOSL                              00000FFD
TOSU                              00000FFF
TOUTPS0                           00000003
TOUTPS1                           00000004
TOUTPS2                           00000005
TOUTPS3                           00000006
TRISA                             00000F92
TRISA0                            00000000
TRISA1                            00000001
TRISA2                            00000002
TRISA3                            00000003
TRISA4                            00000004
TRISA5                            00000005
TRISA6                            00000006
TRISA7                            00000007
TRISB                             00000F93
TRISB0                            00000000
TRISB1                            00000001
TRISB2                            00000002
TRISB3                            00000003
TRISB4                            00000004
TRISB5                            00000005
TRISB6                            00000006
TRISB7                            00000007
TRISC                             00000F94
TRISC0                            00000000
TRISC1                            00000001
TRISC2                            00000002
TRISC3                            00000003
TRISC4                            00000004
TRISC5                            00000005
TRISC6                            00000006
TRISC7                            00000007
TRMT                              00000001
TUN0                              00000000
TUN1                              00000001
TUN2                              00000002
TUN3                              00000003
TUN4                              00000004
TUN5                              00000005
TUNSEL                            00000007
TX                                00000006
TX9                               00000006
TX9D                              00000000
TXEN                              00000005
TXIE                              00000004
TXIF                              00000004
TXIP                              00000004
TXREG                             00000FAD
TXSTA                             00000FAC
UA                                00000001
MPASM  5.46                           LED.ASM   3-9-2013  14:02:56         PAGE 14


SYMBOL TABLE
  LABEL                             VALUE 

VCFG0                             00000004
VCFG1                             00000005
VREFM                             00000002
VREFP                             00000003
W                                 00000000
WCOL                              00000007
WDTCON                            00000FD1
WORK1                             00000004
WR                                00000001
WREG                              00000FE8
WREN                              00000002
WRERR                             00000003
Z                                 00000002
_16K                              000000FD
_1K                               000000F5
_2K                               000000F7
_32K                              000000FF
_4K                               000000F9
_8K                               000000FB
_BORV_20_2L                       000000FF
_BORV_27_2L                       000000FB
_BORV_42_2L                       000000F7
_BORV_45_2L                       000000F3
_BOR_OFF_2L                       000000FD
_BOR_ON_2L                        000000FF
_CCP2MX_B3                        000000FE
_CCP2MX_B3_3H                     000000FE
_CCP2MX_C1                        000000FF
_CCP2MX_C1_3H                     000000FF
_CCP2MX_OFF                       000000FE
_CCP2MX_OFF_3H                    000000FE
_CCP2MX_ON                        000000FF
_CCP2MX_ON_3H                     000000FF
_CONFIG1H                         00300001
_CONFIG2H                         00300003
_CONFIG2L                         00300002
_CONFIG3H                         00300005
_CONFIG4L                         00300006
_CONFIG5H                         00300009
_CONFIG5L                         00300008
_CONFIG6H                         0030000B
_CONFIG6L                         0030000A
_CONFIG7H                         0030000D
_CONFIG7L                         0030000C
_CP0_OFF_5L                       000000FF
_CP0_ON_5L                        000000FE
_CP1_OFF_5L                       000000FF
_CP1_ON_5L                        000000FD
_CP2_OFF_5L                       000000FF
_CP2_ON_5L                        000000FB
_CP3_OFF_5L                       000000FF
_CP3_ON_5L                        000000F7
_CPB_OFF_5H                       000000FF
MPASM  5.46                           LED.ASM   3-9-2013  14:02:56         PAGE 15


SYMBOL TABLE
  LABEL                             VALUE 

_CPB_ON_5H                        000000BF
_CPD_OFF_5H                       000000FF
_CPD_ON_5H                        0000007F
_DEBUG_OFF_4L                     000000FF
_DEBUG_ON_4L                      0000007F
_DEVID1                           003FFFFE
_DEVID2                           003FFFFF
_EBTR0_OFF_7L                     000000FF
_EBTR0_ON_7L                      000000FE
_EBTR1_OFF_7L                     000000FF
_EBTR1_ON_7L                      000000FD
_EBTR2_OFF_7L                     000000FF
_EBTR2_ON_7L                      000000FB
_EBTR3_OFF_7L                     000000FF
_EBTR3_ON_7L                      000000F7
_EBTRB_OFF_7H                     000000FF
_EBTRB_ON_7H                      000000BF
_ECIOP_OSC                        000000F5
_ECIOP_OSC_1H                     000000F5
_ECIO_OSC_1H                      000000F5
_EC_OSC                           000000F4
_EC_OSC_1H                        000000F4
_FSCM_OFF_1H                      000000BF
_FSCM_ON_1H                       000000FF
_HSPLL_OSC                        000000F6
_HSPLL_OSC_1H                     000000F6
_HS_OSC                           000000F2
_HS_OSC_1H                        000000F2
_IDLOC0                           00200000
_IDLOC1                           00200001
_IDLOC2                           00200002
_IDLOC3                           00200003
_IDLOC4                           00200004
_IDLOC5                           00200005
_IDLOC6                           00200006
_IDLOC7                           00200007
_IESO_OFF_1H                      0000007F
_IESO_ON_1H                       000000FF
_INTIO1_OSC                       000000F9
_INTIO1_OSC_1H                    000000F9
_INTIO2_OSC                       000000F8
_INTIO2_OSC_1H                    000000F8
_LP_OSC                           000000F0
_LP_OSC_1H                        000000F0
_LVP_OFF_4L                       000000FB
_LVP_ON_4L                        000000FF
_MCLRE_OFF_3H                     0000007F
_MCLRE_ON_3H                      000000FF
_PBAD_ANA_3H                      000000FF
_PBAD_DIG_3H                      000000FD
_PWRT_OFF_2L                      000000FF
_PWRT_ON_2L                       000000FE
_RCIO_OSC                         000000F7
MPASM  5.46                           LED.ASM   3-9-2013  14:02:56         PAGE 16


SYMBOL TABLE
  LABEL                             VALUE 

_RCIO_OSC_1H                      000000F7
_RC_OSC                           000000FC
_RC_OSC_1H                        000000FC
_STVR_OFF_4L                      000000FE
_STVR_ON_4L                       000000FF
_WDTPS_128_2H                     000000EF
_WDTPS_16K_2H                     000000FD
_WDTPS_16_2H                      000000E9
_WDTPS_1K_2H                      000000F5
_WDTPS_1_2H                       000000E1
_WDTPS_256_2H                     000000F1
_WDTPS_2K_2H                      000000F7
_WDTPS_2_2H                       000000E3
_WDTPS_32K_2H                     000000FF
_WDTPS_32_2H                      000000EB
_WDTPS_4K_2H                      000000F9
_WDTPS_4_2H                       000000E5
_WDTPS_512_2H                     000000F3
_WDTPS_64_2H                      000000ED
_WDTPS_8K_2H                      000000FB
_WDTPS_8_2H                       000000E7
_WDT_OFF_2H                       000000FE
_WDT_ON_2H                        000000FF
_WRT0_OFF_6L                      000000FF
_WRT0_ON_6L                       000000FE
_WRT1_OFF_6L                      000000FF
_WRT1_ON_6L                       000000FD
_WRT2_OFF_6L                      000000FF
_WRT2_ON_6L                       000000FB
_WRT3_OFF_6L                      000000FF
_WRT3_ON_6L                       000000F7
_WRTB_OFF_6H                      000000FF
_WRTB_ON_6H                       000000BF
_WRTC_OFF_6H                      000000FF
_WRTC_ON_6H                       000000DF
_WRTD_OFF_6H                      000000FF
_WRTD_ON_6H                       0000007F
_XT_OSC                           000000F1
_XT_OSC_1H                        000000F1
__18F2320                         00000001
__DEBUG                           1

Errors   :     0
Warnings :     0 reported,     0 suppressed
Messages :     0 reported,     0 suppressed

