CCS PCM C Compiler, Version 3.185, 22500

               Filename: C:\Users\FMV\Dropbox\PIC-project\PIC CCS\RS232C動作確認\rs232c　動作確認1215 - コピー\rs232c ccs.LST

               ROM used: 147 (4%)
                         Largest free fragment is 2048
               RAM used: 8 (5%) at main() level
                         8 (5%) worst case
               Stack:    1 locations

*
0000:  MOVLW  00
0001:  MOVWF  0A
0002:  GOTO   046
0003:  NOP
....................  //ヘッダファイルの読み込み  
.................... #include <16f88.h>		 
....................  //////// Standard Header file for the PIC16F88 device ////////////////  
.................... #device PIC16F88  
.................... #list  
....................  
.................... #include <stdio.h>			//標準入出力のヘッダファイル 
....................  ///////////////////////////////////////////////////////////////////////////  
.................... ////        (C) Copyright 1996,2003 Custom Computer Services           ////  
.................... //// This source code may only be used by licensed users of the CCS C  ////  
.................... //// compiler.  This source code may only be distributed to other      ////  
.................... //// licensed users of the CCS C compiler.  No other use, reproduction ////  
.................... //// or distribution is permitted without written permission.          ////  
.................... //// Derivative programs created using this software in object code    ////  
.................... //// form are not restricted in any way.                               ////  
.................... ///////////////////////////////////////////////////////////////////////////  
....................   
.................... #ifndef _STDIO  
.................... #define _STDIO  
.................... #include <string.h> 
....................  ////////////////////////////////////////////////////////////////////////////  
.................... ////        (C) Copyright 1996,2003 Custom Computer Services            ////  
.................... //// This source code may only be used by licensed users of the CCS C   ////  
.................... //// compiler.  This source code may only be distributed to other       ////  
.................... //// licensed users of the CCS C compiler.  No other use, reproduction  ////  
.................... //// or distribution is permitted without written permission.           ////  
.................... //// Derivative programs created using this software in object code     ////  
.................... //// form are not restricted in any way.                                ////  
.................... ////////////////////////////////////////////////////////////////////////////  
....................   
.................... #ifndef _STRING  
.................... #define _STRING  
.................... #include <stddef.h> 
....................  ///////////////////////////////////////////////////////////////////////////  
.................... ////        (C) Copyright 1996,2003 Custom Computer Services           ////  
.................... //// This source code may only be used by licensed users of the CCS C  ////  
.................... //// compiler.  This source code may only be distributed to other      ////  
.................... //// licensed users of the CCS C compiler.  No other use, reproduction ////  
.................... //// or distribution is permitted without written permission.          ////  
.................... //// Derivative programs created using this software in object code    ////  
.................... //// form are not restricted in any way.                               ////  
.................... ///////////////////////////////////////////////////////////////////////////  
....................   
.................... #ifndef _STDDEF  
....................   
.................... #define _STDDEF  
....................   
.................... #if sizeof(int *)==1  
.................... #define ptrdiff_t int  
.................... #else  
.................... #define ptrdiff_t long  
.................... #endif  
....................   
.................... #define size_t int  
.................... #define wchar_t char  
.................... #define NULL 0  
....................   
.................... #define offsetof(s,f) (offsetofbit(s,f)/8)  
....................   
.................... #endif  
....................  
.................... #include <ctype.h> 
....................  ////////////////////////////////////////////////////////////////////////////  
.................... ////        (C) Copyright 1996,2003 Custom Computer Services            ////  
.................... //// This source code may only be used by licensed users of the CCS C   ////  
.................... //// compiler.  This source code may only be distributed to other       ////  
.................... //// licensed users of the CCS C compiler.  No other use, reproduction  ////  
.................... //// or distribution is permitted without written permission.           ////  
.................... //// Derivative programs created using this software in object code     ////  
.................... //// form are not restricted in any way.                                ////  
.................... ////////////////////////////////////////////////////////////////////////////  
....................   
.................... #ifndef _CTYPE  
.................... #define _CTYPE  
....................   
.................... #define islower(x)  isamoung(x,"abcdefghijklmnopqrstuvwxyz")  
.................... #define isupper(x)  isamoung(x,"ABCDEFGHIJKLMNOPQRSTUVWXYZ")  
.................... #define isalnum(x)  isamoung(x,"0123456789ABCDEFGHIJKLMNOPQRSTUVWXYZabcdefghijklmnopqrstuvwxyz")  
.................... #define isalpha(x)  isamoung(x,"ABCDEFGHIJKLMNOPQRSTUVWXYZabcdefghijklmnopqrstuvwxyz")  
.................... #define isdigit(x)  isamoung(x,"0123456789")  
.................... #define isspace(x)  (x==' ')  
.................... #define isxdigit(x) isamoung(x,"0123456789ABCDEFabcdef")  
.................... #define iscntrl(x)  (x<' ')  
.................... #define isprint(x)  (x>=' ')  
.................... #define isgraph(x)  (x>' ')  
.................... #define ispunct(x)  ((x>' ')&&!isalnum(x))  
....................   
.................... #endif  
....................   
....................  
....................   
....................   
....................   
.................... //////////////////////////////////////////////  
.................... //// Uncomment the following define to    ////  
.................... //// allow some functions to use a        ////  
.................... //// quicker algorithm, but use more ROM  ////  
.................... ////                                      ////  
.................... //// #define FASTER_BUT_MORE_ROM          ////  
.................... //////////////////////////////////////////////  
....................   
....................   
....................   
.................... /*Copying functions*/  
.................... /* standard template:  
....................    void *memmove(void *s1, void *s2, size_t n).  
....................    Copies max of n characters safely (not following ending '\0')  
....................    from s2 in s1; if s2 has less than n characters, appends 0 */  
....................   
.................... char *memmove(void *s1,char *s2,size_t n)  
.................... {  
....................    char *sc1;  
....................    char *sc2;  
....................    sc1=s1;  
....................    sc2=s2;  
....................    if(sc2<sc1 && sc1 <sc2 +n)  
....................       for(sc1+=n,sc2+=n;0<n;--n)  
....................          *--sc1=*--sc2;  
....................    else  
....................       for(;0<n;--n)  
....................          *sc1++=*sc2++;  
....................   return s1;  
....................   }  
.................... /*    Standard template: char *strcpy(char *s1, const char *s2)  
.................... copies the string s2 including the null character to s1*/  
....................   
.................... char *strcpy(char *s1, char *s2)  
.................... {  
....................   char *s;  
....................   
....................   for (s = s1; *s2 != 0; s++, s2++)  
.................... 	  *s = *s2;  
....................   return(s1);  
.................... }  
.................... /* compiler ignored the name 'strcpy()'; perhaps, it's reserved?? 
....................    Standard template: char *strcpy(char *s1, const char *s2)  
....................    copies the string s2 including the null character to s1*/  
....................   
.................... char *strcopy(char *s1, char *s2)  
.................... {  
....................   char *s;  
....................   
....................   for (s = s1; *s2 != 0; s++, s2++)  
.................... 	  *s = *s2;  
....................   return(s1);  
.................... }  
....................   
.................... /* standard template:  
....................    char *strncpy(char *s1, const char *s2, size_t n).  
....................    Copies max of n characters (not following ending '\0')  
....................    from s2 in s1; if s2 has less than n characters, appends 0 */  
....................   
.................... char *strncpy(char *s1, char *s2, size_t n)  
.................... {  
....................   char *s;  
....................   
....................   for (s = s1; n > 0 && *s2 != '\0'; n--)  
....................      *s++ = *s2++;  
....................   for (; n > 0; n--)  
....................      *s++ = '\0';  
....................   
....................   return(s1);  
.................... }  
.................... /***********************************************************/  
....................   
.................... /*concatenation functions*/  
.................... /* standard template: char *strcat(char *s1, const char *s2)  
.................... appends s2 to s1*/  
....................   
.................... char *strcat(char *s1, char *s2)  
.................... {  
....................    char *s;  
....................   
....................    for (s = s1; *s != '\0'; ++s);  
....................    while(*s2 != '\0')  
....................    {  
....................       *s = *s2;  
....................       ++s;  
....................       ++s2;  
....................    }  
....................   
....................    *s = '\0';  
....................    return(s1);  
.................... }  
.................... /* standard template: char *strncat(char *s1, char *s2,size_t n)  
.................... appends not more than n characters from s2 to s1*/  
....................   
.................... char *strncat(char *s1, char *s2, size_t n)  
.................... {  
....................    char *s;  
....................   
....................    for (s = s1; *s != '\0'; ++s);  
....................    while(*s2 != '\0' && 0<n)  
....................    {  
....................       *s = *s2;  
....................       ++s;  
....................       ++s2;  
....................       --n;  
....................    }  
....................   
....................    *s = '\0';  
....................    return(s1);  
.................... }  
....................   
.................... /***********************************************************/  
....................   
.................... /*comparison functions*/  
.................... /* standard template: signed int memcmp(void *s1, void *s2).  
....................    Compares s1 & s2; returns -1 if s1<s2, 0 if s1=s2, 1 if s1>s2 */  
....................   
.................... signed int memcmp(void * s1,char *s2,size_t n)  
.................... {  
.................... char *su1, su2;  
.................... for(su1=s1, su2=s2; 0<n; ++su1, ++su2, --n)  
.................... {  
....................    if(*su1!=*su2)  
....................       return ((*su1<*su2)??1:+1);  
.................... }  
.................... return 0;  
.................... }  
.................... /* standard template: int strcmp(const char *s1, const char *s2).  
....................    Compares s1 & s2; returns -1 if s1<s2, 0 if s1=s2, 1 if s1>s2 */  
....................   
.................... signed int strcmp(char *s1, char *s2)  
.................... {  
....................    for (; *s1 == *s2; s1++, s2++)  
....................       if (*s1 == '\0')  
....................          return(0);  
....................    return((*s1 < *s2) ??-1: 1);  
.................... }  
.................... /* standard template: int strcoll(const char *s1, const char *s2).  
....................    Compares s1 & s2; returns -1 if s1<s2, 0 if s1=s2, 1 if s1>s2 */  
....................   
.................... signed int strcoll(char *s1, char *s2)  
.................... {  
....................    for (; *s1 == *s2; s1++, s2++)  
....................       if (*s1 == '\0')  
....................          return(0);  
....................    return((*s1 < *s2) ??-1: 1);  
.................... }  
....................   
.................... /* standard template:  
....................    int strncmp(const char *s1, const char *s2, size_t n).  
....................    Compares max of n characters (not following 0) from s1 to s2;  
....................    returns same as strcmp */  
....................   
.................... signed int strncmp(char *s1, char *s2, size_t n)  
.................... {  
....................    for (; n > 0; s1++, s2++, n--)  
....................       if (*s1 != *s2)  
....................          return((*s1 <*s2) ??-1: 1);  
....................       else if (*s1 == '\0')  
....................          return(0);  
....................    return(0);  
.................... }  
.................... /* standard template:  
....................    int strxfrm(const char *s1, const char *s2, size_t n).  
....................    transforms maximum of n characters from s2 and places them into s1*/  
.................... size_t strxfrm(char *s1, char *s2, size_t n)  
.................... {  
....................   char *s;  
....................   int n1;  
....................   n1=n;  
....................   for (s = s1; n > 0 && *s2 != '\0'; n--)  
....................      *s++ = *s2++;  
....................   for (; n > 0; n--)  
....................      *s++ = '\0';  
....................   
....................   return(n1);  
.................... }  
....................   
....................   
....................   
....................   
....................   
.................... /***********************************************************/  
.................... /*Search functions*/  
.................... /* standard template: void *memchr(const char *s, int c).  
....................    Finds first occurrence of c in n characters of s */  
....................   
.................... char *memchr(void *s,int c,size_t n)  
.................... {  
....................    char uc;  
....................    char *su;  
....................    uc=c;  
....................    for(su=s;0<n;++su,--n)  
....................       if(*su==uc)  
....................       return su;  
....................    return NULL;  
.................... }  
....................   
.................... /* standard template: char *strchr(const char *s, int c).  
....................    Finds first occurrence of c in s */  
....................   
.................... char *strchr(char *s, int c)  
.................... {  
....................    for (; *s != c; s++)  
....................       if (*s == '\0')  
....................          return(0);  
....................    return(s);  
.................... }  
.................... /* standard template:  
....................    size_t strcspn(const char *s1, const char *s2).  
....................    Computes length of max initial segment of s1 that  
....................    consists entirely of characters NOT from s2*/  
....................   
.................... int *strcspn(char *s1, char *s2)  
.................... {  
....................    char *sc1, *sc2;  
....................   
....................    for (sc1 = s1; *sc1 != 0; sc1++)  
....................       for (sc2 = s2; *sc2 != 0; sc2++)  
....................          if (*sc1 == *sc2)  
....................             return(sc1 - s1);  
....................    return(sc1 - s1);  
.................... }  
.................... /* standard template:  
....................    char *strpbrk(const char *s1, const char *s2).  
....................    Locates first occurence of any character from s2 in s1;  
....................    returns s1 if s2 is empty string */  
....................   
.................... char *strpbrk(char *s1, char *s2)  
.................... {  
....................    char *sc1, *sc2;  
....................   
....................    for (sc1 = s1; *sc1 != 0; sc1++)  
....................       for (sc2 = s2; *sc2 != 0; sc2++)  
....................          if (*sc1 == *sc2)  
....................             return(sc1);  
....................    return(0);  
.................... }  
....................   
....................   
.................... /* standard template: char *strrchr(const char *s, int c).  
....................    Finds last occurrence of c in s */  
....................   
.................... char *strrchr(char *s, int c)  
.................... {  
....................    char *p;  
....................   
....................    for (p = 0; ; s++)  
....................    {  
....................       if (*s == c)  
....................          p = s;  
....................       if (*s == '\0')  
....................          return(p);  
....................    }  
.................... }  
.................... /* computes length of max initial segment of s1 consisting  
....................    entirely of characters from s2 */  
....................   
.................... int *strspn(char *s1, char *s2)  
.................... {  
....................    char *sc1, *sc2;  
....................   
....................    for (sc1 = s1; *sc1 != 0; sc1++)  
....................       for (sc2 = s2; ; sc2++)  
.................... 	 if (*sc2 == '\0')  
.................... 	    return(sc1 - s1);  
....................          else if (*sc1 == *sc2)  
....................             break;  
....................    return(sc1 - s1);  
.................... }  
.................... /* standard template:  
....................    char *strstr(const char *s1, const char *s2);  
....................    Locates first occurence of character sequence s2 in s1;  
....................    returns 0 if s2 is empty string  
....................   
....................    Uncomment #define FASTER_BUT_MORE_ROM at the top of the  
....................    file to use the faster algorithm */  
.................... char *strstr(char *s1, char *s2)  
.................... {  
.................... 	char *s, *t;  
....................   
....................    #ifdef FASTER_BUT_MORE_ROM  
....................    if (*s2 == '\0')  
....................          return(s1);  
....................    #endif  
....................   
.................... 	while (*s1)  
....................    {  
....................       for(s = s1, t = s2; *t && *s == *t; ++s, ++t);  
....................   
.................... 		if (*t == '\0')  
.................... 			return s1;  
....................       ++s1;  
....................       #ifdef FASTER_BUT_MORE_ROM  
....................          while(*s1 != '\0' && *s1 != *s2)  
....................             ++s1;  
....................       #endif  
.................... 	}  
.................... 	return 0;  
.................... }  
....................   
.................... /* standard template: char *strtok(char *s1, const char *s2).  
....................   
....................    Finds next token in s1 delimited by a character from separator  
....................    string s2 (which can be different from call to call).  First call  
....................    starts at beginning of s1 searching for first character NOT  
....................    contained in s2; returns 0 if none is found.  
....................    If one is found, it is the start of first token (return value).  
....................    Function then searches from there for a character contained in s2.  
....................    If none is found, current token extends to end of s1, and subsequent  
....................    searches for a token will return 0.  If one is found, it is  
....................    overwritten by '\0', which terminates current token.  Function saves  
....................    pointer to following character from which next search will start.  
....................    Each subsequent call, with 0 as first argument, starts searching  
....................    from saved pointer */  
....................   
.................... char *strtok(char *s1, char *s2)  
.................... {  
....................    char *beg, *end;  
....................    static char *save;  
*
0051:  CLRF   20
0052:  MOVLW  81
0053:  BSF    03.5
0054:  MOVWF  19
0055:  MOVLW  26
0056:  MOVWF  18
0057:  MOVLW  90
0058:  BCF    03.5
0059:  MOVWF  18
....................   
....................    beg = (s1)??s1: save;  
....................    beg += strspn(beg, s2);  
....................    if (*beg == '\0')  
....................    {  
....................       *save = ' ';  
....................       return(0);  
....................    }  
....................    end = strpbrk(beg, s2);  
....................    if (*end != '\0')  
....................    {  
....................       *end = '\0';  
....................       end++;  
....................    }  
....................    save = end;  
....................    return(beg);  
.................... }  
....................   
.................... /*****************************************************************/  
.................... /*Miscellaneous functions*/  
.................... /* standard template  
.................... maps error number in errnum to an error message string  
.................... Returns: Pointer to string  
.................... */  
.................... #ifdef _ERRNO  
.................... char * strerror(int errnum)  
.................... {  
.................... char s[15];  
.................... switch( errnum)  
.................... {  
.................... case 0:  
....................    strcpy(s,"no errors");  
....................    return s;  
.................... case EDOM :  
....................    strcpy(s,"domain error");  
....................    return s;  
.................... case ERANGE:  
....................    strcpy(s,"range error");  
....................    return s;  
.................... }  
.................... }  
.................... #ENDIF  
.................... /* standard template: size_t strlen(const char *s).  
....................    Computes length of s1 (preceding terminating 0) */  
....................   
.................... int *strlen(char *s)  
.................... {  
....................    char *sc;  
....................   
....................    for (sc = s; *sc != 0; sc++);  
....................    return(sc - s);  
.................... }  
....................   
.................... /* standard template: size_t stricmp(const char *s1, const char *s2).  
....................    Compares s1 to s2 ignoring case (upper vs. lower) */  
....................   
.................... signed int stricmp(char *s1, char *s2)  
.................... {  
....................  for(; *s1==*s2||(isalpha(*s1)&&isalpha(*s2)&&(*s1==*s2+32||*s2==*s1+32));  
....................     s1++, s2++)  
....................     if (*s1 == '\0')  
....................        return(0);  
....................  return((*s1 < *s2) ??-1: 1);  
.................... }  
....................   
....................   
.................... /* standard template: char *strlwr(char *s).  
....................    Replaces uppercase letters by lowercase;  
....................    returns pointer to new string s */  
....................   
.................... char *strlwr(char *s)  
.................... {  
....................    char *p;  
....................   
....................    for (p = s; *p != '\0'; p++)  
....................       if (*p >= 'A' && *p <='Z')  
....................          *p += 'a' - 'A';  
....................    return(s);  
.................... }  
....................   
....................   
.................... /************************************************************/  
....................   
....................   
.................... #endif  
....................  
.................... #ifndef getc  
.................... #define getc getch  
.................... #define getchar getch  
.................... #define puts(s) {printf(s); putchar(13); putchar(10);}  
.................... #define putc putchar  
.................... #endif  
.................... /* maps error number to an error message. Writes a sequence of characters to  
.................... stderr stream thus: if s is not null then string pointed to by s follwed by  
.................... a colon (:) and a space and the appropriate error message returned by strerror  
.................... function with argument errno  
....................   
.................... Returns: no value  
.................... */  
....................   
.................... #ifdef _ERRNO  
.................... void perror(char *s)  
.................... {  
....................   if(s)  
....................   fprintf(STDERR,"%s: ",s);  
....................   fprintf(STDERR,"%s\r\n",strerror(errno));  
.................... }  
.................... #endif  
.................... #endif  
....................  
....................   
.................... // 入出力ピンの設定  
.................... #define TRIS_A	0x00		//ALL,OUT  
.................... #define TRIS_B	0x04		//ALL,OUT  
....................   
.................... //ピンのdefine  
.................... #define RUN_LED PIN_A1  
....................   
.................... //RS232Cの設定コマンド  
.................... #define RS_BAUD		9600	//Baud-Reatは9600bps  
.................... #define RS_TX		PIN_B5	//TXピンはPIN_C6  
.................... #define RS_RX		PIN_B2	//RXピンはPIN_C7  
....................   
....................   
.................... //コンフィギュレーションビットの設定  
.................... #fuses HS,NOWDT,NOPUT,NOPROTECT,NOBROWNOUT,NOLVP  
.................... //詳細は一番下のメモ書きにて  
....................   
....................   
.................... //クロック速度の指定（20MHz)  
.................... #use delay(clock = 20000000)  
*
0032:  MOVLW  22
0033:  MOVWF  04
0034:  MOVF   00,W
0035:  BTFSC  03.2
0036:  GOTO   044
0037:  MOVLW  06
0038:  MOVWF  78
0039:  CLRF   77
003A:  DECFSZ 77,F
003B:  GOTO   03A
003C:  DECFSZ 78,F
003D:  GOTO   039
003E:  MOVLW  7B
003F:  MOVWF  77
0040:  DECFSZ 77,F
0041:  GOTO   040
0042:  DECFSZ 00,F
0043:  GOTO   037
0044:  BCF    0A.3
0045:  GOTO   06F (RETURN)
....................   
.................... //RS232Cの設定  
.................... #use rs232(BAUD = RS_BAUD , XMIT = RS_TX, RCV = RS_RX)  
....................   
.................... //初期設定  
....................   
....................   
....................   
....................   
.................... //ここからmain関数  
.................... main() {  
.................... 		//変数定義  
0046:  CLRF   04
0047:  MOVLW  1F
0048:  ANDWF  03,F
0049:  BSF    03.5
004A:  MOVF   1F,W
004B:  ANDLW  C0
004C:  MOVWF  1F
004D:  CLRF   1B
004E:  MOVLW  07
004F:  BCF    03.5
0050:  MOVWF  1F
.................... 		char  cmnd =0;   
*
005A:  CLRF   21
.................... 		  
.................... 	  
.................... 		//初期化  
.................... 		set_tris_a(TRIS_A);  
005B:  MOVLW  00
005C:  TRIS   5
.................... 		set_tris_b(TRIS_B);  
005D:  MOVLW  04
005E:  TRIS   6
.................... 		  
....................   
.................... 	printf("Hello world\n\r");  
005F:  CLRF   22
0060:  MOVF   22,W
0061:  CALL   004
0062:  INCF   22,F
0063:  MOVWF  77
0064:  MOVF   77,W
0065:  BTFSS  0C.4
0066:  GOTO   065
0067:  MOVWF  19
0068:  MOVLW  0D
0069:  SUBWF  22,W
006A:  BTFSS  03.2
006B:  GOTO   060
.................... 		while(1)   
.................... 		{					//永久繰り返し  
.................... 			delay_ms(30);  
006C:  MOVLW  1E
006D:  MOVWF  22
006E:  GOTO   032
.................... 			printf("\nCommand= ");		//Command=表示	  
006F:  CLRF   22
0070:  MOVF   22,W
0071:  CALL   016
0072:  INCF   22,F
0073:  MOVWF  77
0074:  MOVF   77,W
0075:  BTFSS  0C.4
0076:  GOTO   075
0077:  MOVWF  19
0078:  MOVLW  0A
0079:  SUBWF  22,W
007A:  BTFSS  03.2
007B:  GOTO   070
.................... 			cmnd=getc();				//１文字入力  
007C:  BTFSS  0C.5
007D:  GOTO   07C
007E:  MOVF   1A,W
007F:  MOVWF  21
.................... 			printf(" Input= ");			//Input=表示  
0080:  CLRF   22
0081:  MOVF   22,W
0082:  CALL   025
0083:  INCF   22,F
0084:  MOVWF  77
0085:  MOVF   77,W
0086:  BTFSS  0C.4
0087:  GOTO   086
0088:  MOVWF  19
0089:  MOVLW  08
008A:  SUBWF  22,W
008B:  BTFSS  03.2
008C:  GOTO   081
.................... 			putc(cmnd);					//入力文字表示  
008D:  MOVF   21,W
008E:  BTFSS  0C.4
008F:  GOTO   08E
0090:  MOVWF  19
.................... 		}  
0091:  GOTO   06C
.................... }   
....................  
0092:  SLEEP

Configuration Fuses:
   Word  1: 3F2A   HS NOWDT NOPUT MCLR NOBROWNOUT NOLVP NOCPD NOWRT NODEBUG CCPB0 NOPROTECT
